Starting test setup. v3:keep mutating till victory then stop
Flame Lance
Effigy
Fallen Hero
Arcane Blast
Polymorph: Boar
Dalaran Aspirant
Spellslinger
Coldarra Drake
Rhonin
Ram Wrangler
Holy Champion
Spawn of Shadows
Power Word: Glory
Shadowfiend
Convert
Confuse
Twilight Guardian
Confessor Paletress
Dreadsteed
Fearsome Doomguard
Tiny Knight of Evil
Fist of Jaraxxus
Void Crusher
Demonfuse
Dark Bargain
Wrathguard
Wilfred Fizzlebang
Shado-Pan Rider
Buccaneer
Undercity Valiant
Cutpurse
Shady Dealer
Burgle
Poisoned Blade
Beneath the Grounds
Anub'arak
Living Roots
Darnassus Aspirant
Savage Combatant
Wildwalker
Knight of the Wild
Call of the Wild
Druid of the Saber
Astral Communion
Mulch
Aviana
Tuskarr Totemic
Draenei Totemcarver
Healing Wave
Thunder Bluff Valiant
Charged Hammer
Elemental Destruction
Totem Golem
Ancestral Knowledge
The Mistcaller
Flash Heal
Powershot
Stablemaster
King's Elekk
Brave Archer
Bear Trap
Lock and Load
Ball of Spiders
Acidmaw
Dreadscale
Bash
King's Defender
Orgrimmar Aspirant
Magnataur Alpha
Bolster
Sparring Partner
Skycap'n Kragg
Alexstrasza's Champion
Varian Wrynn
Competitive Spirit
Seal of Champions
Warhorse Trainer
Murloc Knight
Argent Lance
Enter the Coliseum
Mysterious Challenger
Garrison Commander
Eadric the Pure
Lowly Squire
Dragonhawk Rider
Lance Carrier
Maiden of the Lake
Saboteur
Argent Horserider
Mogor's Champion
Boneguard Lieutenant
Mukla's Champion
Tournament Medic
Ice Rager
Frigid Snobold
Flame Juggler
Silent Knight
Clockwork Knight
Tournament Attendee
Sideshow Spelleater
Kodorider
Silver Hand Regent
Pit Fighter
Captured Jormungar
North Sea Kraken
Tuskarr Jouster
Injured Kvaldir
Light's Champion
Armored Warhorse
Argent Watchman
Coliseum Manager
Refreshment Vendor
Master Jouster
Recruiter
Evil Heckler
Fencing Coach
Wyrmrest Agent
Master of Ceremonies
Grand Crusader
Kvaldir Raider
Frost Giant
Crowd Favorite
Gormok the Impaler
Chillmaw
Bolf Ramshield
Icehowl
Nexus-Champion Saraad
The Skeleton Knight
Fjola Lightbane
Sea Reaver
Eydis Darkbane
Justicar Trueheart
Gadgetzan Jouster
Solemn Vigil
Flamewaker
Dragon's Breath
Twilight Whelp
Demonwrath
Imp Gang Boss
Gang Up
Dark Iron Skulker
Volcanic Lumberer
Druid of the Flame
Lava Shock
Fireguard Destroyer
Quick Shot
Core Rager
Revenge
Axe Flinger
Resurrect
Dragon Consort
Grim Patron
Dragonkin Sorcerer
Dragon Egg
Drakonid Crusher
Volcanic Drake
Hungry Dragon
Majordomo Executus
Ragnaros the Firelord
Emperor Thaurissan
Rend Blackhand
Nefarian
Chromaggus
Blackwing Technician
Blackwing Corruptor
Baron Geddon
Onyxia
Raza the Chained
Freezing Potion
Wind-up Burglebot
Hidden Cache
Street Trickster
Red Mana Wyrm
Jinyu Waterspeaker
Grimestreet Protector
Kooky Chemist
Blubber Baron
Volcanic Potion
Kabal Lackey
Hozen Healer
Felfire Potion
Weasel Tunneler
Mistress of Mixtures
Public Defender
Smuggler's Run
Kun the Forgotten King
Call in the Finishers
Jade Chieftain
Finders Keepers
Alleycat
Rat Pack
Grimestreet Informant
White Eyes
Small-Time Buccaneer
Fight Promoter
Knuckles
Smuggler's Crate
Dispatch Kodo
Shaky Zipgunner
Piranha Launcher
Trogg Beastrager
Sergeant Sally
Luckydo Buccaneer
Jade Behemoth
Finja, the Flying Star
Jade Idol
Potion of Madness
Greater Healing Potion
Drakonid Operative
Mana Geode
Blastcrystal Potion
Fel Orc Soulfiend
Crystalweaver
Bloodfury Potion
Mark of the Lotus
Pilfered Power
Celestial Dreamer
Kabal Chemist
Potion of Polymorph
Kazakus
Greater Arcane Missiles
Kabal Talonpriest
Counterfeit Coin
Brass Knuckles
Lotus Assassin
Shadow Rager
Patches the Pirate
Grimestreet Enforcer
Hobart Grapplehammer
Backstreet Leper
Blowgill Sniper
Big-Time Racketeer
Kabal Courier
Grimscale Chum
Naga Corsair
Second-Rate Bruiser
Hired Gun
Friendly Bartender
Toxic Sewer Ooze
Streetwise Investigator
Kabal Songstealer
Backroom Bouncer
Gadgetzan Socialite
Manic Soulcaster
Pint-Size Potion
Dragonfire Potion
Kabal Trafficker
Worgen Greaser
Grook Fu Master
Bomb Squad
Doppelgangster
Burgly Bully
Mayor Noggenfogger
Cryomancer
Madam Goya
Don Han'Cho
Inkmaster Solia
Spiked Hogrider
Jade Shuriken
Jade Swarmer
Gadgetzan Ferryman
Shadow Sensei
Devolve
Lotus Illusionist
Seadevil Stinger
Jade Lightning
Jade Blossom
Jade Spirit
Sleep with the Fishes
Jade Claws
Krul the Unshackled
Abyssal Enforcer
Stolen Goods
Grimestreet Outfitter
Grimy Gadgeteer
Grimestreet Pawnbroker
Alley Armorsmith
Meanstreet Marshal
Kabal Crystal Runner
Shaku, the Collector
Dirty Rat
Getaway Kodo
Wrathion
Auctionmaster Beardo
Genzo, the Shark
Tanaris Hogchopper
Leatherclad Hogleader
Lunar Visions
Wickerflame Burnbristle
Virmen Sensei
Daring Reporter
Lotus Agents
Grimestreet Smuggler
Ancient of Blossoms
Defias Cleaner
Unlicensed Apothecary
Aya Blackpaw
Small-Time Recruits
I Know a Guy
Goldshire Footman
Fen Creeper
Holy Nova
Mind Control
Inner Fire
Holy Smite
Mind Vision
Power Word: Shield
Claw
Healing Touch
Moonfire
Mark of the Wild
Savage Roar
Swipe
Wild Growth
Polymorph
Arcane Intellect
Frostbolt
Arcane Explosion
Frost Nova
Mirror Image
Blizzard
Fireball
Ice Lance
Flamestrike
Water Elemental
Frost Shock
Ancestral Spirit
Windfury
Ancestral Healing
Fire Elemental
Rockbiter Weapon
Bloodlust
Far Sight
Shadow Bolt
Blood Imp
Drain Life
Hellfire
Corruption
Dread Infernal
Voidwalker
Backstab
Cold Blood
Deadly Poison
Sinister Strike
Assassinate
Sprint
Assassin's Blade
Hunter's Mark
Blessing of Might
Guardian of Kings
Holy Light
Light's Justice
Blessing of Kings
Consecration
Hammer of Wrath
Truesilver Champion
Charge
Rampage
Heroic Strike
Fiery War Axe
Execute
Arcanite Reaper
Cleave
Earthen Ring Farseer
Magma Rager
Oasis Snapjaw
River Crocolisk
Frostwolf Grunt
Raid Leader
Wolfrider
Ironfur Grizzly
Silverback Patriarch
Stormwind Knight
Ironforge Rifleman
Kobold Geomancer
Southsea Deckhand
Gnomish Inventor
Stormpike Commando
Silver Hand Knight
Archmage
Ravenholdt Assassin
Lord of the Arena
Murloc Raider
Young Dragonhawk
Stonetusk Boar
Bloodfen Raptor
Bluegill Warrior
Sen'jin Shieldmasta
Injured Blademaster
Chillwind Yeti
War Golem
Booty Bay Bodyguard
Abusive Sergeant
Elven Archer
Razorfen Hunter
Ogre Magi
Boulderfist Ogre
Core Hound
Ironbeak Owl
Reckless Rocketeer
Spiteful Smith
Stormwind Champion
Frostwolf Warlord
Venture Co. Mercenary
Wisp
Ironbark Protector
Blade Flurry
Shadow Word: Pain
Northshire Cleric
Divine Spirit
Starving Buzzard
Darkscale Healer
Houndmaster
Timber Wolf
Tundra Rhino
Multi-Shot
Tracking
Arcane Shot
Gladiator's Longbow
Mind Blast
Lightwarden
The Black Knight
Young Priestess
Big Game Hunter
Alarm-o-Bot
Acolyte of Pain
Argent Squire
Angry Chicken
Worgen Infiltrator
Voodoo Doctor
Bloodmage Thalnos
King Mukla
Novice Engineer
Sylvanas Windrunner
Jungle Panther
Shattered Sun Cleric
Scarlet Crusader
Thrallmar Farseer
Silvermoon Guardian
Dragonling Mechanic
Stranglethorn Tiger
Leper Gnome
Sunwalker
Windfury Harpy
Twilight Drake
Questing Adventurer
Ancient Watcher
Dark Iron Dwarf
Spellbreaker
Youthful Brewmaster
Coldlight Oracle
Mana Addict
Ancient Brewmaster
Sunfury Protector
Crazed Alchemist
Old Murk-Eye
Acidic Swamp Ooze
Argent Commander
Pint-Sized Summoner
Secretkeeper
Mad Bomber
Tinkmaster Overspark
Warsong Commander
Mind Control Tech
Arcane Golem
Cabal Shadow Priest
Defender of Argus
Gadgetzan Auctioneer
Loot Hoarder
Abomination
Lorewalker Cho
Demolisher
Coldlight Seer
Mountain Giant
Cairne Bloodhoof
Gelbin Mekkatorque
Leeroy Jenkins
Eviscerate
Betrayal
Conceal
Fan of Knives
Noble Sacrifice
Defias Ringleader
Eye for an Eye
Perdition's Blade
SI:7 Agent
Redemption
Headcrack
Shadowstep
Preparation
Wrath
Mark of Nature
Soul of the Forest
Power of the Wild
Naturalize
Dire Wolf Alpha
Nourish
Druid of the Claw
Keeper of the Grove
Innervate
Emperor Cobra
Starfire
Ancient of War
Lightning Bolt
Lava Burst
Dust Devil
Totemic Might
Earth Shock
Hex
Stormforged Axe
Feral Spirit
Earth Elemental
Forked Lightning
Unbound Elemental
Lightning Storm
Ethereal Arcanist
Cone of Cold
Arcane Missiles
Shiv
Pyroblast
Frost Elemental
Azure Drake
Counterspell
Ice Barrier
Mirror Entity
Ice Block
Felguard
Mortal Coil
Shadowflame
Void Terror
Succubus
Soulfire
Siphon Soul
Doomguard
Twisting Nether
Pit Lord
Summoning Portal
Power Overwhelming
Sense Demons
Flame Imp
Bane of Doom
Lord Jaraxxus
Silence
Shadow Madness
Lightspawn
Thoughtsteal
Lightwell
Mindgames
Divine Favor
Prophet Velen
Lay on Hands
Blessed Champion
Humility
Argent Protector
Blessing of Wisdom
Holy Wrath
Sword of Justice
Hand of Protection
Repentance
Aldor Peacekeeper
Tirion Fordring
Avenging Wrath
Tauren Warrior
Slam
Battle Rage
Amani Berserker
Mogu'shan Warden
Arathi Weaponsmith
Gurubashi Berserker
Whirlwind
Armorsmith
Shieldbearer
Brawl
Mortal Strike
Upgrade!
Shield Slam
Gorehowl
Raging Worgen
Grommash Hellscream
Murloc Tidehunter
Murloc Warleader
Grimscale Oracle
Murloc Tidecaller
Patient Assassin
Scavenging Hyena
Misdirection
Savannah Highmane
Eaglehorn Bow
Explosive Shot
Unleash the Hounds
Kill Command
King Krush
Flare
Bestial Wrath
Snake Trap
Harvest Golem
Nat Pagle
Harrison Jones
Archmage Antonidas
Nozdormu
Alexstrasza
Malygos
Faceless Manipulator
Flametongue Totem
Doomhammer
Bite
Force of Nature
Ysera
Cenarius
Mana Tide Totem
The Beast
Savagery
Sap
Dalaran Mage
Priestess of Elune
Ancient Mage
Sea Giant
Windspeaker
Blood Knight
Auchenai Soulpriest
Nightblade
Vaporize
Cult Master
Demonfire
Imp Master
Cruel Taskmaster
Frothing Berserker
Shield Block
Inner Rage
Sorcerer's Apprentice
Snipe
Explosive Trap
Freezing Trap
Kirin Tor Mage
Edwin VanCleef
Illidan Stormrage
Mana Wraith
Deadly Shot
Equality
Molten Giant
Circle of Healing
Shadow Word: Death
Temple Enforcer
Holy Fire
Shadowform
Mass Dispel
Blood-Queen Lana'thel
Professor Putricide
Sindragosa
Zombie Chow
Haunted Creeper
Echoing Ooze
Mad Scientist
Shade of Naxxramas
Nerubian Egg
Spectral Knight
Deathlord
Maexxna
Webspinner
Sludge Belcher
Kel'Thuzad
Stalagg
Feugen
Wailing Soul
Nerub'ar Weblord
Duplicate
Poison Seeds
Avenge
Death's Bite
Voidcaller
Dark Cultist
Unstable Ghoul
Reincarnate
Anub'ar Ambusher
Stoneskin Gargoyle
Undertaker
Dancing Swords
Loatheb
Baron Rivendare
Flamecannon
Snowchugger
Unstable Portal
Goblin Blastmage
Echo of Medivh
Mechwarper
Flame Leviathan
Lightbomb
Shadowbomber
Velen's Chosen
Shrinkmeister
Light of the Naaru
Cogmaster
Vol'jin
Darkbomb
Fel Reaver
Call Pet
Mistress of Pain
Demonheart
Fel Cannon
Mal'Ganis
Tinker's Sharpsword Oil
Goblin Auto-Barber
Cogmaster's Wrench
One-eyed Cheat
Feign Death
Iron Sensei
Trade Prince Gallywix
Ancestor's Call
Anodized Robo Cub
Recycle
Grove Tender
Tree of Life
Mech-Bear-Cat
Malorne
Powermace
Whirling Zap-o-matic
Crackle
Vitality Totem
Siltfin Spiritwalker
Dark Wispers
Neptulon
Glaivezooka
Spider Tank
Imp-losion
King of Beasts
Sabotage
Metaltooth Leaper
Gahz'rilla
Bouncing Blade
Warbot
Crush
Shieldmaiden
Ogre Warmaul
Screwjank Clunker
Iron Juggernaut
Seal of Light
Shielded Minibot
Coghammer
Quartermaster
Muster for Battle
Cobalt Guardian
Bolvar Fordragon
Puddlestomper
Ogre Brute
Dunemaul Shaman
Stonesplinter Trogg
Burly Rockjaw Trogg
Antique Healbot
Salty Dog
Lost Tallstrider
Shadowboxer
Cobra Shot
Kezan Mystic
Ship's Cannon
Explosive Sheep
Anima Golem
Mechanical Yeti
Force-Tank MAX
Druid of the Fang
Gilblin Stalker
Clockwork Gnome
Upgraded Repair Bot
Flying Machine
Annoy-o-Tron
Siege Engine
Steamwheedle Sniper
Ogre Ninja
Illuminator
Madder Bomber
Arcane Nullifier X-21
Gnomish Experimenter
Target Dummy
Jeeves
Goblin Sapper
Piloted Shredder
Lil' Exorcist
Gnomeregan Infantry
Bomb Lobber
Floating Watcher
Scarlet Purifier
Tinkertown Technician
Micro Machine
Hobgoblin
Piloted Sky Golem
Junkbot
Enhance-o Mechano
Recombobulator
Mini-Mage
Dr. Boom
Mimiron's Head
Mogor the Ogre
Foe Reaper 4000
Sneed's Old Shredder
Toshley
Mekgineer Thermaplugg
Gazlowe
Troggzor the Earthinator
Blingtron 3000
Hemet Nesingwary
Clockwork Giant
Wee Spellstopper
Soot Spewer
Garrosh Hellscream
Magni Bronzebeard
Thrall
Morgl the Oracle
Valeera Sanguinar
Maiev Shadowsong
Uther Lightbringer
Lady Liadrin
Prince Arthas
Rexxar
Alleria Windrunner
Malfurion Stormrage
Gul'dan
Jaina Proudmoore
Medivh
Khadgar
Anduin Wrynn
Tyrande Whisperwind
Phantom Freebooter
Skelemancer
Exploding Bloatbat
Snowflipper Penguin
Rattling Rascal
Grim Necromancer
Bone Drake
Sunborne Val'kyr
Cobalt Scalebane
Night Howler
Venomancer
Arrogant Crusader
Righteous Protector
Dark Conviction
Defile
Fatespinner
Toxic Arrow
Webweave
Druid of the Swarm
Play Dead
Spreading Plague
Drain Soul
Cryostasis
Brrrloc
Mountainfire Armor
Blood Razor
Bone Baron
Vryghoul
Ice Walker
Ghastly Conjurer
Light's Sorrow
Despicable Dreadlord
Avalanche
Gnash
Drakkari Defender
Frozen Clone
Doomed Apprentice
Ultimate Infestation
Glacial Mysteries
Voodoo Hexxer
Ice Fishing
Snowfury Giant
Dead Man's Hand
Acherus Veteran
Tuskarr Fisherman
Fallen Sun Cleric
Furnacefire Colossus
Grave Shambler
Tomb Lurker
Ticking Abomination
Venomstrike Trap
Roll the Bones
Treachery
Devour Mind
Shadow Ascendant
Acolyte of Agony
Eternal Servitude
Obsidian Statue
Archbishop Benedictus
Howlfiend
Deadscale Knight
Leeching Poison
Doomerang
Shadow Essence
Ice Breaker
Animated Berserker
Runeforge Haunter
Corpse Widow
Desperate Stand
Blackguard
Coldwraith
Corpse Raiser
Forge of Souls
Moorabi
The Lich King
Rotface
Gnomeferatu
Val'kyr Soulclaimer
Stitched Tracker
Bearshark
Death Revenant
Saronite Chain Gang
Deathspeaker
Wretched Tiller
Unwilling Sacrifice
Thrall, Deathseer
Happy Ghoul
Skulking Geist
Shallow Gravedigger
Bonemare
Nerubian Unraveler
Howling Commander
Spirit Lash
Strongshell Scavenger
Crypt Lord
Plague Scientist
Deathaxe Punisher
Lilian Voss
Meat Wagon
Chillblade Champion
Simulacrum
Abominable Bowman
Valeera the Hollow
Deathstalker Rexxar
Stubborn Gastropod
Giant Wasp
Uther of the Ebon Blade
Shadowreaper Anduin
Bloodreaver Gul'dan
Malfurion the Pestilent
Frost Lich Jaina
Scourgelord Garrosh
Hadronox
Breath of Sindragosa
Bring It On!
Embrace Darkness
Shadowblade
Prince Keleseth
Prince Taldaram
Prince Valanar
Arfus
Hyldnir Frostrider
Spellweaver
Bolvar, Fireblood
Necrotic Geist
Drakkari Enchanter
Mindbreaker
Sanguine Reveler
Wicked Skeleton
Bloodworm
Spectral Pillager
Keening Banshee
Corpsetaker
Tainted Zealot
Cat Trick
Kindly Grandmother
Cloaked Huntress
Babbling Book
Nightbane Templar
Pompous Thespian
Purify
Wicked Witchdoctor
Kara Kazham!
Protect the King!
Fool's Bane
Runic Egg
Pantry Spider
Book Wyrm
Priest of the Feast
Arcane Anomaly
Avian Watcher
Moat Lurker
Moroes
Ivory Knight
The Curator
Netherspite Historian
Spirit Claws
Menagerie Warden
Swashburglar
Ethereal Peddler
Maelstrom Portal
Moonglade Portal
Firelands Portal
Silvermoon Portal
Malchezaar's Imp
Ironforge Portal
Medivh's Valet
Deadly Fork
Zoobot
Prince Malchezaar
Medivh, the Guardian
Barnes
Onyx Bishop
Silverware Golem
Enchanted Raven
Menagerie Magician
Arcanosmith
Arcane Giant
Violet Illusionist
Forgotten Torch
Ethereal Conjurer
Museum Curator
Curse of Rafaam
Obsidian Destroyer
Pit Snake
Reno Jackson
Tomb Pillager
Rumbling Elemental
Keeper of Uldaman
Tunnel Trogg
Unearthed Raptor
Desert Camel
Dart Trap
Fierce Monkey
Dark Peddler
Anyfin Can Happen
Sacred Trial
Jeweled Scarab
Naga Sea Witch
Gorillabot A-3
Huge Toad
Tomb Spider
Mounted Raptor
Jungle Moonkin
Djinni of Zephyrs
Anubisath Sentinel
Fossilized Devilsaur
Sir Finley Mrrgglton
Brann Bronzebeard
Elise Starseeker
Summoning Stone
Wobbling Runts
Arch-Thief Rafaam
Entomb
Explorer's Hat
Eerie Statue
Ancient Shade
Excavated Evil
Everyfin is Awesome
Raven Idol
Reliquary Seeker
Cursed Blade
Animated Armor
Murloc Tinyfin
Sacrificial Pact
Vanish
Kidnapper
Starfall
Ancient of Lore
Al'Akir the Windlord
Kor'kron Elite
Mana Wyrm
Master of Disguise
Captain's Parrot
Hungry Crab
Bloodsail Raider
Knife Juggler
Wild Pyromancer
Doomsayer
Dread Corsair
Faerie Dragon
Captain Greenskin
Bloodsail Corsair
Violet Teacher
Southsea Captain
Millhouse Manastorm
Deathwing
Animal Companion
Commanding Shout
Master Swordsmith
Gruul
Hogger
Stampeding Kodo
Vilefin Inquisitor
Primal Fusion
Flamewreathed Faceless
Eternal Sentinel
Evolve
Thing from Below
Hammer of Twilight
Tentacles for Arms
Silithid Swarmer
Y'Shaarj, Rage Unbound
Fandral Staghelm
Infest
Feral Rage
Mark of Y'Shaarj
Forbidden Ancient
On the Hunt
Bladed Cultist
Journey Below
Thistle Tea
Xaril, Poisoned Mind
Shatter
Evolved Kobold
Twilight Flamecaller
Demented Frostcaller
Forbidden Flame
Servant of Yogg-Saron
Cabalist's Tome
Power Word: Tentacles
Twilight Darkmender
Shadow Word: Horror
Forbidden Shaping
Darkspeaker
Embrace the Shadow
Darkshire Librarian
Darkshire Councilman
Forbidden Ritual
Spreading Madness
Renounce Darkness
Anomalus
Cho'gall
Mukla, Tyrant of the Vale
Shifter Zerus
Twin Emperor Vek'lor
N'Zoth, the Corruptor
Yogg-Saron, Hope's End
Nerubian Prophet
Faceless Behemoth
Eldritch Horror
Psych-o-Tron
Corrupted Healbot
Ravaging Ghoul
Aberrant Berserker
Tentacle of N'Zoth
Grotesque Dragonhawk
Bog Creeper
Bilefin Tidehunter
Zealous Initiate
Corrupted Seer
Disciple of C'Thun
Blood of The Ancient One
Faceless Shambler
Shadow Strike
Fiery Bat
Klaxxi Amber-Weaver
Wisps of the Old Gods
Forbidden Healing
Validated Doomsayer
Mire Keeper
Stormcrack
Faceless Summoner
Hallazeal the Ascended
Infested Wolf
Bloodhoof Brave
Malkorok
Selfless Hero
Rallying Blade
Divine Strength
Ragnaros, Lightlord
Darkshire Alchemist
DOOM!
Possessed Villager
Twisted Worgen
Am'gam Rager
Infested Tauren
Eater of Secrets
Doomcaller
Spawn of N'Zoth
Southsea Squidface
Scaled Nightmare
Twilight Summoner
Stand Against Darkness
Blood Warriors
C'Thun
Beckoner of Evil
Blade of C'Thun
C'Thun's Chosen
Twilight Geomancer
Twilight Elder
Ancient Harbinger
Shadowcaster
Forlorn Stalker
Dark Arakkoa
Cult Apothecary
The Boogeymonster
Ancient Shieldbearer
Usher of Souls
Cult Sorcerer
Giant Sand Worm
Princess Huhuran
Steward of Darkshire
A Light in the Darkness
N'Zoth's First Mate
Addled Grizzly
Blood To Ichor
Bloodsail Cultist
Herald Volazj
Deathwing, Dragonlord
Hogger, Doom of Elwynn
Midnight Drake
Crazed Worshipper
Blackwater Pirate
Polluted Hoarder
Carrion Grub
Duskboar
Squirming Tentacle
Master of Evolution
Undercity Huckster
Hooded Acolyte
Shifting Shade
Cyclopian Horror
Nat, the Darkfisher
Skeram Cultist
Soggoth the Slitherer
Elite Tauren Chieftain
Stampede
Flesheating Ghoul
Spellbender
Pterrordax Hatchling
Volcanosaur
Dinosize
Ravasaur Runt
Sated Threshadon
Hydrologist
Sunkeeper Tarim
Flame Geyser
Air Elemental
Arcanologist
Steam Surger
Mirage Caller
Mana Bind
Volcano
Pyros
Open the Waygate
Shadow Visions
Binding Heal
Crystalline Oracle
Radiant Elemental
Curious Glimmerroot
Tortollan Shellraiser
Ravenous Pterrordax
Tar Lurker
Razorpetal Volley
Razorpetal Lasher
Mimic Pod
Obsidian Shard
Biteweed
Vilespine Slayer
Sherazin, Corpse Flower
The Caverns Below
Tol'vir Stoneshaper
Giant Mastodon
Stonehill Defender
Rockpool Hunter
Vicious Fledgling
Eggnapper
Tortollan Forager
Frozen Crusher
Thunder Lizard
Devilsaur Egg
Fire Plume Phoenix
Emerald Hive Queen
Giant Anaconda
Bittertide Hydra
Tortollan Primalist
Gentle Megasaur
Charged Devilsaur
Verdant Longneck
Shellshifter
Evolving Spores
Earthen Scales
Elder Longneck
Living Mana
Bright-Eyed Scout
Jungle Giants
Primalfin Totem
Fire Plume Harbinger
Glacial Shard
Stone Sentinel
Kalimos, Primal Lord
Terrorscale Stalker
Nesting Roc
Emerald Reaver
Ultrasaur
Golakka Crawler
Fire Fly
Stegodon
Sabretooth Stalker
Stormwatcher
Servant of Kalimos
Tidal Surge
Volatile Elemental
Envenom Weapon
Lakkari Sacrifice
Cruel Dinomancer
Corrupting Mist
Bloodbloom
Lakkari Felhound
Feeding Time
Chittering Tunneler
Clutchmother Zavas
Tar Lord
Hemet, Jungle Hunter
The Voraxx
Humongous Razorleaf
Igneous Elemental
Shimmering Tempest
Blazecaller
Primordial Drake
Elise the Trailblazer
Tyrantus
Free From Amber
Hallucination
Spiritsinger Umbra
Ozruk
Grievous Bite
Jeweled Macaw
Tol'vir Warden
Raptor Hatchling
Crackling Razormaw
Dinomancy
Swamp King Dred
The Marsh Queen
Explore Un'Goro
Iron Hide
Ornery Direhorn
Cornered Sentry
Sudden Genesis
Tar Creeper
Molten Blade
King Mosh
Fire Plume's Heart
Primalfin Lookout
Hot Spring Guardian
Awaken the Makers
Primordial Glyph
Unite the Murlocs
Gluttonous Ooze
Molten Reflection
Vinecleaver
Spikeridged Steed
Primalfin Champion
The Last Kaleidosaur
Meteor
Spirit Echo
Direhorn Hatchling
Lost in the Jungle
Adaptation
Lightfused Stegodon
Lyra the Sunshard
Count:30
Player1: Mulligan 
Player2: Mulligan 65
Player1: Mulligan 27
Player2: Mulligan 57,67
Player1: Mulligan 11,23
Player2: Mulligan 52
here:0
Player1: PLAYING / Player2: PLAYING - ROUND 1 - FitzVonGerald
Hero[P1]: 30 / Hero[P2]: 30

* Calculating solutions *** Player 1 ***
here:0
Player1: PLAYING / Player2: PLAYING - ROUND 1 - FitzVonGerald
Hero[P1]: 30 / Hero[P2]: 30

* Calculating solutions *** Player 1 ***
here:0
Player1: PLAYING / Player2: PLAYING - ROUND 1 - FitzVonGerald
Hero[P1]: 30 / Hero[P2]: 30

* Calculating solutions *** Player 1 ***
Depth: 1 --> 0/1 options! [SOLUTIONS:1]
Depth: 1 --> 0/1 options! [SOLUTIONS:1]
- Player 1 - <FitzVonGerald> ---------------------------
EndTurnTask => [FitzVonGerald]
- Player 2 - <RehHausZuckFuchs> ---------------------------
* Calculating solutions *** Player 2 ***
- Player 1 - <FitzVonGerald> ---------------------------
EndTurnTask => [FitzVonGerald]
- Player 2 - <RehHausZuckFuchs> ---------------------------
* Calculating solutions *** Player 2 ***
Depth: 1 --> 1/2 options! [SOLUTIONS:1]
Depth: 2 --> 0/1 options! [SOLUTIONS:2]
- Player 1 - <FitzVonGerald> ---------------------------
EndTurnTask => [FitzVonGerald]
- Player 2 - <RehHausZuckFuchs> ---------------------------
* Calculating solutions *** Player 2 ***
Depth: 1 --> 1/2 options! [SOLUTIONS:1]
Depth: 1 --> 2/3 options! [SOLUTIONS:1]
Depth: 1 --> 2/3 options! [SOLUTIONS:1]
Depth: 2 --> 4/6 options! [SOLUTIONS:3]
Depth: 2 --> 2/3 options! [SOLUTIONS:2]
Depth: 3 --> 0/2 options! [SOLUTIONS:4]
- Player 2 - <RehHausZuckFuchs> ---------------------------
PlayCardTask => [RehHausZuckFuchs] play 'The Coin[70]'(SPELL)
PlayCardTask => [RehHausZuckFuchs] play 'Bloodmage Thalnos[64]'(MINION) to Pos[0]
EndTurnTask => [RehHausZuckFuchs]
here:0
Player1: PLAYING / Player2: PLAYING - ROUND 2 - FitzVonGerald
Hero[P1]: 30 / Hero[P2]: 30

* Calculating solutions *** Player 1 ***
Depth: 1 --> 1/2 options! [SOLUTIONS:1]
Depth: 2 --> 0/1 options! [SOLUTIONS:2]
- Player 1 - <FitzVonGerald> ---------------------------
EndTurnTask => [FitzVonGerald]
- Player 2 - <RehHausZuckFuchs> ---------------------------
* Calculating solutions *** Player 2 ***
Depth: 3 --> 1/5 options! [SOLUTIONS:7]
Depth: 4 --> 0/1 options! [SOLUTIONS:8]
- Player 2 - <RehHausZuckFuchs> ---------------------------
PlayCardTask => [RehHausZuckFuchs] play 'Tunnel Trogg[40]'(MINION) to Pos[0]
EndTurnTask => [RehHausZuckFuchs]
here:0
Player1: PLAYING / Player2: PLAYING - ROUND 2 - FitzVonGerald
Hero[P1]: 30 / Hero[P2]: 30

* Calculating solutions *** Player 1 ***
Depth: 2 --> 6/8 options! [SOLUTIONS:3]
Depth: 1 --> 3/4 options! [SOLUTIONS:1]
Depth: 2 --> 0/3 options! [SOLUTIONS:4]
- Player 1 - <FitzVonGerald> ---------------------------
PlayCardTask => [FitzVonGerald] play 'Pompous Thespian[16]'(MINION) to Pos[0]
EndTurnTask => [FitzVonGerald]
- Player 2 - <RehHausZuckFuchs> ---------------------------
* Calculating solutions *** Player 2 ***
Depth: 1 --> 4/5 options! [SOLUTIONS:1]
Depth: 3 --> 2/8 options! [SOLUTIONS:9]
Depth: 1 --> 4/5 options! [SOLUTIONS:1]
Depth: 4 --> 0/2 options! [SOLUTIONS:11]
- Player 2 - <RehHausZuckFuchs> ---------------------------
PlayCardTask => [RehHausZuckFuchs] play 'Patches the Pirate[61]'(MINION) to Pos[0]
MinionAttackTask => [RehHausZuckFuchs] 'Patches the Pirate[61]'(MINION) attack 'Garrosh Hellscream[4]'
EndTurnTask => [RehHausZuckFuchs]
here:0
Player1: PLAYING / Player2: PLAYING - ROUND 2 - FitzVonGerald
Hero[P1]: 29 / Hero[P2]: 30

* Calculating solutions *** Player 1 ***
Depth: 1 --> 1/2 options! [SOLUTIONS:1]
Depth: 2 --> 6/10 options! [SOLUTIONS:5]
Depth: 2 --> 0/1 options! [SOLUTIONS:2]
- Player 1 - <FitzVonGerald> ---------------------------
EndTurnTask => [FitzVonGerald]
- Player 2 - <RehHausZuckFuchs> ---------------------------
* Calculating solutions *** Player 2 ***
Depth: 2 --> 9/13 options! [SOLUTIONS:5]
Depth: 1 --> 8/9 options! [SOLUTIONS:1]
Depth: 3 --> 2/8 options! [SOLUTIONS:11]
Depth: 4 --> 0/2 options! [SOLUTIONS:13]
- Player 2 - <RehHausZuckFuchs> ---------------------------
PlayCardTask => [RehHausZuckFuchs] play 'Patches the Pirate[61]'(MINION) to Pos[0]
MinionAttackTask => [RehHausZuckFuchs] 'Patches the Pirate[61]'(MINION) attack 'Garrosh Hellscream[4]'
MinionAttackTask => [RehHausZuckFuchs] 'Bloodmage Thalnos[64]'(MINION) attack 'Garrosh Hellscream[4]'
EndTurnTask => [RehHausZuckFuchs]
here:0
Player1: PLAYING / Player2: PLAYING - ROUND 3 - FitzVonGerald
Hero[P1]: 28 / Hero[P2]: 30

* Calculating solutions *** Player 1 ***
Depth: 3 --> 11/20 options! [SOLUTIONS:14]
Depth: 1 --> 9/10 options! [SOLUTIONS:1]
Depth: 2 --> 21/29 options! [SOLUTIONS:9]
Depth: 2 --> 7/16 options! [SOLUTIONS:10]
Depth: 4 --> 6/17 options! [SOLUTIONS:25]
Depth: 5 --> 0/6 options! [SOLUTIONS:31]
- Player 2 - <RehHausZuckFuchs> ---------------------------
PlayCardTask => [RehHausZuckFuchs] play 'Jade Claws[55]'(WEAPON)
HeroAttackTask => [RehHausZuckFuchs] 'Thrall[6]' attacks 'Pompous Thespian[16]'
Depth: 3 --> 0/7 options! [SOLUTIONS:17]
- Player 1 - <FitzVonGerald> ---------------------------
PlayCardTask => [FitzVonGerald] play 'Soulfire[30]'(SPELL) 'Thrall[6]'
EndTurnTask => [FitzVonGerald]
- Player 2 - <RehHausZuckFuchs> ---------------------------
* Calculating solutions *** Player 2 ***
MinionAttackTask => [RehHausZuckFuchs] 'Tunnel Trogg[40]'(MINION) attack 'Garrosh Hellscream[4]'
EndTurnTask => [RehHausZuckFuchs]
here:0
Player1: PLAYING / Player2: PLAYING - ROUND 3 - FitzVonGerald
Hero[P1]: 28 / Hero[P2]: 27

* Calculating solutions *** Player 1 ***
Depth: 1 --> 3/4 options! [SOLUTIONS:1]
Depth: 2 --> 5/8 options! [SOLUTIONS:4]
Depth: 3 --> 3/8 options! [SOLUTIONS:9]
Depth: 1 --> 7/8 options! [SOLUTIONS:1]
Depth: 4 --> 0/3 options! [SOLUTIONS:12]
- Player 2 - <RehHausZuckFuchs> ---------------------------
MinionAttackTask => [RehHausZuckFuchs] 'Patches the Pirate[61]'(MINION) attack 'Garrosh Hellscream[4]'
MinionAttackTask => [RehHausZuckFuchs] 'Bloodmage Thalnos[64]'(MINION) attack 'Garrosh Hellscream[4]'
HeroPowerTask => [RehHausZuckFuchs] using 'Totemic Call[7]'
EndTurnTask => [RehHausZuckFuchs]
here:0
Player1: PLAYING / Player2: PLAYING - ROUND 4 - FitzVonGerald
Hero[P1]: 26 / Hero[P2]: 26

* Calculating solutions *** Player 1 ***
Depth: 1 --> 8/9 options! [SOLUTIONS:1]
Depth: 2 --> 5/12 options! [SOLUTIONS:8]
Depth: 3 --> 0/5 options! [SOLUTIONS:13]
- Player 1 - <FitzVonGerald> ---------------------------
PlayCardTask => [FitzVonGerald] play 'Earthen Ring Farseer[33]'(MINION) 'Garrosh Hellscream[4]' to Pos[0]
EndTurnTask => [FitzVonGerald]
- Player 2 - <RehHausZuckFuchs> ---------------------------
* Calculating solutions *** Player 2 ***
Depth: 1 --> 9/10 options! [SOLUTIONS:1]
Depth: 2 --> 1/9 options! [SOLUTIONS:9]
Depth: 3 --> 0/1 options! [SOLUTIONS:10]
- Player 1 - <FitzVonGerald> ---------------------------
PlayCardTask => [FitzVonGerald] play 'Bash[32]'(SPELL) 'Thrall[6]'
EndTurnTask => [FitzVonGerald]
- Player 2 - <RehHausZuckFuchs> ---------------------------
* Calculating solutions *** Player 2 ***
Depth: 1 --> 15/16 options! [SOLUTIONS:1]
Depth: 3 --> 44/65 options! [SOLUTIONS:30]
Depth: 2 --> 43/52 options! [SOLUTIONS:10]
Depth: 2 --> 44/59 options! [SOLUTIONS:16]
Depth: 4 --> 44/88 options! [SOLUTIONS:74]
Depth: 5 --> 0/44 options! [SOLUTIONS:118]
- Player 2 - <RehHausZuckFuchs> ---------------------------
PlayCardTask => [RehHausZuckFuchs] play 'Maelstrom Portal[48]'(SPELL)
PlayCardTask => [RehHausZuckFuchs] play 'The Coin[70]'(SPELL)
PlayCardTask => [RehHausZuckFuchs] play 'Small-Time Buccaneer[62]'(MINION) to Pos[0]
MinionAttackTask => [RehHausZuckFuchs] 'Patches the Pirate[61]'(MINION) attack 'Garrosh Hellscream[4]'
EndTurnTask => [RehHausZuckFuchs]
here:0
Player1: PLAYING / Player2: PLAYING - ROUND 3 - FitzVonGerald
Hero[P1]: 28 / Hero[P2]: 30

* Calculating solutions *** Player 1 ***
Depth: 1 --> 4/5 options! [SOLUTIONS:1]
Depth: 2 --> 3/7 options! [SOLUTIONS:5]
Depth: 3 --> 0/3 options! [SOLUTIONS:8]
- Player 1 - <FitzVonGerald> ---------------------------
PlayCardTask => [FitzVonGerald] play 'Earthen Ring Farseer[33]'(MINION) 'Garrosh Hellscream[4]' to Pos[0]
EndTurnTask => [FitzVonGerald]
- Player 2 - <RehHausZuckFuchs> ---------------------------
* Calculating solutions *** Player 2 ***
Depth: 3 --> 70/114 options! [SOLUTIONS:60]
Depth: 1 --> 17/18 options! [SOLUTIONS:1]
Depth: 3 --> 119/162 options! [SOLUTIONS:53]
Depth: 4 --> 62/132 options! [SOLUTIONS:130]
Depth: 2 --> 138/155 options! [SOLUTIONS:18]
Depth: 5 --> 16/78 options! [SOLUTIONS:192]
Depth: 6 --> 0/16 options! [SOLUTIONS:208]
- Player 2 - <RehHausZuckFuchs> ---------------------------
PlayCardTask => [RehHausZuckFuchs] play 'Flametongue Totem[59]'(MINION) to Pos[1]
MinionAttackTask => [RehHausZuckFuchs] 'Patches the Pirate[61]'(MINION) attack 'Garrosh Hellscream[4]'
HeroPowerTask => [RehHausZuckFuchs] using 'Totemic Call[7]'
MinionAttackTask => [RehHausZuckFuchs] 'Bloodmage Thalnos[64]'(MINION) attack 'Garrosh Hellscream[4]'
EndTurnTask => [RehHausZuckFuchs]
here:0
Player1: PLAYING / Player2: PLAYING - ROUND 5 - FitzVonGerald
Hero[P1]: 23 / Hero[P2]: 23

* Calculating solutions *** Player 1 ***
Depth: 1 --> 9/10 options! [SOLUTIONS:1]
Depth: 2 --> 17/26 options! [SOLUTIONS:10]
Depth: 3 --> 5/22 options! [SOLUTIONS:27]
Depth: 4 --> 0/5 options! [SOLUTIONS:32]
- Player 1 - <FitzVonGerald> ---------------------------
PlayCardTask => [FitzVonGerald] play 'Sherazin, Corpse Flower[11]'(MINION) to Pos[0]
EndTurnTask => [FitzVonGerald]
- Player 2 - <RehHausZuckFuchs> ---------------------------
* Calculating solutions *** Player 2 ***
Depth: 1 --> 31/32 options! [SOLUTIONS:1]
Depth: 4 --> 167/286 options! [SOLUTIONS:172]
Depth: 2 --> 151/182 options! [SOLUTIONS:32]
Depth: 5 --> 91/258 options! [SOLUTIONS:339]
Depth: 6 --> 0/91 options! [SOLUTIONS:430]
- Player 2 - <RehHausZuckFuchs> ---------------------------
PlayCardTask => [RehHausZuckFuchs] play 'The Coin[70]'(SPELL)
MinionAttackTask => [RehHausZuckFuchs] 'Tunnel Trogg[40]'(MINION) attack 'Garrosh Hellscream[4]'
MinionAttackTask => [RehHausZuckFuchs] 'Jade Golem[71]'(MINION) attack 'Earthen Ring Farseer[33]'
HeroPowerTask => [RehHausZuckFuchs] using 'Totemic Call[7]'
HeroAttackTask => [RehHausZuckFuchs] 'Thrall[6]' attacks 'Earthen Ring Farseer[33]'
EndTurnTask => [RehHausZuckFuchs]
here:0
Player1: PLAYING / Player2: PLAYING - ROUND 4 - FitzVonGerald
Hero[P1]: 28 / Hero[P2]: 24

* Calculating solutions *** Player 1 ***
Depth: 1 --> 8/9 options! [SOLUTIONS:1]
Depth: 2 --> 5/13 options! [SOLUTIONS:9]
Depth: 3 --> 2/7 options! [SOLUTIONS:14]
Depth: 4 --> 0/2 options! [SOLUTIONS:16]
- Player 1 - <FitzVonGerald> ---------------------------
PlayCardTask => [FitzVonGerald] play 'Hammer of Wrath[10]'(SPELL) 'Thrall[6]'
EndTurnTask => [FitzVonGerald]
- Player 2 - <RehHausZuckFuchs> ---------------------------
* Calculating solutions *** Player 2 ***
Depth: 1 --> 9/10 options! [SOLUTIONS:1]
Depth: 2 --> 26/35 options! [SOLUTIONS:10]
Depth: 3 --> 33/59 options! [SOLUTIONS:36]
Depth: 4 --> 20/53 options! [SOLUTIONS:69]
Depth: 5 --> 9/29 options! [SOLUTIONS:89]
Depth: 6 --> 0/9 options! [SOLUTIONS:98]
- Player 2 - <RehHausZuckFuchs> ---------------------------
MinionAttackTask => [RehHausZuckFuchs] 'Tunnel Trogg[40]'(MINION) attack 'Garrosh Hellscream[4]'
PlayCardTask => [RehHausZuckFuchs] play 'Barnes[65]'(MINION) to Pos[2]
MinionAttackTask => [RehHausZuckFuchs] 'Searing Totem[72]'(MINION) attack 'Garrosh Hellscream[4]'
MinionAttackTask => [RehHausZuckFuchs] 'Patches the Pirate[76]'(MINION) attack 'Garrosh Hellscream[4]'
MinionAttackTask => [RehHausZuckFuchs] 'Patches the Pirate[61]'(MINION) attack 'Garrosh Hellscream[4]'
EndTurnTask => [RehHausZuckFuchs]
here:0
Player1: PLAYING / Player2: PLAYING - ROUND 5 - FitzVonGerald
Hero[P1]: 23 / Hero[P2]: 21

* Calculating solutions *** Player 1 ***
Depth: 1 --> 7/8 options! [SOLUTIONS:1]
Depth: 3 --> 269/420 options! [SOLUTIONS:183]
Depth: 2 --> 11/18 options! [SOLUTIONS:8]
Depth: 3 --> 5/16 options! [SOLUTIONS:19]
Depth: 4 --> 0/5 options! [SOLUTIONS:24]
- Player 1 - <FitzVonGerald> ---------------------------
EndTurnTask => [FitzVonGerald]
- Player 2 - <RehHausZuckFuchs> ---------------------------
* Calculating solutions *** Player 2 ***
Depth: 1 --> 30/31 options! [SOLUTIONS:1]
Depth: 3 --> 500/703 options! [SOLUTIONS:156]
Depth: 2 --> 168/198 options! [SOLUTIONS:31]
Depth: 4 --> 191/460 options! [SOLUTIONS:452]
Depth: 5 --> 44/235 options! [SOLUTIONS:643]
Depth: 6 --> 0/44 options! [SOLUTIONS:687]
- Player 2 - <RehHausZuckFuchs> ---------------------------
PlayCardTask => [RehHausZuckFuchs] play 'Thing from Below[45]'(MINION) to Pos[0]
MinionAttackTask => [RehHausZuckFuchs] 'Patches the Pirate[61]'(MINION) attack 'Garrosh Hellscream[4]'
MinionAttackTask => [RehHausZuckFuchs] 'Bloodmage Thalnos[64]'(MINION) attack 'Sherazin, Corpse Flower[11]'
MinionAttackTask => [RehHausZuckFuchs] 'Stoneclaw Totem[72]'(MINION) attack 'Garrosh Hellscream[4]'
HeroPowerTask => [RehHausZuckFuchs] using 'Totemic Call[7]'
EndTurnTask => [RehHausZuckFuchs]
here:0
Player1: PLAYING / Player2: PLAYING - ROUND 6 - FitzVonGerald
Hero[P1]: 18 / Hero[P2]: 23

* Calculating solutions *** Player 1 ***
Depth: 1 --> 11/12 options! [SOLUTIONS:1]
Depth: 2 --> 29/40 options! [SOLUTIONS:12]
Depth: 3 --> 20/49 options! [SOLUTIONS:41]
Depth: 4 --> 0/20 options! [SOLUTIONS:61]
- Player 1 - <FitzVonGerald> ---------------------------
PlayCardTask => [FitzVonGerald] play 'Hogger[23]'(MINION) to Pos[0]
EndTurnTask => [FitzVonGerald]
- Player 2 - <RehHausZuckFuchs> ---------------------------
* Calculating solutions *** Player 2 ***
Depth: 1 --> 39/40 options! [SOLUTIONS:1]
Depth: 3 --> 498/666 options! [SOLUTIONS:199]
Depth: 2 --> 284/323 options! [SOLUTIONS:40]
Depth: 4 --> 500/1524 options! [SOLUTIONS:656]
Depth: 5 --> 380/880 options! [SOLUTIONS:1156]
Depth: 4 --> 500/1401 options! [SOLUTIONS:697]
Depth: 3 --> 500/2013 options! [SOLUTIONS:324]
Depth: 6 --> 0/380 options! [SOLUTIONS:1536]
- Player 2 - <RehHausZuckFuchs> ---------------------------
PlayCardTask => [RehHausZuckFuchs] play 'Bloodmage Thalnos[64]'(MINION) to Pos[0]
PlayCardTask => [RehHausZuckFuchs] play 'Lightning Bolt[51]'(SPELL) 'Earthen Ring Farseer[33]'
MinionAttackTask => [RehHausZuckFuchs] 'Small-Time Buccaneer[62]'(MINION) attack 'Garrosh Hellscream[4]'
MinionAttackTask => [RehHausZuckFuchs] 'Patches the Pirate[61]'(MINION) attack 'Garrosh Hellscream[4]'
MinionAttackTask => [RehHausZuckFuchs] 'Bladed Cultist[71]'(MINION) attack 'Garrosh Hellscream[4]'
EndTurnTask => [RehHausZuckFuchs]
here:0
Player1: PLAYING / Player2: PLAYING - ROUND 4 - FitzVonGerald
Hero[P1]: 27 / Hero[P2]: 30

* Calculating solutions *** Player 1 ***
Depth: 1 --> 4/5 options! [SOLUTIONS:1]
Depth: 2 --> 3/7 options! [SOLUTIONS:5]
Depth: 3 --> 2/5 options! [SOLUTIONS:8]
Depth: 4 --> 0/2 options! [SOLUTIONS:10]
- Player 1 - <FitzVonGerald> ---------------------------
PlayCardTask => [FitzVonGerald] play 'Sherazin, Corpse Flower[11]'(MINION) to Pos[0]
EndTurnTask => [FitzVonGerald]
- Player 2 - <RehHausZuckFuchs> ---------------------------
* Calculating solutions *** Player 2 ***
Depth: 1 --> 14/15 options! [SOLUTIONS:1]
Depth: 2 --> 95/109 options! [SOLUTIONS:15]
Depth: 3 --> 406/501 options! [SOLUTIONS:110]
Depth: 5 --> 500/1035 options! [SOLUTIONS:1197]
Depth: 4 --> 500/2256 options! [SOLUTIONS:824]
Depth: 4 --> 500/1563 options! [SOLUTIONS:516]
Depth: 6 --> 328/828 options! [SOLUTIONS:1697]
Depth: 7 --> 123/451 options! [SOLUTIONS:2025]
Depth: 8 --> 20/143 options! [SOLUTIONS:2148]
Depth: 9 --> 0/20 options! [SOLUTIONS:2168]
- Player 2 - <RehHausZuckFuchs> ---------------------------
PlayCardTask => [RehHausZuckFuchs] play 'Thing from Below[44]'(MINION) to Pos[0]
MinionAttackTask => [RehHausZuckFuchs] 'Tunnel Trogg[40]'(MINION) attack 'Garrosh Hellscream[4]'
MinionAttackTask => [RehHausZuckFuchs] 'Searing Totem[72]'(MINION) attack 'Garrosh Hellscream[4]'
MinionAttackTask => [RehHausZuckFuchs] 'Barnes[65]'(MINION) attack 'Garrosh Hellscream[4]'
MinionAttackTask => [RehHausZuckFuchs] 'Patches the Pirate[76]'(MINION) attack 'Garrosh Hellscream[4]'
MinionAttackTask => [RehHausZuckFuchs] 'Patches the Pirate[61]'(MINION) attack 'Garrosh Hellscream[4]'
EndTurnTask => [RehHausZuckFuchs]
here:0
Player1: PLAYING / Player2: PLAYING - ROUND 6 - FitzVonGerald
Hero[P1]: 15 / Hero[P2]: 21

* Calculating solutions *** Player 1 ***
Depth: 1 --> 11/12 options! [SOLUTIONS:1]
Depth: 2 --> 25/36 options! [SOLUTIONS:12]
Depth: 3 --> 30/55 options! [SOLUTIONS:37]
Depth: 4 --> 22/52 options! [SOLUTIONS:67]
Depth: 5 --> 7/29 options! [SOLUTIONS:89]
Depth: 6 --> 0/7 options! [SOLUTIONS:96]
- Player 1 - <FitzVonGerald> ---------------------------
PlayCardTask => [FitzVonGerald] play 'Hemet, Jungle Hunter[15]'(MINION) to Pos[0]
EndTurnTask => [FitzVonGerald]
- Player 2 - <RehHausZuckFuchs> ---------------------------
* Calculating solutions *** Player 2 ***
Depth: 1 --> 42/43 options! [SOLUTIONS:1]
Depth: 5 --> 500/1542 options! [SOLUTIONS:1324]
Depth: 5 --> 500/1264 options! [SOLUTIONS:1016]
Depth: 2 --> 500/628 options! [SOLUTIONS:43]
Depth: 6 --> 262/762 options! [SOLUTIONS:1516]
Depth: 7 --> 0/262 options! [SOLUTIONS:1778]
- Player 2 - <RehHausZuckFuchs> ---------------------------
PlayCardTask => [RehHausZuckFuchs] play 'Totem Golem[43]'(MINION) to Pos[0]
MinionAttackTask => [RehHausZuckFuchs] 'Bloodmage Thalnos[64]'(MINION) attack 'Sherazin, Corpse Flower[11]'
PlayCardTask => [RehHausZuckFuchs] play 'Tunnel Trogg[40]'(MINION) to Pos[0]
MinionAttackTask => [RehHausZuckFuchs] 'Small-Time Buccaneer[62]'(MINION) attack 'Sherazin, Corpse Flower[11]'
MinionAttackTask => [RehHausZuckFuchs] 'Patches the Pirate[61]'(MINION) attack 'Sherazin, Corpse Flower[11]'
MinionAttackTask => [RehHausZuckFuchs] 'Bladed Cultist[71]'(MINION) attack 'Garrosh Hellscream[4]'
EndTurnTask => [RehHausZuckFuchs]
here:0
Player1: PLAYING / Player2: PLAYING - ROUND 5 - FitzVonGerald
Hero[P1]: 26 / Hero[P2]: 30

* Calculating solutions *** Player 1 ***
Depth: 1 --> 4/5 options! [SOLUTIONS:1]
Depth: 2 --> 7/11 options! [SOLUTIONS:5]
Depth: 3 --> 6/13 options! [SOLUTIONS:12]
Depth: 4 --> 0/6 options! [SOLUTIONS:18]
- Player 1 - <FitzVonGerald> ---------------------------
PlayCardTask => [FitzVonGerald] play 'Plague Scientist[26]'(MINION) to Pos[0]
EndTurnTask => [FitzVonGerald]
- Player 2 - <RehHausZuckFuchs> ---------------------------
* Calculating solutions *** Player 2 ***
Depth: 6 --> 500/1135 options! [SOLUTIONS:1824]
Depth: 1 --> 13/14 options! [SOLUTIONS:1]
Depth: 2 --> 57/70 options! [SOLUTIONS:14]
Depth: 3 --> 108/165 options! [SOLUTIONS:71]
Depth: 4 --> 72/180 options! [SOLUTIONS:179]
Depth: 5 --> 0/72 options! [SOLUTIONS:251]
- Player 2 - <RehHausZuckFuchs> ---------------------------
PlayCardTask => [RehHausZuckFuchs] play 'Jade Lightning[52]'(SPELL) 'Plague Scientist[26]'
MinionAttackTask => [RehHausZuckFuchs] 'Tunnel Trogg[40]'(MINION) attack 'Garrosh Hellscream[4]'
MinionAttackTask => [RehHausZuckFuchs] 'Totem Golem[43]'(MINION) attack 'Garrosh Hellscream[4]'
MinionAttackTask => [RehHausZuckFuchs] 'Bladed Cultist[71]'(MINION) attack 'Garrosh Hellscream[4]'
EndTurnTask => [RehHausZuckFuchs]
here:0
Player1: PLAYING / Player2: PLAYING - ROUND 6 - FitzVonGerald
Hero[P1]: 21 / Hero[P2]: 30

* Calculating solutions *** Player 1 ***
Depth: 1 --> 5/6 options! [SOLUTIONS:1]
Depth: 2 --> 6/11 options! [SOLUTIONS:6]
Depth: 3 --> 3/9 options! [SOLUTIONS:12]
Depth: 4 --> 2/5 options! [SOLUTIONS:15]
Depth: 5 --> 0/2 options! [SOLUTIONS:17]
- Player 1 - <FitzVonGerald> ---------------------------
PlayCardTask => [FitzVonGerald] play 'Hogger[23]'(MINION) to Pos[0]
EndTurnTask => [FitzVonGerald]
- Player 2 - <RehHausZuckFuchs> ---------------------------
* Calculating solutions *** Player 2 ***
Depth: 1 --> 11/12 options! [SOLUTIONS:1]
Depth: 2 --> 54/65 options! [SOLUTIONS:12]
Depth: 3 --> 219/273 options! [SOLUTIONS:66]
Depth: 7 --> 294/794 options! [SOLUTIONS:2324]
Depth: 8 --> 63/357 options! [SOLUTIONS:2618]
Depth: 9 --> 0/63 options! [SOLUTIONS:2681]
- Player 2 - <RehHausZuckFuchs> ---------------------------
PlayCardTask => [RehHausZuckFuchs] play 'Hex[57]'(SPELL) 'Hogger[23]'
PlayCardTask => [RehHausZuckFuchs] play 'Jade Claws[55]'(WEAPON)
MinionAttackTask => [RehHausZuckFuchs] 'Stoneclaw Totem[72]'(MINION) attack 'Gnoll[80]'
MinionAttackTask => [RehHausZuckFuchs] 'Searing Totem[78]'(MINION) attack 'Frog[81]'
MinionAttackTask => [RehHausZuckFuchs] 'Thing from Below[45]'(MINION) attack 'Garrosh Hellscream[4]'
MinionAttackTask => [RehHausZuckFuchs] 'Patches the Pirate[61]'(MINION) attack 'Garrosh Hellscream[4]'
MinionAttackTask => [RehHausZuckFuchs] 'Wrath of Air Totem[76]'(MINION) attack 'Garrosh Hellscream[4]'
HeroAttackTask => [RehHausZuckFuchs] 'Thrall[6]' attacks 'Garrosh Hellscream[4]'
EndTurnTask => [RehHausZuckFuchs]
here:0
Player1: PLAYING / Player2: PLAYING - ROUND 7 - FitzVonGerald
Hero[P1]: 6 / Hero[P2]: 23

* Calculating solutions *** Player 1 ***
Depth: 1 --> 11/12 options! [SOLUTIONS:1]
Depth: 2 --> 38/49 options! [SOLUTIONS:12]
Depth: 3 --> 21/59 options! [SOLUTIONS:50]
Depth: 4 --> 0/21 options! [SOLUTIONS:71]
- Player 1 - <FitzVonGerald> ---------------------------
PlayCardTask => [FitzVonGerald] play 'Hemet, Jungle Hunter[15]'(MINION) to Pos[0]
EndTurnTask => [FitzVonGerald]
- Player 2 - <RehHausZuckFuchs> ---------------------------
* Calculating solutions *** Player 2 ***
Depth: 1 --> 44/45 options! [SOLUTIONS:1]
Depth: 4 --> 500/1035 options! [SOLUTIONS:285]
Depth: 2 --> 500/734 options! [SOLUTIONS:58]
Depth: 5 --> 500/1542 options! [SOLUTIONS:785]
Depth: 6 --> 377/877 options! [SOLUTIONS:1285]
Depth: 7 --> 203/580 options! [SOLUTIONS:1662]
Depth: 8 --> 0/203 options! [SOLUTIONS:1865]
- Player 2 - <RehHausZuckFuchs> ---------------------------
PlayCardTask => [RehHausZuckFuchs] play 'Jade Claws[54]'(WEAPON)
MinionAttackTask => [RehHausZuckFuchs] 'Tunnel Trogg[40]'(MINION) attack 'Gnoll[73]'
MinionAttackTask => [RehHausZuckFuchs] 'Totem Golem[43]'(MINION) attack 'Garrosh Hellscream[4]'
MinionAttackTask => [RehHausZuckFuchs] 'Bladed Cultist[71]'(MINION) attack 'Hogger[23]'
HeroAttackTask => [RehHausZuckFuchs] 'Thrall[6]' attacks 'Hogger[23]'
HeroPowerTask => [RehHausZuckFuchs] using 'Totemic Call[7]'
MinionAttackTask => [RehHausZuckFuchs] 'Jade Golem[72]'(MINION) attack 'Hogger[23]'
EndTurnTask => [RehHausZuckFuchs]
here:0
Player1: PLAYING / Player2: PLAYING - ROUND 7 - FitzVonGerald
Hero[P1]: 18 / Hero[P2]: 26

* Calculating solutions *** Player 1 ***
Depth: 1 --> 5/6 options! [SOLUTIONS:1]
Depth: 3 --> 500/4850 options! [SOLUTIONS:543]
Depth: 2 --> 14/19 options! [SOLUTIONS:6]
Depth: 3 --> 12/26 options! [SOLUTIONS:20]
Depth: 4 --> 18/30 options! [SOLUTIONS:32]
Depth: 5 --> 0/18 options! [SOLUTIONS:50]
- Player 1 - <FitzVonGerald> ---------------------------
PlayCardTask => [FitzVonGerald] play 'Coldarra Drake[14]'(MINION) to Pos[0]
EndTurnTask => [FitzVonGerald]
- Player 2 - <RehHausZuckFuchs> ---------------------------
* Calculating solutions *** Player 2 ***
Depth: 1 --> 21/22 options! [SOLUTIONS:1]
Depth: 2 --> 186/207 options! [SOLUTIONS:22]
Depth: 3 --> 500/1177 options! [SOLUTIONS:208]
Depth: 3 --> 500/4707 options! [SOLUTIONS:813]
Depth: 4 --> 500/2848 options! [SOLUTIONS:1043]
Depth: 4 --> 500/2113 options! [SOLUTIONS:708]
Depth: 4 --> 500/2678 options! [SOLUTIONS:1893]
Depth: 5 --> 500/1695 options! [SOLUTIONS:1543]
Depth: 5 --> 500/1149 options! [SOLUTIONS:1208]
Depth: 6 --> 500/1038 options! [SOLUTIONS:2043]
Depth: 5 --> 500/1707 options! [SOLUTIONS:2738]
Depth: 6 --> 234/734 options! [SOLUTIONS:1708]
Depth: 7 --> 0/234 options! [SOLUTIONS:1942]
- Player 2 - <RehHausZuckFuchs> ---------------------------
PlayCardTask => [RehHausZuckFuchs] play 'Aya Blackpaw[68]'(MINION) to Pos[0]
MinionAttackTask => [RehHausZuckFuchs] 'Tunnel Trogg[40]'(MINION) attack 'Coldarra Drake[14]'
MinionAttackTask => [RehHausZuckFuchs] 'Totem Golem[43]'(MINION) attack 'Coldarra Drake[14]'
MinionAttackTask => [RehHausZuckFuchs] 'Jade Golem[74]'(MINION) attack 'Garrosh Hellscream[4]'
MinionAttackTask => [RehHausZuckFuchs] 'Searing Totem[75]'(MINION) attack 'Coldarra Drake[14]'
HeroAttackTask => [RehHausZuckFuchs] 'Thrall[6]' attacks 'Garrosh Hellscream[4]'
EndTurnTask => [RehHausZuckFuchs]
here:0
Player1: PLAYING / Player2: PLAYING - ROUND 8 - FitzVonGerald
Hero[P1]: 14 / Hero[P2]: 26

* Calculating solutions *** Player 1 ***
Depth: 1 --> 5/6 options! [SOLUTIONS:1]
Depth: 2 --> 25/30 options! [SOLUTIONS:6]
Depth: 7 --> 285/785 options! [SOLUTIONS:2543]
Depth: 3 --> 103/128 options! [SOLUTIONS:31]
Depth: 8 --> 78/363 options! [SOLUTIONS:2828]
Depth: 9 --> 7/85 options! [SOLUTIONS:2906]
Depth: 10 --> 0/7 options! [SOLUTIONS:2913]
- Player 2 - <RehHausZuckFuchs> ---------------------------
PlayCardTask => [RehHausZuckFuchs] play 'Hex[56]'(SPELL) 'Hemet, Jungle Hunter[15]'
PlayCardTask => [RehHausZuckFuchs] play 'Bloodmage Thalnos[64]'(MINION) to Pos[0]
MinionAttackTask => [RehHausZuckFuchs] 'Searing Totem[72]'(MINION) attack 'Frog[77]'
MinionAttackTask => [RehHausZuckFuchs] 'Thing from Below[44]'(MINION) attack 'Garrosh Hellscream[4]'
MinionAttackTask => [RehHausZuckFuchs] 'Tunnel Trogg[40]'(MINION) attack 'Garrosh Hellscream[4]'
MinionAttackTask => [RehHausZuckFuchs] 'Barnes[65]'(MINION) attack 'Garrosh Hellscream[4]'
MinionAttackTask => [RehHausZuckFuchs] 'Patches the Pirate[76]'(MINION) attack 'Garrosh Hellscream[4]'
MinionAttackTask => [RehHausZuckFuchs] 'Patches the Pirate[61]'(MINION) attack 'Garrosh Hellscream[4]'
EndTurnTask => [RehHausZuckFuchs]
here:0
Player1: PLAYING / Player2: PLAYING - ROUND 7 - FitzVonGerald
Hero[P1]: 3 / Hero[P2]: 21

* Calculating solutions *** Player 1 ***
Depth: 1 --> 12/13 options! [SOLUTIONS:1]
Depth: 2 --> 47/59 options! [SOLUTIONS:13]
Depth: 4 --> 206/309 options! [SOLUTIONS:134]
Depth: 3 --> 50/97 options! [SOLUTIONS:60]
Depth: 6 --> 296/1197 options! [SOLUTIONS:3639]
Depth: 4 --> 33/83 options! [SOLUTIONS:110]
Depth: 5 --> 24/57 options! [SOLUTIONS:143]
Depth: 6 --> 0/24 options! [SOLUTIONS:167]
- Player 1 - <FitzVonGerald> ---------------------------
PlayCardTask => [FitzVonGerald] play 'Hyldnir Frostrider[29]'(MINION) to Pos[0]
PlayCardTask => [FitzVonGerald] play 'Shadowflame[28]'(SPELL) 'Hyldnir Frostrider[29]'
EndTurnTask => [FitzVonGerald]
- Player 2 - <RehHausZuckFuchs> ---------------------------
* Calculating solutions *** Player 2 ***
Depth: 1 --> 11/14 options! [SOLUTIONS:3]
Depth: 2 --> 82/106 options! [SOLUTIONS:27]
Depth: 7 --> 28/505 options! [SOLUTIONS:4116]
Depth: 8 --> 0/28 options! [SOLUTIONS:4144]
- Player 2 - <RehHausZuckFuchs> ---------------------------
PlayCardTask => [RehHausZuckFuchs] play 'Jade Lightning[52]'(SPELL) 'Garrosh Hellscream[4]'
MinionAttackTask => [RehHausZuckFuchs] 'Thing from Below[45]'(MINION) attack 'Garrosh Hellscream[4]'
Game: COMPLETE, Player1: LOST / Player2: WON
Depth: 3 --> 174/340 options! [SOLUTIONS:193]
Depth: 5 --> 403/609 options! [SOLUTIONS:340]
Depth: 4 --> 55/369 options! [SOLUTIONS:507]
Depth: 5 --> 0/94 options! [SOLUTIONS:601]
- Player 2 - <RehHausZuckFuchs> ---------------------------
PlayCardTask => [RehHausZuckFuchs] play 'Jade Lightning[52]'(SPELL) 'Garrosh Hellscream[4]'
Game: COMPLETE, Player1: LOST / Player2: WON
Depth: 6 --> 169/572 options! [SOLUTIONS:743]
Depth: 7 --> 0/169 options! [SOLUTIONS:912]
- Player 1 - <FitzVonGerald> ---------------------------
PlayCardTask => [FitzVonGerald] play 'Val'kyr Soulclaimer[17]'(MINION) to Pos[0]
PlayCardTask => [FitzVonGerald] play 'Doomed Apprentice[22]'(MINION) to Pos[0]
PlayCardTask => [FitzVonGerald] play 'Murloc Tinyfin[12]'(MINION) to Pos[0]
EndTurnTask => [FitzVonGerald]
- Player 2 - <RehHausZuckFuchs> ---------------------------
* Calculating solutions *** Player 2 ***
Depth: 1 --> 27/28 options! [SOLUTIONS:1]
Depth: 2 --> 286/313 options! [SOLUTIONS:28]
Depth: 3 --> 500/1964 options! [SOLUTIONS:314]
Depth: 4 --> 500/1931 options! [SOLUTIONS:814]
Depth: 5 --> 323/823 options! [SOLUTIONS:1314]
Depth: 6 --> 0/323 options! [SOLUTIONS:1637]
- Player 2 - <RehHausZuckFuchs> ---------------------------
PlayCardTask => [RehHausZuckFuchs] play 'Ragnaros the Firelord[69]'(MINION) to Pos[0]
MinionAttackTask => [RehHausZuckFuchs] 'Aya Blackpaw[68]'(MINION) attack 'Garrosh Hellscream[4]'
MinionAttackTask => [RehHausZuckFuchs] 'Jade Golem[74]'(MINION) attack 'Garrosh Hellscream[4]'
EndTurnTask => [RehHausZuckFuchs]
here:0
Player1: PLAYING / Player2: PLAYING - ROUND 9 - FitzVonGerald
Hero[P1]: 7 / Hero[P2]: 26

* Calculating solutions *** Player 1 ***
Depth: 1 --> 19/20 options! [SOLUTIONS:1]
Depth: 2 --> 148/167 options! [SOLUTIONS:20]
Depth: 3 --> 500/654 options! [SOLUTIONS:168]
Depth: 4 --> 500/1479 options! [SOLUTIONS:668]
Depth: 5 --> 500/1024 options! [SOLUTIONS:1168]
Depth: 6 --> 162/662 options! [SOLUTIONS:1668]
Depth: 7 --> 1/163 options! [SOLUTIONS:1830]
Depth: 8 --> 0/1 options! [SOLUTIONS:1831]
- Player 1 - <FitzVonGerald> ---------------------------
PlayCardTask => [FitzVonGerald] play 'Hemet, Jungle Hunter[15]'(MINION) to Pos[0]
MinionAttackTask => [FitzVonGerald] 'Murloc Tinyfin[12]'(MINION) attack 'Thrall[6]'
MinionAttackTask => [FitzVonGerald] 'Val'kyr Soulclaimer[17]'(MINION) attack 'Thrall[6]'
EndTurnTask => [FitzVonGerald]
- Player 2 - <RehHausZuckFuchs> ---------------------------
* Calculating solutions *** Player 2 ***
Depth: 1 --> 30/31 options! [SOLUTIONS:1]
Depth: 2 --> 470/502 options! [SOLUTIONS:33]
Depth: 3 --> 500/5240 options! [SOLUTIONS:542]
Depth: 4 --> 500/2963 options! [SOLUTIONS:1107]
Depth: 5 --> 500/1621 options! [SOLUTIONS:1681]
Depth: 6 --> 391/928 options! [SOLUTIONS:2218]
Depth: 7 --> 0/391 options! [SOLUTIONS:2609]
- Player 2 - <RehHausZuckFuchs> ---------------------------
EndTurnTask => [RehHausZuckFuchs]
here:0
Player1: PLAYING / Player2: PLAYING - ROUND 10 - FitzVonGerald
Hero[P1]: 7 / Hero[P2]: 24

* Calculating solutions *** Player 1 ***
Depth: 1 --> 19/20 options! [SOLUTIONS:1]
Depth: 2 --> 164/183 options! [SOLUTIONS:20]
Depth: 3 --> 500/902 options! [SOLUTIONS:184]
Depth: 4 --> 500/1943 options! [SOLUTIONS:684]
Depth: 5 --> 500/1265 options! [SOLUTIONS:1184]
Depth: 6 --> 113/613 options! [SOLUTIONS:1684]
Depth: 7 --> 0/113 options! [SOLUTIONS:1797]
- Player 1 - <FitzVonGerald> ---------------------------
PlayCardTask => [FitzVonGerald] play 'Blingtron 3000[8]'(MINION) to Pos[0]
MinionAttackTask => [FitzVonGerald] 'Hemet, Jungle Hunter[15]'(MINION) attack 'Thrall[6]'
MinionAttackTask => [FitzVonGerald] 'Murloc Tinyfin[12]'(MINION) attack 'Thrall[6]'
EndTurnTask => [FitzVonGerald]
- Player 2 - <RehHausZuckFuchs> ---------------------------
* Calculating solutions *** Player 2 ***
Depth: 1 --> 39/40 options! [SOLUTIONS:1]
Depth: 2 --> 500/951 options! [SOLUTIONS:44]
Depth: 3 --> 500/9063 options! [SOLUTIONS:622]
Depth: 4 --> 500/5184 options! [SOLUTIONS:1198]
Depth: 5 --> 500/2771 options! [SOLUTIONS:1750]
Depth: 6 --> 500/1314 options! [SOLUTIONS:2296]
Depth: 7 --> 0/500 options! [SOLUTIONS:2796]
- Player 2 - <RehHausZuckFuchs> ---------------------------
PlayCardTask => [RehHausZuckFuchs] play 'Thing from Below[44]'(MINION) to Pos[0]
EndTurnTask => [RehHausZuckFuchs]
Game: COMPLETE, Player1: LOST / Player2: WON

Unhandled Exception:
System.AggregateException: One or more errors occurred. ---> System.BadImageFormatException: Method has zero rva
  at ing>k__BackingField.rangeSecretHunter+<OneTurn>b__0.e>b__1_2 (System.Int32 ) [0x0004f] in <0c003844f3da4b01a66e62ae3cb556d0>:0 
  at System.Threading.Tasks.Parallel+<ForWorker>c__AnonStorey3`1[TLocal].<>m__1 () [0x000ed] in <098e1b87e81a41898de2925d4eebabbc>:0 
   --- End of inner exception stack trace ---
  at System.Threading.Tasks.Task.ThrowIfExceptional (System.Boolean includeTaskCanceledExceptions) [0x00014] in <098e1b87e81a41898de2925d4eebabbc>:0 
  at System.Threading.Tasks.Task.Wait (System.Int32 millisecondsTimeout, System.Threading.CancellationToken cancellationToken) [0x00052] in <098e1b87e81a41898de2925d4eebabbc>:0 
  at System.Threading.Tasks.Task.Wait () [0x00000] in <098e1b87e81a41898de2925d4eebabbc>:0 
  at System.Threading.Tasks.Parallel.ForWorker[TLocal] (System.Int32 fromInclusive, System.Int32 toExclusive, System.Threading.Tasks.ParallelOptions parallelOptions, System.Action`1[T] body, System.Action`2[T1,T2] bodyWithState, System.Func`4[T1,T2,T3,TResult] bodyWithLocal, System.Func`1[TResult] localInit, System.Action`1[T] localFinally) [0x00152] in <098e1b87e81a41898de2925d4eebabbc>:0 
---> (Inner Exception #0) System.BadImageFormatException: Method has zero rva
File name: 'ing>k__BackingField'
  at ing>k__BackingField.rangeSecretHunter+<OneTurn>b__0.e>b__1_2 (System.Int32 ) [0x0004f] in <0c003844f3da4b01a66e62ae3cb556d0>:0 
  at System.Threading.Tasks.Parallel+<ForWorker>c__AnonStorey3`1[TLocal].<>m__1 () [0x000ed] in <098e1b87e81a41898de2925d4eebabbc>:0 <---

---> (Inner Exception #1) System.ArgumentException: An item with the same key has already been added.
  at System.ThrowHelper.ThrowArgumentException (System.ExceptionResource resource) [0x0000b] in <098e1b87e81a41898de2925d4eebabbc>:0 
  at System.Collections.Generic.Dictionary`2[TKey,TValue].Insert (TKey key, TValue value, System.Boolean add) [0x0008e] in <098e1b87e81a41898de2925d4eebabbc>:0 
  at System.Collections.Generic.Dictionary`2[TKey,TValue].Add (TKey key, TValue value) [0x00000] in <098e1b87e81a41898de2925d4eebabbc>:0 
  at ing>k__BackingField.rangeSecretHunter+<OneTurn>b__0.e>b__1_2 (System.Int32 ) [0x00017] in <0c003844f3da4b01a66e62ae3cb556d0>:0 
  at System.Threading.Tasks.Parallel+<ForWorker>c__AnonStorey3`1[TLocal].<>m__1 () [0x000ed] in <098e1b87e81a41898de2925d4eebabbc>:0 <---

---> (Inner Exception #2) System.ArgumentException: An item with the same key has already been added.
  at System.ThrowHelper.ThrowArgumentException (System.ExceptionResource resource) [0x0000b] in <098e1b87e81a41898de2925d4eebabbc>:0 
  at System.Collections.Generic.Dictionary`2[TKey,TValue].Insert (TKey key, TValue value, System.Boolean add) [0x0008e] in <098e1b87e81a41898de2925d4eebabbc>:0 
  at System.Collections.Generic.Dictionary`2[TKey,TValue].Add (TKey key, TValue value) [0x00000] in <098e1b87e81a41898de2925d4eebabbc>:0 
  at ing>k__BackingField.rangeSecretHunter+<OneTurn>b__0.e>b__1_2 (System.Int32 ) [0x00017] in <0c003844f3da4b01a66e62ae3cb556d0>:0 
  at System.Threading.Tasks.Parallel+<ForWorker>c__AnonStorey3`1[TLocal].<>m__1 () [0x000ed] in <098e1b87e81a41898de2925d4eebabbc>:0 <---

[ERROR] FATAL UNHANDLED EXCEPTION: System.AggregateException: One or more errors occurred. ---> System.BadImageFormatException: Method has zero rva
  at ing>k__BackingField.rangeSecretHunter+<OneTurn>b__0.e>b__1_2 (System.Int32 ) [0x0004f] in <0c003844f3da4b01a66e62ae3cb556d0>:0 
  at System.Threading.Tasks.Parallel+<ForWorker>c__AnonStorey3`1[TLocal].<>m__1 () [0x000ed] in <098e1b87e81a41898de2925d4eebabbc>:0 
   --- End of inner exception stack trace ---
  at System.Threading.Tasks.Task.ThrowIfExceptional (System.Boolean includeTaskCanceledExceptions) [0x00014] in <098e1b87e81a41898de2925d4eebabbc>:0 
  at System.Threading.Tasks.Task.Wait (System.Int32 millisecondsTimeout, System.Threading.CancellationToken cancellationToken) [0x00052] in <098e1b87e81a41898de2925d4eebabbc>:0 
  at System.Threading.Tasks.Task.Wait () [0x00000] in <098e1b87e81a41898de2925d4eebabbc>:0 
  at System.Threading.Tasks.Parallel.ForWorker[TLocal] (System.Int32 fromInclusive, System.Int32 toExclusive, System.Threading.Tasks.ParallelOptions parallelOptions, System.Action`1[T] body, System.Action`2[T1,T2] bodyWithState, System.Func`4[T1,T2,T3,TResult] bodyWithLocal, System.Func`1[TResult] localInit, System.Action`1[T] localFinally) [0x00152] in <098e1b87e81a41898de2925d4eebabbc>:0 
---> (Inner Exception #0) System.BadImageFormatException: Method has zero rva
File name: 'ing>k__BackingField'
  at ing>k__BackingField.rangeSecretHunter+<OneTurn>b__0.e>b__1_2 (System.Int32 ) [0x0004f] in <0c003844f3da4b01a66e62ae3cb556d0>:0 
  at System.Threading.Tasks.Parallel+<ForWorker>c__AnonStorey3`1[TLocal].<>m__1 () [0x000ed] in <098e1b87e81a41898de2925d4eebabbc>:0 <---

---> (Inner Exception #1) System.ArgumentException: An item with the same key has already been added.
  at System.ThrowHelper.ThrowArgumentException (System.ExceptionResource resource) [0x0000b] in <098e1b87e81a41898de2925d4eebabbc>:0 
  at System.Collections.Generic.Dictionary`2[TKey,TValue].Insert (TKey key, TValue value, System.Boolean add) [0x0008e] in <098e1b87e81a41898de2925d4eebabbc>:0 
  at System.Collections.Generic.Dictionary`2[TKey,TValue].Add (TKey key, TValue value) [0x00000] in <098e1b87e81a41898de2925d4eebabbc>:0 
  at ing>k__BackingField.rangeSecretHunter+<OneTurn>b__0.e>b__1_2 (System.Int32 ) [0x00017] in <0c003844f3da4b01a66e62ae3cb556d0>:0 
  at System.Threading.Tasks.Parallel+<ForWorker>c__AnonStorey3`1[TLocal].<>m__1 () [0x000ed] in <098e1b87e81a41898de2925d4eebabbc>:0 <---

---> (Inner Exception #2) System.ArgumentException: An item with the same key has already been added.
  at System.ThrowHelper.ThrowArgumentException (System.ExceptionResource resource) [0x0000b] in <098e1b87e81a41898de2925d4eebabbc>:0 
  at System.Collections.Generic.Dictionary`2[TKey,TValue].Insert (TKey key, TValue value, System.Boolean add) [0x0008e] in <098e1b87e81a41898de2925d4eebabbc>:0 
  at System.Collections.Generic.Dictionary`2[TKey,TValue].Add (TKey key, TValue value) [0x00000] in <098e1b87e81a41898de2925d4eebabbc>:0 
  at ing>k__BackingField.rangeSecretHunter+<OneTurn>b__0.e>b__1_2 (System.Int32 ) [0x00017] in <0c003844f3da4b01a66e62ae3cb556d0>:0 
  at System.Threading.Tasks.Parallel+<ForWorker>c__AnonStorey3`1[TLocal].<>m__1 () [0x000ed] in <098e1b87e81a41898de2925d4eebabbc>:0 <---

srun: error: c41-04: task 0: Exited with exit code 1
srun: Terminating job step 3400372.0
