Starting test setup. v6:no parallel threads, run linearly 8 times, get time at each  
Flame Lance
Effigy
Fallen Hero
Arcane Blast
Polymorph: Boar
Dalaran Aspirant
Spellslinger
Coldarra Drake
Rhonin
Ram Wrangler
Holy Champion
Spawn of Shadows
Power Word: Glory
Shadowfiend
Convert
Confuse
Twilight Guardian
Confessor Paletress
Dreadsteed
Fearsome Doomguard
Tiny Knight of Evil
Fist of Jaraxxus
Void Crusher
Demonfuse
Dark Bargain
Wrathguard
Wilfred Fizzlebang
Shado-Pan Rider
Buccaneer
Undercity Valiant
Cutpurse
Shady Dealer
Burgle
Poisoned Blade
Beneath the Grounds
Anub'arak
Living Roots
Darnassus Aspirant
Savage Combatant
Wildwalker
Knight of the Wild
Call of the Wild
Druid of the Saber
Astral Communion
Mulch
Aviana
Tuskarr Totemic
Draenei Totemcarver
Healing Wave
Thunder Bluff Valiant
Charged Hammer
Elemental Destruction
Totem Golem
Ancestral Knowledge
The Mistcaller
Flash Heal
Powershot
Stablemaster
King's Elekk
Brave Archer
Bear Trap
Lock and Load
Ball of Spiders
Acidmaw
Dreadscale
Bash
King's Defender
Orgrimmar Aspirant
Magnataur Alpha
Bolster
Sparring Partner
Skycap'n Kragg
Alexstrasza's Champion
Varian Wrynn
Competitive Spirit
Seal of Champions
Warhorse Trainer
Murloc Knight
Argent Lance
Enter the Coliseum
Mysterious Challenger
Garrison Commander
Eadric the Pure
Lowly Squire
Dragonhawk Rider
Lance Carrier
Maiden of the Lake
Saboteur
Argent Horserider
Mogor's Champion
Boneguard Lieutenant
Mukla's Champion
Tournament Medic
Ice Rager
Frigid Snobold
Flame Juggler
Silent Knight
Clockwork Knight
Tournament Attendee
Sideshow Spelleater
Kodorider
Silver Hand Regent
Pit Fighter
Captured Jormungar
North Sea Kraken
Tuskarr Jouster
Injured Kvaldir
Light's Champion
Armored Warhorse
Argent Watchman
Coliseum Manager
Refreshment Vendor
Master Jouster
Recruiter
Evil Heckler
Fencing Coach
Wyrmrest Agent
Master of Ceremonies
Grand Crusader
Kvaldir Raider
Frost Giant
Crowd Favorite
Gormok the Impaler
Chillmaw
Bolf Ramshield
Icehowl
Nexus-Champion Saraad
The Skeleton Knight
Fjola Lightbane
Sea Reaver
Eydis Darkbane
Justicar Trueheart
Gadgetzan Jouster
Solemn Vigil
Flamewaker
Dragon's Breath
Twilight Whelp
Demonwrath
Imp Gang Boss
Gang Up
Dark Iron Skulker
Volcanic Lumberer
Druid of the Flame
Lava Shock
Fireguard Destroyer
Quick Shot
Core Rager
Revenge
Axe Flinger
Resurrect
Dragon Consort
Grim Patron
Dragonkin Sorcerer
Dragon Egg
Drakonid Crusher
Volcanic Drake
Hungry Dragon
Majordomo Executus
Ragnaros the Firelord
Emperor Thaurissan
Rend Blackhand
Nefarian
Chromaggus
Blackwing Technician
Blackwing Corruptor
Baron Geddon
Onyxia
Raza the Chained
Freezing Potion
Wind-up Burglebot
Hidden Cache
Street Trickster
Red Mana Wyrm
Jinyu Waterspeaker
Grimestreet Protector
Kooky Chemist
Blubber Baron
Volcanic Potion
Kabal Lackey
Hozen Healer
Felfire Potion
Weasel Tunneler
Mistress of Mixtures
Public Defender
Smuggler's Run
Kun the Forgotten King
Call in the Finishers
Jade Chieftain
Finders Keepers
Alleycat
Rat Pack
Grimestreet Informant
White Eyes
Small-Time Buccaneer
Fight Promoter
Knuckles
Smuggler's Crate
Dispatch Kodo
Shaky Zipgunner
Piranha Launcher
Trogg Beastrager
Sergeant Sally
Luckydo Buccaneer
Jade Behemoth
Finja, the Flying Star
Jade Idol
Potion of Madness
Greater Healing Potion
Drakonid Operative
Mana Geode
Blastcrystal Potion
Fel Orc Soulfiend
Crystalweaver
Bloodfury Potion
Mark of the Lotus
Pilfered Power
Celestial Dreamer
Kabal Chemist
Potion of Polymorph
Kazakus
Greater Arcane Missiles
Kabal Talonpriest
Counterfeit Coin
Brass Knuckles
Lotus Assassin
Shadow Rager
Patches the Pirate
Grimestreet Enforcer
Hobart Grapplehammer
Backstreet Leper
Blowgill Sniper
Big-Time Racketeer
Kabal Courier
Grimscale Chum
Naga Corsair
Second-Rate Bruiser
Hired Gun
Friendly Bartender
Toxic Sewer Ooze
Streetwise Investigator
Kabal Songstealer
Backroom Bouncer
Gadgetzan Socialite
Manic Soulcaster
Pint-Size Potion
Dragonfire Potion
Kabal Trafficker
Worgen Greaser
Grook Fu Master
Bomb Squad
Doppelgangster
Burgly Bully
Mayor Noggenfogger
Cryomancer
Madam Goya
Don Han'Cho
Inkmaster Solia
Spiked Hogrider
Jade Shuriken
Jade Swarmer
Gadgetzan Ferryman
Shadow Sensei
Devolve
Lotus Illusionist
Seadevil Stinger
Jade Lightning
Jade Blossom
Jade Spirit
Sleep with the Fishes
Jade Claws
Krul the Unshackled
Abyssal Enforcer
Stolen Goods
Grimestreet Outfitter
Grimy Gadgeteer
Grimestreet Pawnbroker
Alley Armorsmith
Meanstreet Marshal
Kabal Crystal Runner
Shaku, the Collector
Dirty Rat
Getaway Kodo
Wrathion
Auctionmaster Beardo
Genzo, the Shark
Tanaris Hogchopper
Leatherclad Hogleader
Lunar Visions
Wickerflame Burnbristle
Virmen Sensei
Daring Reporter
Lotus Agents
Grimestreet Smuggler
Ancient of Blossoms
Defias Cleaner
Unlicensed Apothecary
Aya Blackpaw
Small-Time Recruits
I Know a Guy
Goldshire Footman
Fen Creeper
Holy Nova
Mind Control
Inner Fire
Holy Smite
Mind Vision
Power Word: Shield
Claw
Healing Touch
Moonfire
Mark of the Wild
Savage Roar
Swipe
Wild Growth
Polymorph
Arcane Intellect
Frostbolt
Arcane Explosion
Frost Nova
Mirror Image
Blizzard
Fireball
Ice Lance
Flamestrike
Water Elemental
Frost Shock
Ancestral Spirit
Windfury
Ancestral Healing
Fire Elemental
Rockbiter Weapon
Bloodlust
Far Sight
Shadow Bolt
Blood Imp
Drain Life
Hellfire
Corruption
Dread Infernal
Voidwalker
Backstab
Cold Blood
Deadly Poison
Sinister Strike
Assassinate
Sprint
Assassin's Blade
Hunter's Mark
Blessing of Might
Guardian of Kings
Holy Light
Light's Justice
Blessing of Kings
Consecration
Hammer of Wrath
Truesilver Champion
Charge
Rampage
Heroic Strike
Fiery War Axe
Execute
Arcanite Reaper
Cleave
Earthen Ring Farseer
Magma Rager
Oasis Snapjaw
River Crocolisk
Frostwolf Grunt
Raid Leader
Wolfrider
Ironfur Grizzly
Silverback Patriarch
Stormwind Knight
Ironforge Rifleman
Kobold Geomancer
Southsea Deckhand
Gnomish Inventor
Stormpike Commando
Silver Hand Knight
Archmage
Ravenholdt Assassin
Lord of the Arena
Murloc Raider
Young Dragonhawk
Stonetusk Boar
Bloodfen Raptor
Bluegill Warrior
Sen'jin Shieldmasta
Injured Blademaster
Chillwind Yeti
War Golem
Booty Bay Bodyguard
Abusive Sergeant
Elven Archer
Razorfen Hunter
Ogre Magi
Boulderfist Ogre
Core Hound
Ironbeak Owl
Reckless Rocketeer
Spiteful Smith
Stormwind Champion
Frostwolf Warlord
Venture Co. Mercenary
Wisp
Ironbark Protector
Blade Flurry
Shadow Word: Pain
Northshire Cleric
Divine Spirit
Starving Buzzard
Darkscale Healer
Houndmaster
Timber Wolf
Tundra Rhino
Multi-Shot
Tracking
Arcane Shot
Gladiator's Longbow
Mind Blast
Lightwarden
The Black Knight
Young Priestess
Big Game Hunter
Alarm-o-Bot
Acolyte of Pain
Argent Squire
Angry Chicken
Worgen Infiltrator
Voodoo Doctor
Bloodmage Thalnos
King Mukla
Novice Engineer
Sylvanas Windrunner
Jungle Panther
Shattered Sun Cleric
Scarlet Crusader
Thrallmar Farseer
Silvermoon Guardian
Dragonling Mechanic
Stranglethorn Tiger
Leper Gnome
Sunwalker
Windfury Harpy
Twilight Drake
Questing Adventurer
Ancient Watcher
Dark Iron Dwarf
Spellbreaker
Youthful Brewmaster
Coldlight Oracle
Mana Addict
Ancient Brewmaster
Sunfury Protector
Crazed Alchemist
Old Murk-Eye
Acidic Swamp Ooze
Argent Commander
Pint-Sized Summoner
Secretkeeper
Mad Bomber
Tinkmaster Overspark
Warsong Commander
Mind Control Tech
Arcane Golem
Cabal Shadow Priest
Defender of Argus
Gadgetzan Auctioneer
Loot Hoarder
Abomination
Lorewalker Cho
Demolisher
Coldlight Seer
Mountain Giant
Cairne Bloodhoof
Gelbin Mekkatorque
Leeroy Jenkins
Eviscerate
Betrayal
Conceal
Fan of Knives
Noble Sacrifice
Defias Ringleader
Eye for an Eye
Perdition's Blade
SI:7 Agent
Redemption
Headcrack
Shadowstep
Preparation
Wrath
Mark of Nature
Soul of the Forest
Power of the Wild
Naturalize
Dire Wolf Alpha
Nourish
Druid of the Claw
Keeper of the Grove
Innervate
Emperor Cobra
Starfire
Ancient of War
Lightning Bolt
Lava Burst
Dust Devil
Totemic Might
Earth Shock
Hex
Stormforged Axe
Feral Spirit
Earth Elemental
Forked Lightning
Unbound Elemental
Lightning Storm
Ethereal Arcanist
Cone of Cold
Arcane Missiles
Shiv
Pyroblast
Frost Elemental
Azure Drake
Counterspell
Ice Barrier
Mirror Entity
Ice Block
Felguard
Mortal Coil
Shadowflame
Void Terror
Succubus
Soulfire
Siphon Soul
Doomguard
Twisting Nether
Pit Lord
Summoning Portal
Power Overwhelming
Sense Demons
Flame Imp
Bane of Doom
Lord Jaraxxus
Silence
Shadow Madness
Lightspawn
Thoughtsteal
Lightwell
Mindgames
Divine Favor
Prophet Velen
Lay on Hands
Blessed Champion
Humility
Argent Protector
Blessing of Wisdom
Holy Wrath
Sword of Justice
Hand of Protection
Repentance
Aldor Peacekeeper
Tirion Fordring
Avenging Wrath
Tauren Warrior
Slam
Battle Rage
Amani Berserker
Mogu'shan Warden
Arathi Weaponsmith
Gurubashi Berserker
Whirlwind
Armorsmith
Shieldbearer
Brawl
Mortal Strike
Upgrade!
Shield Slam
Gorehowl
Raging Worgen
Grommash Hellscream
Murloc Tidehunter
Murloc Warleader
Grimscale Oracle
Murloc Tidecaller
Patient Assassin
Scavenging Hyena
Misdirection
Savannah Highmane
Eaglehorn Bow
Explosive Shot
Unleash the Hounds
Kill Command
King Krush
Flare
Bestial Wrath
Snake Trap
Harvest Golem
Nat Pagle
Harrison Jones
Archmage Antonidas
Nozdormu
Alexstrasza
Malygos
Faceless Manipulator
Flametongue Totem
Doomhammer
Bite
Force of Nature
Ysera
Cenarius
Mana Tide Totem
The Beast
Savagery
Sap
Dalaran Mage
Priestess of Elune
Ancient Mage
Sea Giant
Windspeaker
Blood Knight
Auchenai Soulpriest
Nightblade
Vaporize
Cult Master
Demonfire
Imp Master
Cruel Taskmaster
Frothing Berserker
Shield Block
Inner Rage
Sorcerer's Apprentice
Snipe
Explosive Trap
Freezing Trap
Kirin Tor Mage
Edwin VanCleef
Illidan Stormrage
Mana Wraith
Deadly Shot
Equality
Molten Giant
Circle of Healing
Shadow Word: Death
Temple Enforcer
Holy Fire
Shadowform
Mass Dispel
Blood-Queen Lana'thel
Professor Putricide
Sindragosa
Zombie Chow
Haunted Creeper
Echoing Ooze
Mad Scientist
Shade of Naxxramas
Nerubian Egg
Spectral Knight
Deathlord
Maexxna
Webspinner
Sludge Belcher
Kel'Thuzad
Stalagg
Feugen
Wailing Soul
Nerub'ar Weblord
Duplicate
Poison Seeds
Avenge
Death's Bite
Voidcaller
Dark Cultist
Unstable Ghoul
Reincarnate
Anub'ar Ambusher
Stoneskin Gargoyle
Undertaker
Dancing Swords
Loatheb
Baron Rivendare
Flamecannon
Snowchugger
Unstable Portal
Goblin Blastmage
Echo of Medivh
Mechwarper
Flame Leviathan
Lightbomb
Shadowbomber
Velen's Chosen
Shrinkmeister
Light of the Naaru
Cogmaster
Vol'jin
Darkbomb
Fel Reaver
Call Pet
Mistress of Pain
Demonheart
Fel Cannon
Mal'Ganis
Tinker's Sharpsword Oil
Goblin Auto-Barber
Cogmaster's Wrench
One-eyed Cheat
Feign Death
Iron Sensei
Trade Prince Gallywix
Ancestor's Call
Anodized Robo Cub
Recycle
Grove Tender
Tree of Life
Mech-Bear-Cat
Malorne
Powermace
Whirling Zap-o-matic
Crackle
Vitality Totem
Siltfin Spiritwalker
Dark Wispers
Neptulon
Glaivezooka
Spider Tank
Imp-losion
King of Beasts
Sabotage
Metaltooth Leaper
Gahz'rilla
Bouncing Blade
Warbot
Crush
Shieldmaiden
Ogre Warmaul
Screwjank Clunker
Iron Juggernaut
Seal of Light
Shielded Minibot
Coghammer
Quartermaster
Muster for Battle
Cobalt Guardian
Bolvar Fordragon
Puddlestomper
Ogre Brute
Dunemaul Shaman
Stonesplinter Trogg
Burly Rockjaw Trogg
Antique Healbot
Salty Dog
Lost Tallstrider
Shadowboxer
Cobra Shot
Kezan Mystic
Ship's Cannon
Explosive Sheep
Anima Golem
Mechanical Yeti
Force-Tank MAX
Druid of the Fang
Gilblin Stalker
Clockwork Gnome
Upgraded Repair Bot
Flying Machine
Annoy-o-Tron
Siege Engine
Steamwheedle Sniper
Ogre Ninja
Illuminator
Madder Bomber
Arcane Nullifier X-21
Gnomish Experimenter
Target Dummy
Jeeves
Goblin Sapper
Piloted Shredder
Lil' Exorcist
Gnomeregan Infantry
Bomb Lobber
Floating Watcher
Scarlet Purifier
Tinkertown Technician
Micro Machine
Hobgoblin
Piloted Sky Golem
Junkbot
Enhance-o Mechano
Recombobulator
Mini-Mage
Dr. Boom
Mimiron's Head
Mogor the Ogre
Foe Reaper 4000
Sneed's Old Shredder
Toshley
Mekgineer Thermaplugg
Gazlowe
Troggzor the Earthinator
Blingtron 3000
Hemet Nesingwary
Clockwork Giant
Wee Spellstopper
Soot Spewer
Garrosh Hellscream
Magni Bronzebeard
Thrall
Morgl the Oracle
Valeera Sanguinar
Maiev Shadowsong
Uther Lightbringer
Lady Liadrin
Prince Arthas
Rexxar
Alleria Windrunner
Malfurion Stormrage
Gul'dan
Jaina Proudmoore
Medivh
Khadgar
Anduin Wrynn
Tyrande Whisperwind
Phantom Freebooter
Skelemancer
Exploding Bloatbat
Snowflipper Penguin
Rattling Rascal
Grim Necromancer
Bone Drake
Sunborne Val'kyr
Cobalt Scalebane
Night Howler
Venomancer
Arrogant Crusader
Righteous Protector
Dark Conviction
Defile
Fatespinner
Toxic Arrow
Webweave
Druid of the Swarm
Play Dead
Spreading Plague
Drain Soul
Cryostasis
Brrrloc
Mountainfire Armor
Blood Razor
Bone Baron
Vryghoul
Ice Walker
Ghastly Conjurer
Light's Sorrow
Despicable Dreadlord
Avalanche
Gnash
Drakkari Defender
Frozen Clone
Doomed Apprentice
Ultimate Infestation
Glacial Mysteries
Voodoo Hexxer
Ice Fishing
Snowfury Giant
Dead Man's Hand
Acherus Veteran
Tuskarr Fisherman
Fallen Sun Cleric
Furnacefire Colossus
Grave Shambler
Tomb Lurker
Ticking Abomination
Venomstrike Trap
Roll the Bones
Treachery
Devour Mind
Shadow Ascendant
Acolyte of Agony
Eternal Servitude
Obsidian Statue
Archbishop Benedictus
Howlfiend
Deadscale Knight
Leeching Poison
Doomerang
Shadow Essence
Ice Breaker
Animated Berserker
Runeforge Haunter
Corpse Widow
Desperate Stand
Blackguard
Coldwraith
Corpse Raiser
Forge of Souls
Moorabi
The Lich King
Rotface
Gnomeferatu
Val'kyr Soulclaimer
Stitched Tracker
Bearshark
Death Revenant
Saronite Chain Gang
Deathspeaker
Wretched Tiller
Unwilling Sacrifice
Thrall, Deathseer
Happy Ghoul
Skulking Geist
Shallow Gravedigger
Bonemare
Nerubian Unraveler
Howling Commander
Spirit Lash
Strongshell Scavenger
Crypt Lord
Plague Scientist
Deathaxe Punisher
Lilian Voss
Meat Wagon
Chillblade Champion
Simulacrum
Abominable Bowman
Valeera the Hollow
Deathstalker Rexxar
Stubborn Gastropod
Giant Wasp
Uther of the Ebon Blade
Shadowreaper Anduin
Bloodreaver Gul'dan
Malfurion the Pestilent
Frost Lich Jaina
Scourgelord Garrosh
Hadronox
Breath of Sindragosa
Bring It On!
Embrace Darkness
Shadowblade
Prince Keleseth
Prince Taldaram
Prince Valanar
Arfus
Hyldnir Frostrider
Spellweaver
Bolvar, Fireblood
Necrotic Geist
Drakkari Enchanter
Mindbreaker
Sanguine Reveler
Wicked Skeleton
Bloodworm
Spectral Pillager
Keening Banshee
Corpsetaker
Tainted Zealot
Cat Trick
Kindly Grandmother
Cloaked Huntress
Babbling Book
Nightbane Templar
Pompous Thespian
Purify
Wicked Witchdoctor
Kara Kazham!
Protect the King!
Fool's Bane
Runic Egg
Pantry Spider
Book Wyrm
Priest of the Feast
Arcane Anomaly
Avian Watcher
Moat Lurker
Moroes
Ivory Knight
The Curator
Netherspite Historian
Spirit Claws
Menagerie Warden
Swashburglar
Ethereal Peddler
Maelstrom Portal
Moonglade Portal
Firelands Portal
Silvermoon Portal
Malchezaar's Imp
Ironforge Portal
Medivh's Valet
Deadly Fork
Zoobot
Prince Malchezaar
Medivh, the Guardian
Barnes
Onyx Bishop
Silverware Golem
Enchanted Raven
Menagerie Magician
Arcanosmith
Arcane Giant
Violet Illusionist
Forgotten Torch
Ethereal Conjurer
Museum Curator
Curse of Rafaam
Obsidian Destroyer
Pit Snake
Reno Jackson
Tomb Pillager
Rumbling Elemental
Keeper of Uldaman
Tunnel Trogg
Unearthed Raptor
Desert Camel
Dart Trap
Fierce Monkey
Dark Peddler
Anyfin Can Happen
Sacred Trial
Jeweled Scarab
Naga Sea Witch
Gorillabot A-3
Huge Toad
Tomb Spider
Mounted Raptor
Jungle Moonkin
Djinni of Zephyrs
Anubisath Sentinel
Fossilized Devilsaur
Sir Finley Mrrgglton
Brann Bronzebeard
Elise Starseeker
Summoning Stone
Wobbling Runts
Arch-Thief Rafaam
Entomb
Explorer's Hat
Eerie Statue
Ancient Shade
Excavated Evil
Everyfin is Awesome
Raven Idol
Reliquary Seeker
Cursed Blade
Animated Armor
Murloc Tinyfin
Sacrificial Pact
Vanish
Kidnapper
Starfall
Ancient of Lore
Al'Akir the Windlord
Kor'kron Elite
Mana Wyrm
Master of Disguise
Captain's Parrot
Hungry Crab
Bloodsail Raider
Knife Juggler
Wild Pyromancer
Doomsayer
Dread Corsair
Faerie Dragon
Captain Greenskin
Bloodsail Corsair
Violet Teacher
Southsea Captain
Millhouse Manastorm
Deathwing
Animal Companion
Commanding Shout
Master Swordsmith
Gruul
Hogger
Stampeding Kodo
Vilefin Inquisitor
Primal Fusion
Flamewreathed Faceless
Eternal Sentinel
Evolve
Thing from Below
Hammer of Twilight
Tentacles for Arms
Silithid Swarmer
Y'Shaarj, Rage Unbound
Fandral Staghelm
Infest
Feral Rage
Mark of Y'Shaarj
Forbidden Ancient
On the Hunt
Bladed Cultist
Journey Below
Thistle Tea
Xaril, Poisoned Mind
Shatter
Evolved Kobold
Twilight Flamecaller
Demented Frostcaller
Forbidden Flame
Servant of Yogg-Saron
Cabalist's Tome
Power Word: Tentacles
Twilight Darkmender
Shadow Word: Horror
Forbidden Shaping
Darkspeaker
Embrace the Shadow
Darkshire Librarian
Darkshire Councilman
Forbidden Ritual
Spreading Madness
Renounce Darkness
Anomalus
Cho'gall
Mukla, Tyrant of the Vale
Shifter Zerus
Twin Emperor Vek'lor
N'Zoth, the Corruptor
Yogg-Saron, Hope's End
Nerubian Prophet
Faceless Behemoth
Eldritch Horror
Psych-o-Tron
Corrupted Healbot
Ravaging Ghoul
Aberrant Berserker
Tentacle of N'Zoth
Grotesque Dragonhawk
Bog Creeper
Bilefin Tidehunter
Zealous Initiate
Corrupted Seer
Disciple of C'Thun
Blood of The Ancient One
Faceless Shambler
Shadow Strike
Fiery Bat
Klaxxi Amber-Weaver
Wisps of the Old Gods
Forbidden Healing
Validated Doomsayer
Mire Keeper
Stormcrack
Faceless Summoner
Hallazeal the Ascended
Infested Wolf
Bloodhoof Brave
Malkorok
Selfless Hero
Rallying Blade
Divine Strength
Ragnaros, Lightlord
Darkshire Alchemist
DOOM!
Possessed Villager
Twisted Worgen
Am'gam Rager
Infested Tauren
Eater of Secrets
Doomcaller
Spawn of N'Zoth
Southsea Squidface
Scaled Nightmare
Twilight Summoner
Stand Against Darkness
Blood Warriors
C'Thun
Beckoner of Evil
Blade of C'Thun
C'Thun's Chosen
Twilight Geomancer
Twilight Elder
Ancient Harbinger
Shadowcaster
Forlorn Stalker
Dark Arakkoa
Cult Apothecary
The Boogeymonster
Ancient Shieldbearer
Usher of Souls
Cult Sorcerer
Giant Sand Worm
Princess Huhuran
Steward of Darkshire
A Light in the Darkness
N'Zoth's First Mate
Addled Grizzly
Blood To Ichor
Bloodsail Cultist
Herald Volazj
Deathwing, Dragonlord
Hogger, Doom of Elwynn
Midnight Drake
Crazed Worshipper
Blackwater Pirate
Polluted Hoarder
Carrion Grub
Duskboar
Squirming Tentacle
Master of Evolution
Undercity Huckster
Hooded Acolyte
Shifting Shade
Cyclopian Horror
Nat, the Darkfisher
Skeram Cultist
Soggoth the Slitherer
Elite Tauren Chieftain
Stampede
Flesheating Ghoul
Spellbender
Pterrordax Hatchling
Volcanosaur
Dinosize
Ravasaur Runt
Sated Threshadon
Hydrologist
Sunkeeper Tarim
Flame Geyser
Air Elemental
Arcanologist
Steam Surger
Mirage Caller
Mana Bind
Volcano
Pyros
Open the Waygate
Shadow Visions
Binding Heal
Crystalline Oracle
Radiant Elemental
Curious Glimmerroot
Tortollan Shellraiser
Ravenous Pterrordax
Tar Lurker
Razorpetal Volley
Razorpetal Lasher
Mimic Pod
Obsidian Shard
Biteweed
Vilespine Slayer
Sherazin, Corpse Flower
The Caverns Below
Tol'vir Stoneshaper
Giant Mastodon
Stonehill Defender
Rockpool Hunter
Vicious Fledgling
Eggnapper
Tortollan Forager
Frozen Crusher
Thunder Lizard
Devilsaur Egg
Fire Plume Phoenix
Emerald Hive Queen
Giant Anaconda
Bittertide Hydra
Tortollan Primalist
Gentle Megasaur
Charged Devilsaur
Verdant Longneck
Shellshifter
Evolving Spores
Earthen Scales
Elder Longneck
Living Mana
Bright-Eyed Scout
Jungle Giants
Primalfin Totem
Fire Plume Harbinger
Glacial Shard
Stone Sentinel
Kalimos, Primal Lord
Terrorscale Stalker
Nesting Roc
Emerald Reaver
Ultrasaur
Golakka Crawler
Fire Fly
Stegodon
Sabretooth Stalker
Stormwatcher
Servant of Kalimos
Tidal Surge
Volatile Elemental
Envenom Weapon
Lakkari Sacrifice
Cruel Dinomancer
Corrupting Mist
Bloodbloom
Lakkari Felhound
Feeding Time
Chittering Tunneler
Clutchmother Zavas
Tar Lord
Hemet, Jungle Hunter
The Voraxx
Humongous Razorleaf
Igneous Elemental
Shimmering Tempest
Blazecaller
Primordial Drake
Elise the Trailblazer
Tyrantus
Free From Amber
Hallucination
Spiritsinger Umbra
Ozruk
Grievous Bite
Jeweled Macaw
Tol'vir Warden
Raptor Hatchling
Crackling Razormaw
Dinomancy
Swamp King Dred
The Marsh Queen
Explore Un'Goro
Iron Hide
Ornery Direhorn
Cornered Sentry
Sudden Genesis
Tar Creeper
Molten Blade
King Mosh
Fire Plume's Heart
Primalfin Lookout
Hot Spring Guardian
Awaken the Makers
Primordial Glyph
Unite the Murlocs
Gluttonous Ooze
Molten Reflection
Vinecleaver
Spikeridged Steed
Primalfin Champion
The Last Kaleidosaur
Meteor
Spirit Echo
Direhorn Hatchling
Lost in the Jungle
Adaptation
Lightfused Stegodon
Lyra the Sunshard
Count:30
Player1: Mulligan 18
Player2: Mulligan 45,60
here:0
Player1: PLAYING / Player2: PLAYING - ROUND 1 - FitzVonGerald
Hero[P1]: 30 / Hero[P2]: 30

* Calculating solutions *** Player 1 ***
Depth: 1 --> 0/1 options! [SOLUTIONS:1]
- Player 1 - <FitzVonGerald> ---------------------------
EndTurnTask => [FitzVonGerald]
- Player 2 - <RehHausZuckFuchs> ---------------------------
* Calculating solutions *** Player 2 ***
Depth: 1 --> 2/3 options! [SOLUTIONS:1]
Depth: 2 --> 4/6 options! [SOLUTIONS:3]
Depth: 3 --> 1/5 options! [SOLUTIONS:7]
Depth: 4 --> 0/1 options! [SOLUTIONS:8]
- Player 2 - <RehHausZuckFuchs> ---------------------------
PlayCardTask => [RehHausZuckFuchs] play 'Tunnel Trogg[41]'(MINION) to Pos[0]
EndTurnTask => [RehHausZuckFuchs]
here:0
Player1: PLAYING / Player2: PLAYING - ROUND 2 - FitzVonGerald
Hero[P1]: 30 / Hero[P2]: 30

* Calculating solutions *** Player 1 ***
Depth: 1 --> 1/2 options! [SOLUTIONS:1]
Depth: 2 --> 0/1 options! [SOLUTIONS:2]
- Player 1 - <FitzVonGerald> ---------------------------
EndTurnTask => [FitzVonGerald]
- Player 2 - <RehHausZuckFuchs> ---------------------------
* Calculating solutions *** Player 2 ***
Depth: 1 --> 4/5 options! [SOLUTIONS:1]
Depth: 2 --> 10/14 options! [SOLUTIONS:5]
Depth: 3 --> 12/22 options! [SOLUTIONS:15]
Depth: 4 --> 4/16 options! [SOLUTIONS:27]
Depth: 5 --> 0/4 options! [SOLUTIONS:31]
- Player 2 - <RehHausZuckFuchs> ---------------------------
PlayCardTask => [RehHausZuckFuchs] play 'Jade Claws[55]'(WEAPON)
MinionAttackTask => [RehHausZuckFuchs] 'Tunnel Trogg[41]'(MINION) attack 'Garrosh Hellscream[4]'
HeroAttackTask => [RehHausZuckFuchs] 'Thrall[6]' attacks 'Garrosh Hellscream[4]'
EndTurnTask => [RehHausZuckFuchs]
here:0
Player1: PLAYING / Player2: PLAYING - ROUND 3 - FitzVonGerald
Hero[P1]: 26 / Hero[P2]: 30

* Calculating solutions *** Player 1 ***
Depth: 1 --> 1/2 options! [SOLUTIONS:1]
Depth: 2 --> 0/1 options! [SOLUTIONS:2]
- Player 1 - <FitzVonGerald> ---------------------------
EndTurnTask => [FitzVonGerald]
- Player 2 - <RehHausZuckFuchs> ---------------------------
* Calculating solutions *** Player 2 ***
Depth: 1 --> 6/7 options! [SOLUTIONS:1]
Depth: 2 --> 21/27 options! [SOLUTIONS:7]
Depth: 3 --> 42/63 options! [SOLUTIONS:28]
Depth: 4 --> 41/83 options! [SOLUTIONS:70]
Depth: 5 --> 14/55 options! [SOLUTIONS:111]
Depth: 6 --> 0/14 options! [SOLUTIONS:125]
- Player 2 - <RehHausZuckFuchs> ---------------------------
PlayCardTask => [RehHausZuckFuchs] play 'The Coin[70]'(SPELL)
PlayCardTask => [RehHausZuckFuchs] play 'Lightning Storm[50]'(SPELL)
MinionAttackTask => [RehHausZuckFuchs] 'Tunnel Trogg[41]'(MINION) attack 'Garrosh Hellscream[4]'
MinionAttackTask => [RehHausZuckFuchs] 'Jade Golem[71]'(MINION) attack 'Garrosh Hellscream[4]'
HeroAttackTask => [RehHausZuckFuchs] 'Thrall[6]' attacks 'Garrosh Hellscream[4]'
EndTurnTask => [RehHausZuckFuchs]
here:0
Player1: PLAYING / Player2: PLAYING - ROUND 4 - FitzVonGerald
Hero[P1]: 19 / Hero[P2]: 30

* Calculating solutions *** Player 1 ***
Depth: 1 --> 6/7 options! [SOLUTIONS:1]
Depth: 2 --> 7/13 options! [SOLUTIONS:7]
Depth: 3 --> 4/11 options! [SOLUTIONS:14]
Depth: 4 --> 3/7 options! [SOLUTIONS:18]
Depth: 5 --> 0/3 options! [SOLUTIONS:21]
- Player 1 - <FitzVonGerald> ---------------------------
PlayCardTask => [FitzVonGerald] play 'Valeera Sanguinar[33]'(HERO)
HeroPowerTask => [FitzVonGerald] using 'Dagger Mastery[72]'
HeroAttackTask => [FitzVonGerald] 'Valeera Sanguinar[33]' attacks 'Thrall[6]'
EndTurnTask => [FitzVonGerald]
- Player 2 - <RehHausZuckFuchs> ---------------------------
* Calculating solutions *** Player 2 ***
Depth: 1 --> 7/8 options! [SOLUTIONS:1]
Depth: 2 --> 12/19 options! [SOLUTIONS:8]
Depth: 3 --> 7/19 options! [SOLUTIONS:20]
Depth: 4 --> 1/8 options! [SOLUTIONS:27]
Depth: 5 --> 0/1 options! [SOLUTIONS:28]
- Player 2 - <RehHausZuckFuchs> ---------------------------
PlayCardTask => [RehHausZuckFuchs] play 'Tunnel Trogg[40]'(MINION) to Pos[0]
MinionAttackTask => [RehHausZuckFuchs] 'Tunnel Trogg[41]'(MINION) attack 'Valeera Sanguinar[33]'
MinionAttackTask => [RehHausZuckFuchs] 'Jade Golem[71]'(MINION) attack 'Valeera Sanguinar[33]'
EndTurnTask => [RehHausZuckFuchs]
here:0
Player1: PLAYING / Player2: PLAYING - ROUND 5 - FitzVonGerald
Hero[P1]: 14 / Hero[P2]: 29

* Calculating solutions *** Player 1 ***
Depth: 1 --> 11/12 options! [SOLUTIONS:1]
Depth: 2 --> 41/52 options! [SOLUTIONS:12]
Depth: 3 --> 24/65 options! [SOLUTIONS:53]
Depth: 4 --> 0/24 options! [SOLUTIONS:77]
- Player 1 - <FitzVonGerald> ---------------------------
PlayCardTask => [FitzVonGerald] play 'Dread Corsair[29]'(MINION) to Pos[0]
HeroAttackTask => [FitzVonGerald] 'Valeera Sanguinar[33]' attacks 'Thrall[6]'
EndTurnTask => [FitzVonGerald]
- Player 2 - <RehHausZuckFuchs> ---------------------------
* Calculating solutions *** Player 2 ***
Depth: 1 --> 13/14 options! [SOLUTIONS:1]
Depth: 2 --> 63/76 options! [SOLUTIONS:14]
Depth: 3 --> 202/265 options! [SOLUTIONS:77]
Depth: 4 --> 400/602 options! [SOLUTIONS:279]
Depth: 5 --> 449/849 options! [SOLUTIONS:679]
Depth: 6 --> 181/630 options! [SOLUTIONS:1128]
Depth: 7 --> 0/181 options! [SOLUTIONS:1309]
- Player 2 - <RehHausZuckFuchs> ---------------------------
MinionAttackTask => [RehHausZuckFuchs] 'Tunnel Trogg[41]'(MINION) attack 'Dread Corsair[29]'
PlayCardTask => [RehHausZuckFuchs] play 'Totem Golem[42]'(MINION) to Pos[0]
MinionAttackTask => [RehHausZuckFuchs] 'Tunnel Trogg[40]'(MINION) attack 'Valeera Sanguinar[33]'
MinionAttackTask => [RehHausZuckFuchs] 'Jade Golem[71]'(MINION) attack 'Valeera Sanguinar[33]'
HeroPowerTask => [RehHausZuckFuchs] using 'Totemic Call[7]'
EndTurnTask => [RehHausZuckFuchs]
here:0
Player1: PLAYING / Player2: PLAYING - ROUND 6 - FitzVonGerald
Hero[P1]: 11 / Hero[P2]: 28

* Calculating solutions *** Player 1 ***
Depth: 1 --> 9/10 options! [SOLUTIONS:1]
Depth: 2 --> 17/26 options! [SOLUTIONS:10]
Depth: 3 --> 62/79 options! [SOLUTIONS:27]
Depth: 4 --> 0/62 options! [SOLUTIONS:89]
- Player 1 - <FitzVonGerald> ---------------------------
PlayCardTask => [FitzVonGerald] play 'Keeper of Uldaman[13]'(MINION) 'Totem Golem[42]' to Pos[0]
HeroPowerTask => [FitzVonGerald] using 'Dagger Mastery[72]'
HeroAttackTask => [FitzVonGerald] 'Valeera Sanguinar[33]' attacks 'Thrall[6]'
EndTurnTask => [FitzVonGerald]
- Player 2 - <RehHausZuckFuchs> ---------------------------
* Calculating solutions *** Player 2 ***
Depth: 1 --> 21/22 options! [SOLUTIONS:1]
Depth: 2 --> 163/184 options! [SOLUTIONS:22]
Depth: 3 --> 500/874 options! [SOLUTIONS:185]
Depth: 4 --> 500/1840 options! [SOLUTIONS:685]
Depth: 5 --> 500/1120 options! [SOLUTIONS:1185]
Depth: 6 --> 482/982 options! [SOLUTIONS:1685]
Depth: 7 --> 237/719 options! [SOLUTIONS:2167]
Depth: 8 --> 0/237 options! [SOLUTIONS:2404]
- Player 2 - <RehHausZuckFuchs> ---------------------------
PlayCardTask => [RehHausZuckFuchs] play 'Hex[57]'(SPELL) 'Keeper of Uldaman[13]'
MinionAttackTask => [RehHausZuckFuchs] 'Jade Golem[71]'(MINION) attack 'Frog[79]'
MinionAttackTask => [RehHausZuckFuchs] 'Totem Golem[42]'(MINION) attack 'Valeera Sanguinar[33]'
MinionAttackTask => [RehHausZuckFuchs] 'Tunnel Trogg[40]'(MINION) attack 'Valeera Sanguinar[33]'
MinionAttackTask => [RehHausZuckFuchs] 'Searing Totem[74]'(MINION) attack 'Valeera Sanguinar[33]'
EndTurnTask => [RehHausZuckFuchs]
here:0
Player1: PLAYING / Player2: PLAYING - ROUND 7 - FitzVonGerald
Hero[P1]: 5 / Hero[P2]: 27

* Calculating solutions *** Player 1 ***
Depth: 1 --> 12/13 options! [SOLUTIONS:1]
Depth: 2 --> 49/61 options! [SOLUTIONS:13]
Depth: 3 --> 66/115 options! [SOLUTIONS:62]
Depth: 4 --> 0/66 options! [SOLUTIONS:128]
- Player 1 - <FitzVonGerald> ---------------------------
PlayCardTask => [FitzVonGerald] play 'War Golem[25]'(MINION) to Pos[0]
HeroAttackTask => [FitzVonGerald] 'Valeera Sanguinar[33]' attacks 'Thrall[6]'
EndTurnTask => [FitzVonGerald]
- Player 2 - <RehHausZuckFuchs> ---------------------------
* Calculating solutions *** Player 2 ***
Depth: 1 --> 21/22 options! [SOLUTIONS:1]
Depth: 2 --> 299/321 options! [SOLUTIONS:23]
Depth: 3 --> 500/3332 options! [SOLUTIONS:342]
Depth: 4 --> 500/3787 options! [SOLUTIONS:890]
Depth: 5 --> 500/2931 options! [SOLUTIONS:1454]
Depth: 6 --> 500/2302 options! [SOLUTIONS:2061]
Depth: 7 --> 500/1817 options! [SOLUTIONS:2667]
Depth: 8 --> 500/1251 options! [SOLUTIONS:3257]
Depth: 9 --> 259/823 options! [SOLUTIONS:3821]
Depth: 10 --> 0/259 options! [SOLUTIONS:4080]
- Player 2 - <RehHausZuckFuchs> ---------------------------
MinionAttackTask => [RehHausZuckFuchs] 'Totem Golem[42]'(MINION) attack 'Valeera Sanguinar[33]'
MinionAttackTask => [RehHausZuckFuchs] 'Tunnel Trogg[40]'(MINION) attack 'Valeera Sanguinar[33]'
Game: COMPLETE, Player1: LOST / Player2: WON
Player1: Mulligan 
Player2: Mulligan 56,60
here:2
Player1: PLAYING / Player2: PLAYING - ROUND 1 - FitzVonGerald
Hero[P1]: 30 / Hero[P2]: 30

* Calculating solutions *** Player 1 ***
Depth: 1 --> 0/1 options! [SOLUTIONS:1]
- Player 1 - <FitzVonGerald> ---------------------------
EndTurnTask => [FitzVonGerald]
- Player 2 - <RehHausZuckFuchs> ---------------------------
* Calculating solutions *** Player 2 ***
Depth: 1 --> 1/2 options! [SOLUTIONS:1]
Depth: 2 --> 2/3 options! [SOLUTIONS:2]
Depth: 3 --> 1/3 options! [SOLUTIONS:4]
Depth: 4 --> 0/1 options! [SOLUTIONS:5]
- Player 2 - <RehHausZuckFuchs> ---------------------------
PlayCardTask => [RehHausZuckFuchs] play 'The Coin[70]'(SPELL)
PlayCardTask => [RehHausZuckFuchs] play 'Jade Claws[54]'(WEAPON)
HeroAttackTask => [RehHausZuckFuchs] 'Thrall[6]' attacks 'Garrosh Hellscream[4]'
EndTurnTask => [RehHausZuckFuchs]
here:2
Player1: PLAYING / Player2: PLAYING - ROUND 2 - FitzVonGerald
Hero[P1]: 28 / Hero[P2]: 30

* Calculating solutions *** Player 1 ***
Depth: 1 --> 2/3 options! [SOLUTIONS:1]
Depth: 2 --> 0/2 options! [SOLUTIONS:3]
- Player 1 - <FitzVonGerald> ---------------------------
EndTurnTask => [FitzVonGerald]
- Player 2 - <RehHausZuckFuchs> ---------------------------
* Calculating solutions *** Player 2 ***
Depth: 1 --> 2/3 options! [SOLUTIONS:1]
Depth: 2 --> 1/3 options! [SOLUTIONS:3]
Depth: 3 --> 0/1 options! [SOLUTIONS:4]
- Player 2 - <RehHausZuckFuchs> ---------------------------
MinionAttackTask => [RehHausZuckFuchs] 'Jade Golem[71]'(MINION) attack 'Garrosh Hellscream[4]'
HeroAttackTask => [RehHausZuckFuchs] 'Thrall[6]' attacks 'Garrosh Hellscream[4]'
EndTurnTask => [RehHausZuckFuchs]
here:2
Player1: PLAYING / Player2: PLAYING - ROUND 3 - FitzVonGerald
Hero[P1]: 25 / Hero[P2]: 30

* Calculating solutions *** Player 1 ***
Depth: 1 --> 5/6 options! [SOLUTIONS:1]
Depth: 2 --> 0/5 options! [SOLUTIONS:6]
- Player 1 - <FitzVonGerald> ---------------------------
PlayCardTask => [FitzVonGerald] play 'Shadow Strike[31]'(SPELL) 'Thrall[6]'
EndTurnTask => [FitzVonGerald]
- Player 2 - <RehHausZuckFuchs> ---------------------------
* Calculating solutions *** Player 2 ***
Depth: 1 --> 2/3 options! [SOLUTIONS:1]
Depth: 2 --> 2/4 options! [SOLUTIONS:3]
Depth: 3 --> 0/2 options! [SOLUTIONS:5]
- Player 2 - <RehHausZuckFuchs> ---------------------------
HeroPowerTask => [RehHausZuckFuchs] using 'Totemic Call[7]'
MinionAttackTask => [RehHausZuckFuchs] 'Jade Golem[71]'(MINION) attack 'Garrosh Hellscream[4]'
EndTurnTask => [RehHausZuckFuchs]
here:2
Player1: PLAYING / Player2: PLAYING - ROUND 4 - FitzVonGerald
Hero[P1]: 24 / Hero[P2]: 25

* Calculating solutions *** Player 1 ***
Depth: 1 --> 4/5 options! [SOLUTIONS:1]
Depth: 2 --> 1/5 options! [SOLUTIONS:5]
Depth: 3 --> 0/1 options! [SOLUTIONS:6]
- Player 1 - <FitzVonGerald> ---------------------------
PlayCardTask => [FitzVonGerald] play 'Dragonkin Sorcerer[15]'(MINION) to Pos[0]
EndTurnTask => [FitzVonGerald]
- Player 2 - <RehHausZuckFuchs> ---------------------------
* Calculating solutions *** Player 2 ***
Depth: 1 --> 18/19 options! [SOLUTIONS:1]
Depth: 2 --> 75/93 options! [SOLUTIONS:19]
Depth: 3 --> 134/209 options! [SOLUTIONS:94]
Depth: 4 --> 96/230 options! [SOLUTIONS:228]
Depth: 5 --> 0/96 options! [SOLUTIONS:324]
- Player 2 - <RehHausZuckFuchs> ---------------------------
PlayCardTask => [RehHausZuckFuchs] play 'Jade Lightning[52]'(SPELL) 'Dragonkin Sorcerer[15]'
MinionAttackTask => [RehHausZuckFuchs] 'Jade Golem[71]'(MINION) attack 'Dragonkin Sorcerer[15]'
MinionAttackTask => [RehHausZuckFuchs] 'Searing Totem[72]'(MINION) attack 'Garrosh Hellscream[4]'
EndTurnTask => [RehHausZuckFuchs]
here:2
Player1: PLAYING / Player2: PLAYING - ROUND 5 - FitzVonGerald
Hero[P1]: 23 / Hero[P2]: 25

* Calculating solutions *** Player 1 ***
Depth: 1 --> 5/6 options! [SOLUTIONS:1]
Depth: 2 --> 3/8 options! [SOLUTIONS:6]
Depth: 3 --> 0/3 options! [SOLUTIONS:9]
- Player 1 - <FitzVonGerald> ---------------------------
PlayCardTask => [FitzVonGerald] play 'Chillwind Yeti[14]'(MINION) to Pos[0]
EndTurnTask => [FitzVonGerald]
- Player 2 - <RehHausZuckFuchs> ---------------------------
* Calculating solutions *** Player 2 ***
Depth: 1 --> 20/21 options! [SOLUTIONS:1]
Depth: 2 --> 115/135 options! [SOLUTIONS:21]
Depth: 3 --> 341/456 options! [SOLUTIONS:136]
Depth: 4 --> 500/1006 options! [SOLUTIONS:477]
Depth: 5 --> 500/1063 options! [SOLUTIONS:977]
Depth: 6 --> 63/563 options! [SOLUTIONS:1477]
Depth: 7 --> 1/64 options! [SOLUTIONS:1540]
Depth: 8 --> 0/1 options! [SOLUTIONS:1541]
- Player 2 - <RehHausZuckFuchs> ---------------------------
PlayCardTask => [RehHausZuckFuchs] play 'Maelstrom Portal[48]'(SPELL)
MinionAttackTask => [RehHausZuckFuchs] 'Searing Totem[72]'(MINION) attack 'Garrosh Hellscream[4]'
HeroPowerTask => [RehHausZuckFuchs] using 'Totemic Call[7]'
PlayCardTask => [RehHausZuckFuchs] play 'Lightning Bolt[51]'(SPELL) 'Chillwind Yeti[14]'
MinionAttackTask => [RehHausZuckFuchs] 'Jade Golem[76]'(MINION) attack 'Garrosh Hellscream[4]'
EndTurnTask => [RehHausZuckFuchs]
here:2
Player1: PLAYING / Player2: PLAYING - ROUND 6 - FitzVonGerald
Hero[P1]: 20 / Hero[P2]: 25

* Calculating solutions *** Player 1 ***
Depth: 1 --> 6/7 options! [SOLUTIONS:1]
Depth: 2 --> 6/12 options! [SOLUTIONS:7]
Depth: 3 --> 0/6 options! [SOLUTIONS:13]
- Player 1 - <FitzVonGerald> ---------------------------
PlayCardTask => [FitzVonGerald] play 'Boulderfist Ogre[34]'(MINION) to Pos[0]
EndTurnTask => [FitzVonGerald]
- Player 2 - <RehHausZuckFuchs> ---------------------------
* Calculating solutions *** Player 2 ***
Depth: 1 --> 22/23 options! [SOLUTIONS:1]
Depth: 2 --> 129/151 options! [SOLUTIONS:23]
Depth: 3 --> 342/471 options! [SOLUTIONS:152]
Depth: 4 --> 426/768 options! [SOLUTIONS:494]
Depth: 5 --> 207/633 options! [SOLUTIONS:920]
Depth: 6 --> 0/207 options! [SOLUTIONS:1127]
- Player 2 - <RehHausZuckFuchs> ---------------------------
PlayCardTask => [RehHausZuckFuchs] play 'Hex[56]'(SPELL) 'Boulderfist Ogre[34]'
MinionAttackTask => [RehHausZuckFuchs] 'Searing Totem[72]'(MINION) attack 'Frog[81]'
MinionAttackTask => [RehHausZuckFuchs] 'Jade Golem[76]'(MINION) attack 'Garrosh Hellscream[4]'
MinionAttackTask => [RehHausZuckFuchs] 'Tentacle of N'Zoth[77]'(MINION) attack 'Garrosh Hellscream[4]'
EndTurnTask => [RehHausZuckFuchs]
here:2
Player1: PLAYING / Player2: PLAYING - ROUND 7 - FitzVonGerald
Hero[P1]: 17 / Hero[P2]: 25

* Calculating solutions *** Player 1 ***
Depth: 1 --> 6/7 options! [SOLUTIONS:1]
Depth: 2 --> 28/34 options! [SOLUTIONS:7]
Depth: 3 --> 15/43 options! [SOLUTIONS:35]
Depth: 4 --> 0/15 options! [SOLUTIONS:50]
- Player 1 - <FitzVonGerald> ---------------------------
PlayCardTask => [FitzVonGerald] play 'Stampeding Kodo[36]'(MINION) to Pos[0]
PlayCardTask => [FitzVonGerald] play 'Pyros[17]'(MINION) to Pos[0]
EndTurnTask => [FitzVonGerald]
- Player 2 - <RehHausZuckFuchs> ---------------------------
* Calculating solutions *** Player 2 ***
Depth: 1 --> 24/25 options! [SOLUTIONS:1]
Depth: 2 --> 317/341 options! [SOLUTIONS:25]
Depth: 3 --> 500/3083 options! [SOLUTIONS:342]
Depth: 4 --> 500/3009 options! [SOLUTIONS:842]
Depth: 5 --> 500/1814 options! [SOLUTIONS:1342]
Depth: 6 --> 500/1033 options! [SOLUTIONS:1842]
Depth: 7 --> 0/500 options! [SOLUTIONS:2342]
- Player 2 - <RehHausZuckFuchs> ---------------------------
PlayCardTask => [RehHausZuckFuchs] play 'Thing from Below[45]'(MINION) to Pos[0]
PlayCardTask => [RehHausZuckFuchs] play 'Patches the Pirate[61]'(MINION) to Pos[0]
MinionAttackTask => [RehHausZuckFuchs] 'Patches the Pirate[61]'(MINION) attack 'Garrosh Hellscream[4]'
MinionAttackTask => [RehHausZuckFuchs] 'Jade Golem[76]'(MINION) attack 'Garrosh Hellscream[4]'
MinionAttackTask => [RehHausZuckFuchs] 'Tentacle of N'Zoth[77]'(MINION) attack 'Garrosh Hellscream[4]'
HeroPowerTask => [RehHausZuckFuchs] using 'Totemic Call[7]'
EndTurnTask => [RehHausZuckFuchs]
here:2
Player1: PLAYING / Player2: PLAYING - ROUND 8 - FitzVonGerald
Hero[P1]: 13 / Hero[P2]: 25

* Calculating solutions *** Player 1 ***
Depth: 1 --> 16/17 options! [SOLUTIONS:1]
Depth: 2 --> 130/146 options! [SOLUTIONS:17]
Depth: 3 --> 297/427 options! [SOLUTIONS:147]
Depth: 4 --> 249/546 options! [SOLUTIONS:444]
Depth: 5 --> 60/309 options! [SOLUTIONS:693]
Depth: 6 --> 0/60 options! [SOLUTIONS:753]
- Player 1 - <FitzVonGerald> ---------------------------
PlayCardTask => [FitzVonGerald] play 'The Lich King[32]'(MINION) to Pos[0]
MinionAttackTask => [FitzVonGerald] 'Pyros[17]'(MINION) attack 'Thing from Below[45]'
MinionAttackTask => [FitzVonGerald] 'Stampeding Kodo[36]'(MINION) attack 'Thing from Below[45]'
EndTurnTask => [FitzVonGerald]
- Player 2 - <RehHausZuckFuchs> ---------------------------
* Calculating solutions *** Player 2 ***
Depth: 1 --> 29/30 options! [SOLUTIONS:1]
Depth: 2 --> 351/380 options! [SOLUTIONS:30]
Depth: 3 --> 500/2187 options! [SOLUTIONS:381]
Depth: 4 --> 500/4216 options! [SOLUTIONS:881]
Depth: 5 --> 500/1615 options! [SOLUTIONS:1381]
Depth: 6 --> 500/1118 options! [SOLUTIONS:1881]
Depth: 7 --> 266/766 options! [SOLUTIONS:2381]
Depth: 8 --> 0/266 options! [SOLUTIONS:2647]
- Player 2 - <RehHausZuckFuchs> ---------------------------
PlayCardTask => [RehHausZuckFuchs] play 'Hex[57]'(SPELL) 'The Lich King[32]'
MinionAttackTask => [RehHausZuckFuchs] 'Patches the Pirate[61]'(MINION) attack 'Frog[87]'
EndTurnTask => [RehHausZuckFuchs]
here:2
Player1: PLAYING / Player2: PLAYING - ROUND 9 - FitzVonGerald
Hero[P1]: 13 / Hero[P2]: 25

* Calculating solutions *** Player 1 ***
Depth: 1 --> 8/9 options! [SOLUTIONS:1]
Depth: 2 --> 50/58 options! [SOLUTIONS:9]
Depth: 3 --> 158/208 options! [SOLUTIONS:59]
Depth: 4 --> 250/408 options! [SOLUTIONS:217]
Depth: 5 --> 469/719 options! [SOLUTIONS:467]
Depth: 6 --> 63/532 options! [SOLUTIONS:936]
Depth: 7 --> 0/63 options! [SOLUTIONS:999]
- Player 1 - <FitzVonGerald> ---------------------------
PlayCardTask => [FitzVonGerald] play 'Army of the Dead[86]'(SPELL)
PlayCardTask => [FitzVonGerald] play 'Valeera Sanguinar[33]'(HERO)
MinionAttackTask => [FitzVonGerald] 'Doomguard[16]'(MINION) attack 'Thrall[6]'
HeroPowerTask => [FitzVonGerald] using 'Dagger Mastery[88]'
HeroAttackTask => [FitzVonGerald] 'Valeera Sanguinar[33]' attacks 'Thrall[6]'
EndTurnTask => [FitzVonGerald]
- Player 2 - <RehHausZuckFuchs> ---------------------------
* Calculating solutions *** Player 2 ***
Depth: 1 --> 49/50 options! [SOLUTIONS:1]
Depth: 2 --> 500/1581 options! [SOLUTIONS:50]
Depth: 3 --> 500/10967 options! [SOLUTIONS:550]
Depth: 4 --> 500/8728 options! [SOLUTIONS:1050]
Depth: 5 --> 500/6192 options! [SOLUTIONS:1550]
Depth: 6 --> 500/5667 options! [SOLUTIONS:2050]
Depth: 7 --> 500/3715 options! [SOLUTIONS:2550]
Depth: 8 --> 500/1766 options! [SOLUTIONS:3050]
Depth: 9 --> 0/500 options! [SOLUTIONS:3550]
- Player 2 - <RehHausZuckFuchs> ---------------------------
PlayCardTask => [RehHausZuckFuchs] play 'Al'Akir the Windlord[60]'(MINION) to Pos[0]
PlayCardTask => [RehHausZuckFuchs] play 'Tunnel Trogg[41]'(MINION) to Pos[0]
MinionAttackTask => [RehHausZuckFuchs] 'Al'Akir the Windlord[60]'(MINION) attack 'Void Terror[23]'
MinionAttackTask => [RehHausZuckFuchs] 'Al'Akir the Windlord[60]'(MINION) attack 'Valeera Sanguinar[33]'
EndTurnTask => [RehHausZuckFuchs]
here:2
Player1: PLAYING / Player2: PLAYING - ROUND 10 - FitzVonGerald
Hero[P1]: 10 / Hero[P2]: 19

* Calculating solutions *** Player 1 ***
Depth: 1 --> 32/33 options! [SOLUTIONS:1]
Depth: 2 --> 500/929 options! [SOLUTIONS:33]
Depth: 3 --> 500/5461 options! [SOLUTIONS:533]
Depth: 4 --> 500/4280 options! [SOLUTIONS:1033]
Depth: 5 --> 500/7258 options! [SOLUTIONS:1533]
Depth: 6 --> 500/7588 options! [SOLUTIONS:2033]
Depth: 7 --> 500/4523 options! [SOLUTIONS:2533]
Depth: 8 --> 500/2672 options! [SOLUTIONS:3033]
Depth: 9 --> 500/1200 options! [SOLUTIONS:3533]
Depth: 10 --> 0/500 options! [SOLUTIONS:4033]
- Player 1 - <FitzVonGerald> ---------------------------
PlayCardTask => [FitzVonGerald] play 'Commanding Shout[24]'(SPELL)
PlayCardTask => [FitzVonGerald] play 'Demolisher[35]'(MINION) to Pos[0]
PlayCardTask => [FitzVonGerald] play 'Maiden of the Lake[27]'(MINION) to Pos[0]
MinionAttackTask => [FitzVonGerald] 'Keeper of Uldaman[13]'(MINION) attack 'Al'Akir the Windlord[60]'
MinionAttackTask => [FitzVonGerald] 'Elise Starseeker[30]'(MINION) attack 'Al'Akir the Windlord[60]'
MinionAttackTask => [FitzVonGerald] 'Volcanosaur[10]'(MINION) attack 'Thrall[6]'
MinionAttackTask => [FitzVonGerald] 'Doomguard[16]'(MINION) attack 'Thrall[6]'
EndTurnTask => [FitzVonGerald]
- Player 2 - <RehHausZuckFuchs> ---------------------------
* Calculating solutions *** Player 2 ***
Depth: 1 --> 57/58 options! [SOLUTIONS:1]
Depth: 2 --> 500/1783 options! [SOLUTIONS:58]
Depth: 3 --> 500/16755 options! [SOLUTIONS:558]
Depth: 4 --> 500/13363 options! [SOLUTIONS:1058]
Depth: 5 --> 500/6863 options! [SOLUTIONS:1558]
Depth: 6 --> 500/3270 options! [SOLUTIONS:2058]
Depth: 7 --> 500/2148 options! [SOLUTIONS:2558]
Depth: 8 --> 472/972 options! [SOLUTIONS:3058]
Depth: 9 --> 0/472 options! [SOLUTIONS:3530]
- Player 2 - <RehHausZuckFuchs> ---------------------------
PlayCardTask => [RehHausZuckFuchs] play 'Azure Drake[67]'(MINION) to Pos[0]
PlayCardTask => [RehHausZuckFuchs] play 'Lightning Storm[50]'(SPELL)
MinionAttackTask => [RehHausZuckFuchs] 'Tunnel Trogg[41]'(MINION) attack 'Maiden of the Lake[27]'
MinionAttackTask => [RehHausZuckFuchs] 'Patches the Pirate[61]'(MINION) attack 'Volcanosaur[10]'
PlayCardTask => [RehHausZuckFuchs] play 'Totem Golem[43]'(MINION) to Pos[0]
MinionAttackTask => [RehHausZuckFuchs] 'Jade Golem[76]'(MINION) attack 'Doomguard[16]'
MinionAttackTask => [RehHausZuckFuchs] 'Tentacle of N'Zoth[77]'(MINION) attack 'Valeera Sanguinar[33]'
MinionAttackTask => [RehHausZuckFuchs] 'Searing Totem[82]'(MINION) attack 'Volcanosaur[10]'
EndTurnTask => [RehHausZuckFuchs]
here:2
Player1: PLAYING / Player2: PLAYING - ROUND 11 - FitzVonGerald
Hero[P1]: 9 / Hero[P2]: 9

* Calculating solutions *** Player 1 ***
Depth: 1 --> 11/12 options! [SOLUTIONS:1]
Depth: 2 --> 71/82 options! [SOLUTIONS:12]
Depth: 3 --> 300/371 options! [SOLUTIONS:83]
Depth: 4 --> 206/506 options! [SOLUTIONS:383]
Depth: 5 --> 0/206 options! [SOLUTIONS:589]
- Player 1 - <FitzVonGerald> ---------------------------
PlayCardTask => [FitzVonGerald] play 'Holy Champion[28]'(MINION) to Pos[0]
PlayCardTask => [FitzVonGerald] play 'Pyros[85]'(MINION) to Pos[0]
HeroAttackTask => [FitzVonGerald] 'Valeera Sanguinar[33]' attacks 'Thrall[6]'
EndTurnTask => [FitzVonGerald]
- Player 2 - <RehHausZuckFuchs> ---------------------------
* Calculating solutions *** Player 2 ***
Depth: 1 --> 31/32 options! [SOLUTIONS:1]
Depth: 2 --> 500/701 options! [SOLUTIONS:32]
Depth: 3 --> 500/5757 options! [SOLUTIONS:532]
Depth: 4 --> 500/3379 options! [SOLUTIONS:1034]
Depth: 5 --> 500/1759 options! [SOLUTIONS:1550]
Depth: 6 --> 415/930 options! [SOLUTIONS:2065]
Depth: 7 --> 0/415 options! [SOLUTIONS:2480]
- Player 2 - <RehHausZuckFuchs> ---------------------------
PlayCardTask => [RehHausZuckFuchs] play 'Azure Drake[66]'(MINION) to Pos[0]
MinionAttackTask => [RehHausZuckFuchs] 'Totem Golem[43]'(MINION) attack 'Valeera Sanguinar[33]'
MinionAttackTask => [RehHausZuckFuchs] 'Azure Drake[67]'(MINION) attack 'Valeera Sanguinar[33]'
MinionAttackTask => [RehHausZuckFuchs] 'Tunnel Trogg[41]'(MINION) attack 'Valeera Sanguinar[33]'
Game: COMPLETE, Player1: LOST / Player2: WON
Player1: Mulligan 30
Player2: Mulligan 65,67,53
here:4
Player1: PLAYING / Player2: PLAYING - ROUND 1 - FitzVonGerald
Hero[P1]: 30 / Hero[P2]: 30

* Calculating solutions *** Player 1 ***
Depth: 1 --> 0/1 options! [SOLUTIONS:1]
- Player 1 - <FitzVonGerald> ---------------------------
EndTurnTask => [FitzVonGerald]
- Player 2 - <RehHausZuckFuchs> ---------------------------
* Calculating solutions *** Player 2 ***
Depth: 1 --> 1/2 options! [SOLUTIONS:1]
Depth: 2 --> 2/3 options! [SOLUTIONS:2]
Depth: 3 --> 1/3 options! [SOLUTIONS:4]
Depth: 4 --> 0/1 options! [SOLUTIONS:5]
- Player 2 - <RehHausZuckFuchs> ---------------------------
PlayCardTask => [RehHausZuckFuchs] play 'The Coin[70]'(SPELL)
PlayCardTask => [RehHausZuckFuchs] play 'Jade Claws[55]'(WEAPON)
HeroAttackTask => [RehHausZuckFuchs] 'Thrall[6]' attacks 'Garrosh Hellscream[4]'
EndTurnTask => [RehHausZuckFuchs]
here:4
Player1: PLAYING / Player2: PLAYING - ROUND 2 - FitzVonGerald
Hero[P1]: 28 / Hero[P2]: 30

* Calculating solutions *** Player 1 ***
Depth: 1 --> 2/3 options! [SOLUTIONS:1]
Depth: 2 --> 0/2 options! [SOLUTIONS:3]
- Player 1 - <FitzVonGerald> ---------------------------
PlayCardTask => [FitzVonGerald] play 'Young Dragonhawk[37]'(MINION) to Pos[0]
EndTurnTask => [FitzVonGerald]
- Player 2 - <RehHausZuckFuchs> ---------------------------
* Calculating solutions *** Player 2 ***
Depth: 1 --> 4/5 options! [SOLUTIONS:1]
Depth: 2 --> 3/7 options! [SOLUTIONS:5]
Depth: 3 --> 0/3 options! [SOLUTIONS:8]
- Player 2 - <RehHausZuckFuchs> ---------------------------
MinionAttackTask => [RehHausZuckFuchs] 'Jade Golem[71]'(MINION) attack 'Garrosh Hellscream[4]'
HeroAttackTask => [RehHausZuckFuchs] 'Thrall[6]' attacks 'Young Dragonhawk[37]'
EndTurnTask => [RehHausZuckFuchs]
here:4
Player1: PLAYING / Player2: PLAYING - ROUND 3 - FitzVonGerald
Hero[P1]: 27 / Hero[P2]: 29

* Calculating solutions *** Player 1 ***
Depth: 1 --> 1/2 options! [SOLUTIONS:1]
Depth: 2 --> 0/1 options! [SOLUTIONS:2]
- Player 1 - <FitzVonGerald> ---------------------------
EndTurnTask => [FitzVonGerald]
- Player 2 - <RehHausZuckFuchs> ---------------------------
* Calculating solutions *** Player 2 ***
Depth: 1 --> 3/4 options! [SOLUTIONS:1]
Depth: 2 --> 3/6 options! [SOLUTIONS:4]
Depth: 3 --> 1/4 options! [SOLUTIONS:7]
Depth: 4 --> 0/1 options! [SOLUTIONS:8]
- Player 2 - <RehHausZuckFuchs> ---------------------------
MinionAttackTask => [RehHausZuckFuchs] 'Jade Golem[71]'(MINION) attack 'Garrosh Hellscream[4]'
HeroPowerTask => [RehHausZuckFuchs] using 'Totemic Call[7]'
EndTurnTask => [RehHausZuckFuchs]
here:4
Player1: PLAYING / Player2: PLAYING - ROUND 4 - FitzVonGerald
Hero[P1]: 26 / Hero[P2]: 29

* Calculating solutions *** Player 1 ***
Depth: 1 --> 4/5 options! [SOLUTIONS:1]
Depth: 2 --> 0/4 options! [SOLUTIONS:5]
- Player 1 - <FitzVonGerald> ---------------------------
PlayCardTask => [FitzVonGerald] play 'Elise Starseeker[30]'(MINION) to Pos[0]
EndTurnTask => [FitzVonGerald]
- Player 2 - <RehHausZuckFuchs> ---------------------------
* Calculating solutions *** Player 2 ***
Depth: 1 --> 15/16 options! [SOLUTIONS:1]
Depth: 2 --> 56/71 options! [SOLUTIONS:16]
Depth: 3 --> 111/167 options! [SOLUTIONS:72]
Depth: 4 --> 140/251 options! [SOLUTIONS:183]
Depth: 5 --> 52/192 options! [SOLUTIONS:323]
Depth: 6 --> 0/52 options! [SOLUTIONS:375]
- Player 2 - <RehHausZuckFuchs> ---------------------------
PlayCardTask => [RehHausZuckFuchs] play 'Jade Lightning[53]'(SPELL) 'Elise Starseeker[30]'
MinionAttackTask => [RehHausZuckFuchs] 'Jade Golem[71]'(MINION) attack 'Elise Starseeker[30]'
EndTurnTask => [RehHausZuckFuchs]
here:4
Player1: PLAYING / Player2: PLAYING - ROUND 5 - FitzVonGerald
Hero[P1]: 26 / Hero[P2]: 29

* Calculating solutions *** Player 1 ***
Depth: 1 --> 5/6 options! [SOLUTIONS:1]
Depth: 2 --> 1/6 options! [SOLUTIONS:6]
Depth: 3 --> 0/1 options! [SOLUTIONS:7]
- Player 1 - <FitzVonGerald> ---------------------------
PlayCardTask => [FitzVonGerald] play 'Doomguard[16]'(MINION) to Pos[0]
MinionAttackTask => [FitzVonGerald] 'Doomguard[16]'(MINION) attack 'Stoneclaw Totem[73]'
EndTurnTask => [FitzVonGerald]
- Player 2 - <RehHausZuckFuchs> ---------------------------
* Calculating solutions *** Player 2 ***
Depth: 1 --> 14/15 options! [SOLUTIONS:1]
Depth: 2 --> 81/95 options! [SOLUTIONS:15]
Depth: 3 --> 355/436 options! [SOLUTIONS:96]
Depth: 4 --> 500/1350 options! [SOLUTIONS:451]
Depth: 5 --> 500/1209 options! [SOLUTIONS:951]
Depth: 6 --> 356/856 options! [SOLUTIONS:1451]
Depth: 7 --> 0/356 options! [SOLUTIONS:1807]
- Player 2 - <RehHausZuckFuchs> ---------------------------
PlayCardTask => [RehHausZuckFuchs] play 'Barnes[65]'(MINION) to Pos[1]
PlayCardTask => [RehHausZuckFuchs] play 'Patches the Pirate[61]'(MINION) to Pos[2]
MinionAttackTask => [RehHausZuckFuchs] 'Jade Golem[77]'(MINION) attack 'Garrosh Hellscream[4]'
MinionAttackTask => [RehHausZuckFuchs] 'Patches the Pirate[61]'(MINION) attack 'Garrosh Hellscream[4]'
EndTurnTask => [RehHausZuckFuchs]
here:4
Player1: PLAYING / Player2: PLAYING - ROUND 6 - FitzVonGerald
Hero[P1]: 23 / Hero[P2]: 29

* Calculating solutions *** Player 1 ***
Depth: 1 --> 10/11 options! [SOLUTIONS:1]
Depth: 2 --> 34/44 options! [SOLUTIONS:11]
Depth: 3 --> 10/44 options! [SOLUTIONS:45]
Depth: 4 --> 0/10 options! [SOLUTIONS:55]
- Player 1 - <FitzVonGerald> ---------------------------
PlayCardTask => [FitzVonGerald] play 'Stampeding Kodo[36]'(MINION) to Pos[0]
MinionAttackTask => [FitzVonGerald] 'Doomguard[16]'(MINION) attack 'Thrall[6]'
EndTurnTask => [FitzVonGerald]
- Player 2 - <RehHausZuckFuchs> ---------------------------
* Calculating solutions *** Player 2 ***
Depth: 1 --> 28/29 options! [SOLUTIONS:1]
Depth: 2 --> 306/334 options! [SOLUTIONS:29]
Depth: 3 --> 500/2294 options! [SOLUTIONS:335]
Depth: 4 --> 500/2324 options! [SOLUTIONS:835]
Depth: 5 --> 500/1075 options! [SOLUTIONS:1335]
Depth: 6 --> 500/2122 options! [SOLUTIONS:1835]
Depth: 7 --> 500/1188 options! [SOLUTIONS:2335]
Depth: 8 --> 15/515 options! [SOLUTIONS:2835]
Depth: 9 --> 0/15 options! [SOLUTIONS:2850]
- Player 2 - <RehHausZuckFuchs> ---------------------------
PlayCardTask => [RehHausZuckFuchs] play 'Spirit Claws[47]'(WEAPON)
PlayCardTask => [RehHausZuckFuchs] play 'Totem Golem[42]'(MINION) to Pos[0]
MinionAttackTask => [RehHausZuckFuchs] 'Barnes[65]'(MINION) attack 'Stampeding Kodo[36]'
MinionAttackTask => [RehHausZuckFuchs] 'Patches the Pirate[61]'(MINION) attack 'Stampeding Kodo[36]'
MinionAttackTask => [RehHausZuckFuchs] 'Small-Time Buccaneer[78]'(MINION) attack 'Doomguard[16]'
HeroAttackTask => [RehHausZuckFuchs] 'Thrall[6]' attacks 'Doomguard[16]'
PlayCardTask => [RehHausZuckFuchs] play 'Maelstrom Portal[48]'(SPELL)
MinionAttackTask => [RehHausZuckFuchs] 'Southsea Deckhand[79]'(MINION) attack 'Doomguard[16]'
EndTurnTask => [RehHausZuckFuchs]
here:4
Player1: PLAYING / Player2: PLAYING - ROUND 7 - FitzVonGerald
Hero[P1]: 23 / Hero[P2]: 19

* Calculating solutions *** Player 1 ***
Depth: 1 --> 11/12 options! [SOLUTIONS:1]
Depth: 2 --> 30/41 options! [SOLUTIONS:12]
Depth: 3 --> 8/38 options! [SOLUTIONS:42]
Depth: 4 --> 0/8 options! [SOLUTIONS:50]
- Player 1 - <FitzVonGerald> ---------------------------
PlayCardTask => [FitzVonGerald] play 'War Golem[25]'(MINION) to Pos[0]
MinionAttackTask => [FitzVonGerald] 'Doomguard[16]'(MINION) attack 'Thrall[6]'
EndTurnTask => [FitzVonGerald]
- Player 2 - <RehHausZuckFuchs> ---------------------------
* Calculating solutions *** Player 2 ***
Depth: 1 --> 25/26 options! [SOLUTIONS:1]
Depth: 2 --> 288/313 options! [SOLUTIONS:26]
Depth: 3 --> 500/2161 options! [SOLUTIONS:314]
Depth: 4 --> 500/2358 options! [SOLUTIONS:814]
Depth: 5 --> 500/1527 options! [SOLUTIONS:1314]
Depth: 6 --> 500/1000 options! [SOLUTIONS:1814]
Depth: 7 --> 0/500 options! [SOLUTIONS:2314]
- Player 2 - <RehHausZuckFuchs> ---------------------------
PlayCardTask => [RehHausZuckFuchs] play 'Azure Drake[67]'(MINION) to Pos[0]
PlayCardTask => [RehHausZuckFuchs] play 'Small-Time Buccaneer[62]'(MINION) to Pos[0]
MinionAttackTask => [RehHausZuckFuchs] 'Totem Golem[42]'(MINION) attack 'War Golem[25]'
MinionAttackTask => [RehHausZuckFuchs] 'Barnes[65]'(MINION) attack 'War Golem[25]'
MinionAttackTask => [RehHausZuckFuchs] 'Animated Berserker[79]'(MINION) attack 'War Golem[25]'
HeroAttackTask => [RehHausZuckFuchs] 'Thrall[6]' attacks 'Doomguard[16]'
EndTurnTask => [RehHausZuckFuchs]
here:4
Player1: PLAYING / Player2: PLAYING - ROUND 8 - FitzVonGerald
Hero[P1]: 23 / Hero[P2]: 9

* Calculating solutions *** Player 1 ***
Depth: 1 --> 5/6 options! [SOLUTIONS:1]
Depth: 2 --> 11/16 options! [SOLUTIONS:6]
Depth: 3 --> 4/15 options! [SOLUTIONS:17]
Depth: 4 --> 0/4 options! [SOLUTIONS:21]
- Player 1 - <FitzVonGerald> ---------------------------
PlayCardTask => [FitzVonGerald] play 'The Lich King[32]'(MINION) to Pos[0]
EndTurnTask => [FitzVonGerald]
- Player 2 - <RehHausZuckFuchs> ---------------------------
* Calculating solutions *** Player 2 ***
Depth: 1 --> 16/17 options! [SOLUTIONS:1]
Depth: 2 --> 166/182 options! [SOLUTIONS:17]
Depth: 3 --> 500/1036 options! [SOLUTIONS:183]
Depth: 4 --> 500/1758 options! [SOLUTIONS:683]
Depth: 5 --> 500/1075 options! [SOLUTIONS:1183]
Depth: 6 --> 202/702 options! [SOLUTIONS:1683]
Depth: 7 --> 0/202 options! [SOLUTIONS:1885]
- Player 2 - <RehHausZuckFuchs> ---------------------------
PlayCardTask => [RehHausZuckFuchs] play 'Aya Blackpaw[68]'(MINION) to Pos[0]
PlayCardTask => [RehHausZuckFuchs] play 'Bloodmage Thalnos[64]'(MINION) to Pos[0]
MinionAttackTask => [RehHausZuckFuchs] 'Small-Time Buccaneer[62]'(MINION) attack 'The Lich King[32]'
MinionAttackTask => [RehHausZuckFuchs] 'Azure Drake[67]'(MINION) attack 'The Lich King[32]'
HeroAttackTask => [RehHausZuckFuchs] 'Thrall[6]' attacks 'The Lich King[32]'
EndTurnTask => [RehHausZuckFuchs]
here:4
Player1: PLAYING / Player2: PLAYING - ROUND 9 - FitzVonGerald
Hero[P1]: 23 / Hero[P2]: 1

* Calculating solutions *** Player 1 ***
Depth: 1 --> 6/7 options! [SOLUTIONS:1]
Depth: 2 --> 27/33 options! [SOLUTIONS:7]
Depth: 3 --> 10/37 options! [SOLUTIONS:34]
Depth: 4 --> 0/10 options! [SOLUTIONS:44]
- Player 1 - <FitzVonGerald> ---------------------------
PlayCardTask => [FitzVonGerald] play 'Dread Corsair[29]'(MINION) to Pos[0]
PlayCardTask => [FitzVonGerald] play 'Chillwind Yeti[14]'(MINION) to Pos[0]
EndTurnTask => [FitzVonGerald]
- Player 2 - <RehHausZuckFuchs> ---------------------------
* Calculating solutions *** Player 2 ***
Depth: 1 --> 16/17 options! [SOLUTIONS:1]
Depth: 2 --> 244/260 options! [SOLUTIONS:17]
Depth: 3 --> 500/1848 options! [SOLUTIONS:261]
Depth: 4 --> 500/2668 options! [SOLUTIONS:761]
Depth: 5 --> 500/1760 options! [SOLUTIONS:1261]
Depth: 6 --> 500/1141 options! [SOLUTIONS:1761]
Depth: 7 --> 0/500 options! [SOLUTIONS:2261]
- Player 2 - <RehHausZuckFuchs> ---------------------------
PlayCardTask => [RehHausZuckFuchs] play 'Thing from Below[44]'(MINION) to Pos[0]
PlayCardTask => [RehHausZuckFuchs] play 'Azure Drake[66]'(MINION) to Pos[0]
MinionAttackTask => [RehHausZuckFuchs] 'Jade Golem[81]'(MINION) attack 'Dread Corsair[29]'
MinionAttackTask => [RehHausZuckFuchs] 'Bloodmage Thalnos[64]'(MINION) attack 'Garrosh Hellscream[4]'
MinionAttackTask => [RehHausZuckFuchs] 'Aya Blackpaw[68]'(MINION) attack 'Chillwind Yeti[14]'
EndTurnTask => [RehHausZuckFuchs]
here:4
Player1: PLAYING / Player2: PLAYING - ROUND 10 - FitzVonGerald
Hero[P1]: 22 / Hero[P2]: 1

* Calculating solutions *** Player 1 ***
Depth: 1 --> 5/6 options! [SOLUTIONS:1]
Depth: 2 --> 16/21 options! [SOLUTIONS:6]
Depth: 3 --> 24/40 options! [SOLUTIONS:22]
Depth: 4 --> 38/64 options! [SOLUTIONS:48]
Depth: 5 --> 60/112 options! [SOLUTIONS:100]
Depth: 6 --> 4/64 options! [SOLUTIONS:160]
Depth: 7 --> 0/4 options! [SOLUTIONS:164]
- Player 1 - <FitzVonGerald> ---------------------------
PlayCardTask => [FitzVonGerald] play 'The Black Knight[18]'(MINION) 'Thing from Below[44]' to Pos[0]
PlayCardTask => [FitzVonGerald] play 'Valeera Sanguinar[33]'(HERO)
HeroPowerTask => [FitzVonGerald] using 'Dagger Mastery[83]'
HeroAttackTask => [FitzVonGerald] 'Valeera Sanguinar[33]' attacks 'Thrall[6]'
- Player 2 - <FitzVonGerald> ---------------------------
Game: COMPLETE, Player1: WON / Player2: LOST
Player1: Mulligan 28,22
Player2: Mulligan 60,53
here:6
Player1: PLAYING / Player2: PLAYING - ROUND 1 - FitzVonGerald
Hero[P1]: 30 / Hero[P2]: 30

* Calculating solutions *** Player 1 ***
Depth: 1 --> 0/1 options! [SOLUTIONS:1]
- Player 1 - <FitzVonGerald> ---------------------------
EndTurnTask => [FitzVonGerald]
- Player 2 - <RehHausZuckFuchs> ---------------------------
* Calculating solutions *** Player 2 ***
Depth: 1 --> 3/4 options! [SOLUTIONS:1]
Depth: 2 --> 6/9 options! [SOLUTIONS:4]
Depth: 3 --> 6/12 options! [SOLUTIONS:10]
Depth: 4 --> 4/10 options! [SOLUTIONS:16]
Depth: 5 --> 0/4 options! [SOLUTIONS:20]
- Player 2 - <RehHausZuckFuchs> ---------------------------
PlayCardTask => [RehHausZuckFuchs] play 'Small-Time Buccaneer[62]'(MINION) to Pos[0]
PlayCardTask => [RehHausZuckFuchs] play 'The Coin[70]'(SPELL)
PlayCardTask => [RehHausZuckFuchs] play 'Patches the Pirate[61]'(MINION) to Pos[0]
MinionAttackTask => [RehHausZuckFuchs] 'Patches the Pirate[61]'(MINION) attack 'Garrosh Hellscream[4]'
EndTurnTask => [RehHausZuckFuchs]
here:6
Player1: PLAYING / Player2: PLAYING - ROUND 2 - FitzVonGerald
Hero[P1]: 29 / Hero[P2]: 30

* Calculating solutions *** Player 1 ***
Depth: 1 --> 1/2 options! [SOLUTIONS:1]
Depth: 2 --> 0/1 options! [SOLUTIONS:2]
- Player 1 - <FitzVonGerald> ---------------------------
EndTurnTask => [FitzVonGerald]
- Player 2 - <RehHausZuckFuchs> ---------------------------
* Calculating solutions *** Player 2 ***
Depth: 1 --> 4/5 options! [SOLUTIONS:1]
Depth: 2 --> 7/11 options! [SOLUTIONS:5]
Depth: 3 --> 7/14 options! [SOLUTIONS:12]
Depth: 4 --> 2/9 options! [SOLUTIONS:19]
Depth: 5 --> 0/2 options! [SOLUTIONS:21]
- Player 2 - <RehHausZuckFuchs> ---------------------------
PlayCardTask => [RehHausZuckFuchs] play 'Spirit Claws[46]'(WEAPON)
MinionAttackTask => [RehHausZuckFuchs] 'Patches the Pirate[61]'(MINION) attack 'Garrosh Hellscream[4]'
MinionAttackTask => [RehHausZuckFuchs] 'Small-Time Buccaneer[62]'(MINION) attack 'Garrosh Hellscream[4]'
HeroAttackTask => [RehHausZuckFuchs] 'Thrall[6]' attacks 'Garrosh Hellscream[4]'
EndTurnTask => [RehHausZuckFuchs]
here:6
Player1: PLAYING / Player2: PLAYING - ROUND 3 - FitzVonGerald
Hero[P1]: 24 / Hero[P2]: 30

* Calculating solutions *** Player 1 ***
Depth: 1 --> 6/7 options! [SOLUTIONS:1]
Depth: 2 --> 0/6 options! [SOLUTIONS:7]
- Player 1 - <FitzVonGerald> ---------------------------
PlayCardTask => [FitzVonGerald] play 'Void Terror[23]'(MINION) to Pos[0]
EndTurnTask => [FitzVonGerald]
- Player 2 - <RehHausZuckFuchs> ---------------------------
* Calculating solutions *** Player 2 ***
Depth: 1 --> 7/8 options! [SOLUTIONS:1]
Depth: 2 --> 22/29 options! [SOLUTIONS:8]
Depth: 3 --> 38/60 options! [SOLUTIONS:30]
Depth: 4 --> 28/66 options! [SOLUTIONS:68]
Depth: 5 --> 0/28 options! [SOLUTIONS:96]
- Player 2 - <RehHausZuckFuchs> ---------------------------
MinionAttackTask => [RehHausZuckFuchs] 'Small-Time Buccaneer[62]'(MINION) attack 'Garrosh Hellscream[4]'
HeroPowerTask => [RehHausZuckFuchs] using 'Totemic Call[7]'
MinionAttackTask => [RehHausZuckFuchs] 'Patches the Pirate[61]'(MINION) attack 'Garrosh Hellscream[4]'
HeroAttackTask => [RehHausZuckFuchs] 'Thrall[6]' attacks 'Void Terror[23]'
EndTurnTask => [RehHausZuckFuchs]
here:6
Player1: PLAYING / Player2: PLAYING - ROUND 4 - FitzVonGerald
Hero[P1]: 20 / Hero[P2]: 27

* Calculating solutions *** Player 1 ***
Depth: 1 --> 18/19 options! [SOLUTIONS:1]
Depth: 2 --> 77/95 options! [SOLUTIONS:19]
Depth: 3 --> 76/153 options! [SOLUTIONS:96]
Depth: 4 --> 0/76 options! [SOLUTIONS:172]
- Player 1 - <FitzVonGerald> ---------------------------
PlayCardTask => [FitzVonGerald] play 'Holy Champion[28]'(MINION) to Pos[0]
MinionAttackTask => [FitzVonGerald] 'Void Terror[23]'(MINION) attack 'Thrall[6]'
EndTurnTask => [FitzVonGerald]
- Player 2 - <RehHausZuckFuchs> ---------------------------
* Calculating solutions *** Player 2 ***
Depth: 1 --> 18/19 options! [SOLUTIONS:1]
Depth: 2 --> 132/150 options! [SOLUTIONS:19]
Depth: 3 --> 500/655 options! [SOLUTIONS:151]
Depth: 4 --> 500/1443 options! [SOLUTIONS:651]
Depth: 5 --> 168/668 options! [SOLUTIONS:1151]
Depth: 6 --> 0/168 options! [SOLUTIONS:1319]
- Player 2 - <RehHausZuckFuchs> ---------------------------
PlayCardTask => [RehHausZuckFuchs] play 'Jade Lightning[53]'(SPELL) 'Holy Champion[28]'
MinionAttackTask => [RehHausZuckFuchs] 'Patches the Pirate[61]'(MINION) attack 'Holy Champion[28]'
MinionAttackTask => [RehHausZuckFuchs] 'Small-Time Buccaneer[62]'(MINION) attack 'Void Terror[23]'
HeroAttackTask => [RehHausZuckFuchs] 'Thrall[6]' attacks 'Garrosh Hellscream[4]'
EndTurnTask => [RehHausZuckFuchs]
here:6
Player1: PLAYING / Player2: PLAYING - ROUND 5 - FitzVonGerald
Hero[P1]: 19 / Hero[P2]: 24

* Calculating solutions *** Player 1 ***
Depth: 1 --> 8/9 options! [SOLUTIONS:1]
Depth: 2 --> 7/15 options! [SOLUTIONS:9]
Depth: 3 --> 0/7 options! [SOLUTIONS:16]
- Player 1 - <FitzVonGerald> ---------------------------
PlayCardTask => [FitzVonGerald] play 'Doppelgangster[22]'(MINION) to Pos[0]
EndTurnTask => [FitzVonGerald]
- Player 2 - <RehHausZuckFuchs> ---------------------------
* Calculating solutions *** Player 2 ***
Depth: 1 --> 16/17 options! [SOLUTIONS:1]
Depth: 2 --> 59/75 options! [SOLUTIONS:17]
Depth: 3 --> 38/97 options! [SOLUTIONS:76]
Depth: 4 --> 62/100 options! [SOLUTIONS:114]
Depth: 5 --> 0/62 options! [SOLUTIONS:176]
- Player 2 - <RehHausZuckFuchs> ---------------------------
PlayCardTask => [RehHausZuckFuchs] play 'Thing from Below[44]'(MINION) to Pos[0]
MinionAttackTask => [RehHausZuckFuchs] 'Jade Golem[75]'(MINION) attack 'Garrosh Hellscream[4]'
EndTurnTask => [RehHausZuckFuchs]
here:6
Player1: PLAYING / Player2: PLAYING - ROUND 6 - FitzVonGerald
Hero[P1]: 18 / Hero[P2]: 24

* Calculating solutions *** Player 1 ***
Depth: 1 --> 35/36 options! [SOLUTIONS:1]
Depth: 2 --> 460/495 options! [SOLUTIONS:36]
Depth: 3 --> 500/2229 options! [SOLUTIONS:496]
Depth: 4 --> 500/1726 options! [SOLUTIONS:996]
Depth: 5 --> 500/1317 options! [SOLUTIONS:1496]
Depth: 6 --> 488/988 options! [SOLUTIONS:1996]
Depth: 7 --> 423/911 options! [SOLUTIONS:2484]
Depth: 8 --> 492/915 options! [SOLUTIONS:2907]
Depth: 9 --> 0/492 options! [SOLUTIONS:3399]
- Player 1 - <FitzVonGerald> ---------------------------
PlayCardTask => [FitzVonGerald] play 'Purify[12]'(SPELL) 'Doppelgangster[76]'
PlayCardTask => [FitzVonGerald] play 'Wrath[19]'(SPELL) 'Thing from Below[44]' Option 1
PlayCardTask => [FitzVonGerald] play 'Valeera Sanguinar[33]'(HERO)
MinionAttackTask => [FitzVonGerald] 'Doppelgangster[76]'(MINION) attack 'Thing from Below[44]'
MinionAttackTask => [FitzVonGerald] 'Doppelgangster[22]'(MINION) attack 'Thrall[6]'
MinionAttackTask => [FitzVonGerald] 'Doppelgangster[77]'(MINION) attack 'Thrall[6]'
HeroPowerTask => [FitzVonGerald] using 'Dagger Mastery[78]'
HeroAttackTask => [FitzVonGerald] 'Valeera Sanguinar[33]' attacks 'Thrall[6]'
EndTurnTask => [FitzVonGerald]
- Player 2 - <RehHausZuckFuchs> ---------------------------
* Calculating solutions *** Player 2 ***
Depth: 1 --> 17/18 options! [SOLUTIONS:1]
Depth: 2 --> 136/153 options! [SOLUTIONS:18]
Depth: 3 --> 415/551 options! [SOLUTIONS:154]
Depth: 4 --> 443/858 options! [SOLUTIONS:569]
Depth: 5 --> 452/895 options! [SOLUTIONS:1012]
Depth: 6 --> 0/452 options! [SOLUTIONS:1464]
- Player 2 - <RehHausZuckFuchs> ---------------------------
PlayCardTask => [RehHausZuckFuchs] play 'Jade Claws[54]'(WEAPON)
PlayCardTask => [RehHausZuckFuchs] play 'Jade Lightning[52]'(SPELL) 'Doppelgangster[22]'
MinionAttackTask => [RehHausZuckFuchs] 'Jade Golem[75]'(MINION) attack 'Valeera Sanguinar[33]'
HeroAttackTask => [RehHausZuckFuchs] 'Thrall[6]' attacks 'Doppelgangster[77]'
EndTurnTask => [RehHausZuckFuchs]
here:6
Player1: PLAYING / Player2: PLAYING - ROUND 7 - FitzVonGerald
Hero[P1]: 17 / Hero[P2]: 17

* Calculating solutions *** Player 1 ***
Depth: 1 --> 10/11 options! [SOLUTIONS:1]
Depth: 2 --> 46/56 options! [SOLUTIONS:11]
Depth: 3 --> 110/156 options! [SOLUTIONS:57]
Depth: 4 --> 0/110 options! [SOLUTIONS:167]
- Player 1 - <FitzVonGerald> ---------------------------
PlayCardTask => [FitzVonGerald] play 'Dragonkin Sorcerer[15]'(MINION) to Pos[0]
PlayCardTask => [FitzVonGerald] play 'Razorfen Hunter[9]'(MINION) to Pos[0]
HeroAttackTask => [FitzVonGerald] 'Valeera Sanguinar[33]' attacks 'Thrall[6]'
EndTurnTask => [FitzVonGerald]
- Player 2 - <RehHausZuckFuchs> ---------------------------
* Calculating solutions *** Player 2 ***
Depth: 1 --> 32/33 options! [SOLUTIONS:1]
Depth: 2 --> 481/513 options! [SOLUTIONS:33]
Depth: 3 --> 500/4921 options! [SOLUTIONS:514]
Depth: 4 --> 500/2126 options! [SOLUTIONS:1014]
Depth: 5 --> 500/1160 options! [SOLUTIONS:1514]
Depth: 6 --> 0/500 options! [SOLUTIONS:2014]
- Player 2 - <RehHausZuckFuchs> ---------------------------
PlayCardTask => [RehHausZuckFuchs] play 'Aya Blackpaw[68]'(MINION) to Pos[0]
MinionAttackTask => [RehHausZuckFuchs] 'Jade Golem[75]'(MINION) attack 'Valeera Sanguinar[33]'
MinionAttackTask => [RehHausZuckFuchs] 'Jade Golem[80]'(MINION) attack 'Boar[82]'
MinionAttackTask => [RehHausZuckFuchs] 'Jade Golem[81]'(MINION) attack 'Razorfen Hunter[9]'
HeroAttackTask => [RehHausZuckFuchs] 'Thrall[6]' attacks 'Valeera Sanguinar[33]'
EndTurnTask => [RehHausZuckFuchs]
here:6
Player1: PLAYING / Player2: PLAYING - ROUND 8 - FitzVonGerald
Hero[P1]: 14 / Hero[P2]: 16

* Calculating solutions *** Player 1 ***
Depth: 1 --> 16/17 options! [SOLUTIONS:1]
Depth: 2 --> 83/99 options! [SOLUTIONS:17]
Depth: 3 --> 181/264 options! [SOLUTIONS:100]
Depth: 4 --> 488/669 options! [SOLUTIONS:281]
Depth: 5 --> 0/488 options! [SOLUTIONS:769]
- Player 1 - <FitzVonGerald> ---------------------------
PlayCardTask => [FitzVonGerald] play 'The Black Knight[18]'(MINION) to Pos[0]
MinionAttackTask => [FitzVonGerald] 'Dragonkin Sorcerer[15]'(MINION) attack 'Thrall[6]'
HeroPowerTask => [FitzVonGerald] using 'Dagger Mastery[78]'
HeroAttackTask => [FitzVonGerald] 'Valeera Sanguinar[33]' attacks 'Thrall[6]'
EndTurnTask => [FitzVonGerald]
- Player 2 - <RehHausZuckFuchs> ---------------------------
* Calculating solutions *** Player 2 ***
Depth: 1 --> 44/45 options! [SOLUTIONS:1]
Depth: 2 --> 500/798 options! [SOLUTIONS:45]
Depth: 3 --> 500/6703 options! [SOLUTIONS:545]
Depth: 4 --> 500/3261 options! [SOLUTIONS:1045]
Depth: 5 --> 500/2655 options! [SOLUTIONS:1549]
Depth: 6 --> 500/1750 options! [SOLUTIONS:2052]
Depth: 7 --> 500/1179 options! [SOLUTIONS:2566]
Depth: 8 --> 214/721 options! [SOLUTIONS:3073]
Depth: 9 --> 0/214 options! [SOLUTIONS:3287]
- Player 2 - <RehHausZuckFuchs> ---------------------------
PlayCardTask => [RehHausZuckFuchs] play 'Al'Akir the Windlord[60]'(MINION) to Pos[0]
MinionAttackTask => [RehHausZuckFuchs] 'Al'Akir the Windlord[60]'(MINION) attack 'Valeera Sanguinar[33]'
MinionAttackTask => [RehHausZuckFuchs] 'Al'Akir the Windlord[60]'(MINION) attack 'Valeera Sanguinar[33]'
MinionAttackTask => [RehHausZuckFuchs] 'Aya Blackpaw[68]'(MINION) attack 'Valeera Sanguinar[33]'
MinionAttackTask => [RehHausZuckFuchs] 'Jade Golem[83]'(MINION) attack 'Valeera Sanguinar[33]'
Game: COMPLETE, Player1: LOST / Player2: WON
Game 0 : Game: {game.State}, Player1: LOST / Player2:WONhealth: player1:0health player 226 time taken to execute completely: 137

Game 2 : Game: {game.State}, Player1: LOST / Player2:WONhealth: player1:-2health player 28 time taken to execute completely: 1853

Game 4 : Game: {game.State}, Player1: WON / Player2:LOSThealth: player1:22health player 20 time taken to execute completely: 1994

Game 6 : Game: {game.State}, Player1: LOST / Player2:WONhealth: player1:-1health player 212 time taken to execute completely: 2223

Before Mutation Victory Decks:

Unhandled Exception:
System.ArgumentOutOfRangeException: Index was out of range. Must be non-negative and less than the size of the collection.
Parameter name: index
  at System.ThrowHelper.ThrowArgumentOutOfRangeException (System.ExceptionArgument argument, System.ExceptionResource resource) [0x00011] in <098e1b87e81a41898de2925d4eebabbc>:0 
  at System.ThrowHelper.ThrowArgumentOutOfRangeException () [0x00000] in <098e1b87e81a41898de2925d4eebabbc>:0 
  at System.Collections.Generic.List`1[T].get_Item (System.Int32 index) [0x0000c] in <098e1b87e81a41898de2925d4eebabbc>:0 
  at Sabbertest2.CreateAndMutate.print (System.Collections.Generic.List`1[T] listToPrint) [0x00004] in <d0619d525a9a4302b96583b495f61762>:0 
  at Sabbertest2.Program.Main (System.String[] args) [0x000f8] in <d0619d525a9a4302b96583b495f61762>:0 
[ERROR] FATAL UNHANDLED EXCEPTION: System.ArgumentOutOfRangeException: Index was out of range. Must be non-negative and less than the size of the collection.
Parameter name: index
  at System.ThrowHelper.ThrowArgumentOutOfRangeException (System.ExceptionArgument argument, System.ExceptionResource resource) [0x00011] in <098e1b87e81a41898de2925d4eebabbc>:0 
  at System.ThrowHelper.ThrowArgumentOutOfRangeException () [0x00000] in <098e1b87e81a41898de2925d4eebabbc>:0 
  at System.Collections.Generic.List`1[T].get_Item (System.Int32 index) [0x0000c] in <098e1b87e81a41898de2925d4eebabbc>:0 
  at Sabbertest2.CreateAndMutate.print (System.Collections.Generic.List`1[T] listToPrint) [0x00004] in <d0619d525a9a4302b96583b495f61762>:0 
  at Sabbertest2.Program.Main (System.String[] args) [0x000f8] in <d0619d525a9a4302b96583b495f61762>:0 
srun: error: c39-15: task 0: Exited with exit code 1
srun: Terminating job step 3657933.0
