Starting test setup. v6.7: run in parallel 10x and in each parallel, no of tasks:1 and inner parallel:10 and each within inner parallel, inner tasks:5 times, different decks, get winrates and time avg of each and print max depth =13 , max width = 30
Flame Lance
Effigy
Fallen Hero
Arcane Blast
Polymorph: Boar
Dalaran Aspirant
Spellslinger
Coldarra Drake
Rhonin
Ram Wrangler
Holy Champion
Spawn of Shadows
Power Word: Glory
Shadowfiend
Convert
Confuse
Twilight Guardian
Confessor Paletress
Dreadsteed
Fearsome Doomguard
Tiny Knight of Evil
Fist of Jaraxxus
Void Crusher
Demonfuse
Dark Bargain
Wrathguard
Wilfred Fizzlebang
Shado-Pan Rider
Buccaneer
Undercity Valiant
Cutpurse
Shady Dealer
Burgle
Poisoned Blade
Beneath the Grounds
Anub'arak
Living Roots
Darnassus Aspirant
Savage Combatant
Wildwalker
Knight of the Wild
Call of the Wild
Druid of the Saber
Astral Communion
Mulch
Aviana
Tuskarr Totemic
Draenei Totemcarver
Healing Wave
Thunder Bluff Valiant
Charged Hammer
Elemental Destruction
Totem Golem
Ancestral Knowledge
The Mistcaller
Flash Heal
Powershot
Stablemaster
King's Elekk
Brave Archer
Bear Trap
Lock and Load
Ball of Spiders
Acidmaw
Dreadscale
Bash
King's Defender
Orgrimmar Aspirant
Magnataur Alpha
Bolster
Sparring Partner
Skycap'n Kragg
Alexstrasza's Champion
Varian Wrynn
Competitive Spirit
Seal of Champions
Warhorse Trainer
Murloc Knight
Argent Lance
Enter the Coliseum
Mysterious Challenger
Garrison Commander
Eadric the Pure
Lowly Squire
Dragonhawk Rider
Lance Carrier
Maiden of the Lake
Saboteur
Argent Horserider
Mogor's Champion
Boneguard Lieutenant
Mukla's Champion
Tournament Medic
Ice Rager
Frigid Snobold
Flame Juggler
Silent Knight
Clockwork Knight
Tournament Attendee
Sideshow Spelleater
Kodorider
Silver Hand Regent
Pit Fighter
Captured Jormungar
North Sea Kraken
Tuskarr Jouster
Injured Kvaldir
Light's Champion
Armored Warhorse
Argent Watchman
Coliseum Manager
Refreshment Vendor
Master Jouster
Recruiter
Evil Heckler
Fencing Coach
Wyrmrest Agent
Master of Ceremonies
Grand Crusader
Kvaldir Raider
Frost Giant
Crowd Favorite
Gormok the Impaler
Chillmaw
Bolf Ramshield
Icehowl
Nexus-Champion Saraad
The Skeleton Knight
Fjola Lightbane
Sea Reaver
Eydis Darkbane
Justicar Trueheart
Gadgetzan Jouster
Solemn Vigil
Flamewaker
Dragon's Breath
Twilight Whelp
Demonwrath
Imp Gang Boss
Gang Up
Dark Iron Skulker
Volcanic Lumberer
Druid of the Flame
Lava Shock
Fireguard Destroyer
Quick Shot
Core Rager
Revenge
Axe Flinger
Resurrect
Dragon Consort
Grim Patron
Dragonkin Sorcerer
Dragon Egg
Drakonid Crusher
Volcanic Drake
Hungry Dragon
Majordomo Executus
Ragnaros the Firelord
Emperor Thaurissan
Rend Blackhand
Nefarian
Chromaggus
Blackwing Technician
Blackwing Corruptor
Baron Geddon
Onyxia
Raza the Chained
Freezing Potion
Wind-up Burglebot
Hidden Cache
Street Trickster
Red Mana Wyrm
Jinyu Waterspeaker
Grimestreet Protector
Kooky Chemist
Blubber Baron
Volcanic Potion
Kabal Lackey
Hozen Healer
Felfire Potion
Weasel Tunneler
Mistress of Mixtures
Public Defender
Smuggler's Run
Kun the Forgotten King
Call in the Finishers
Jade Chieftain
Finders Keepers
Alleycat
Rat Pack
Grimestreet Informant
White Eyes
Small-Time Buccaneer
Fight Promoter
Knuckles
Smuggler's Crate
Dispatch Kodo
Shaky Zipgunner
Piranha Launcher
Trogg Beastrager
Sergeant Sally
Luckydo Buccaneer
Jade Behemoth
Finja, the Flying Star
Jade Idol
Potion of Madness
Greater Healing Potion
Drakonid Operative
Mana Geode
Blastcrystal Potion
Fel Orc Soulfiend
Crystalweaver
Bloodfury Potion
Mark of the Lotus
Pilfered Power
Celestial Dreamer
Kabal Chemist
Potion of Polymorph
Kazakus
Greater Arcane Missiles
Kabal Talonpriest
Counterfeit Coin
Brass Knuckles
Lotus Assassin
Shadow Rager
Patches the Pirate
Grimestreet Enforcer
Hobart Grapplehammer
Backstreet Leper
Blowgill Sniper
Big-Time Racketeer
Kabal Courier
Grimscale Chum
Naga Corsair
Second-Rate Bruiser
Hired Gun
Friendly Bartender
Toxic Sewer Ooze
Streetwise Investigator
Kabal Songstealer
Backroom Bouncer
Gadgetzan Socialite
Manic Soulcaster
Pint-Size Potion
Dragonfire Potion
Kabal Trafficker
Worgen Greaser
Grook Fu Master
Bomb Squad
Doppelgangster
Burgly Bully
Mayor Noggenfogger
Cryomancer
Madam Goya
Don Han'Cho
Inkmaster Solia
Spiked Hogrider
Jade Shuriken
Jade Swarmer
Gadgetzan Ferryman
Shadow Sensei
Devolve
Lotus Illusionist
Seadevil Stinger
Jade Lightning
Jade Blossom
Jade Spirit
Sleep with the Fishes
Jade Claws
Krul the Unshackled
Abyssal Enforcer
Stolen Goods
Grimestreet Outfitter
Grimy Gadgeteer
Grimestreet Pawnbroker
Alley Armorsmith
Meanstreet Marshal
Kabal Crystal Runner
Shaku, the Collector
Dirty Rat
Getaway Kodo
Wrathion
Auctionmaster Beardo
Genzo, the Shark
Tanaris Hogchopper
Leatherclad Hogleader
Lunar Visions
Wickerflame Burnbristle
Virmen Sensei
Daring Reporter
Lotus Agents
Grimestreet Smuggler
Ancient of Blossoms
Defias Cleaner
Unlicensed Apothecary
Aya Blackpaw
Small-Time Recruits
I Know a Guy
Goldshire Footman
Fen Creeper
Holy Nova
Mind Control
Inner Fire
Holy Smite
Mind Vision
Power Word: Shield
Claw
Healing Touch
Moonfire
Mark of the Wild
Savage Roar
Swipe
Wild Growth
Polymorph
Arcane Intellect
Frostbolt
Arcane Explosion
Frost Nova
Mirror Image
Blizzard
Fireball
Ice Lance
Flamestrike
Water Elemental
Frost Shock
Ancestral Spirit
Windfury
Ancestral Healing
Fire Elemental
Rockbiter Weapon
Bloodlust
Far Sight
Shadow Bolt
Blood Imp
Drain Life
Hellfire
Corruption
Dread Infernal
Voidwalker
Backstab
Cold Blood
Deadly Poison
Sinister Strike
Assassinate
Sprint
Assassin's Blade
Hunter's Mark
Blessing of Might
Guardian of Kings
Holy Light
Light's Justice
Blessing of Kings
Consecration
Hammer of Wrath
Truesilver Champion
Charge
Rampage
Heroic Strike
Fiery War Axe
Execute
Arcanite Reaper
Cleave
Earthen Ring Farseer
Magma Rager
Oasis Snapjaw
River Crocolisk
Frostwolf Grunt
Raid Leader
Wolfrider
Ironfur Grizzly
Silverback Patriarch
Stormwind Knight
Ironforge Rifleman
Kobold Geomancer
Southsea Deckhand
Gnomish Inventor
Stormpike Commando
Silver Hand Knight
Archmage
Ravenholdt Assassin
Lord of the Arena
Murloc Raider
Young Dragonhawk
Stonetusk Boar
Bloodfen Raptor
Bluegill Warrior
Sen'jin Shieldmasta
Injured Blademaster
Chillwind Yeti
War Golem
Booty Bay Bodyguard
Abusive Sergeant
Elven Archer
Razorfen Hunter
Ogre Magi
Boulderfist Ogre
Core Hound
Ironbeak Owl
Reckless Rocketeer
Spiteful Smith
Stormwind Champion
Frostwolf Warlord
Venture Co. Mercenary
Wisp
Ironbark Protector
Blade Flurry
Shadow Word: Pain
Northshire Cleric
Divine Spirit
Starving Buzzard
Darkscale Healer
Houndmaster
Timber Wolf
Tundra Rhino
Multi-Shot
Tracking
Arcane Shot
Gladiator's Longbow
Mind Blast
Lightwarden
The Black Knight
Young Priestess
Big Game Hunter
Alarm-o-Bot
Acolyte of Pain
Argent Squire
Angry Chicken
Worgen Infiltrator
Voodoo Doctor
Bloodmage Thalnos
King Mukla
Novice Engineer
Sylvanas Windrunner
Jungle Panther
Shattered Sun Cleric
Scarlet Crusader
Thrallmar Farseer
Silvermoon Guardian
Dragonling Mechanic
Stranglethorn Tiger
Leper Gnome
Sunwalker
Windfury Harpy
Twilight Drake
Questing Adventurer
Ancient Watcher
Dark Iron Dwarf
Spellbreaker
Youthful Brewmaster
Coldlight Oracle
Mana Addict
Ancient Brewmaster
Sunfury Protector
Crazed Alchemist
Old Murk-Eye
Acidic Swamp Ooze
Argent Commander
Pint-Sized Summoner
Secretkeeper
Mad Bomber
Tinkmaster Overspark
Warsong Commander
Mind Control Tech
Arcane Golem
Cabal Shadow Priest
Defender of Argus
Gadgetzan Auctioneer
Loot Hoarder
Abomination
Lorewalker Cho
Demolisher
Coldlight Seer
Mountain Giant
Cairne Bloodhoof
Gelbin Mekkatorque
Leeroy Jenkins
Eviscerate
Betrayal
Conceal
Fan of Knives
Noble Sacrifice
Defias Ringleader
Eye for an Eye
Perdition's Blade
SI:7 Agent
Redemption
Headcrack
Shadowstep
Preparation
Wrath
Mark of Nature
Soul of the Forest
Power of the Wild
Naturalize
Dire Wolf Alpha
Nourish
Druid of the Claw
Keeper of the Grove
Innervate
Emperor Cobra
Starfire
Ancient of War
Lightning Bolt
Lava Burst
Dust Devil
Totemic Might
Earth Shock
Hex
Stormforged Axe
Feral Spirit
Earth Elemental
Forked Lightning
Unbound Elemental
Lightning Storm
Ethereal Arcanist
Cone of Cold
Arcane Missiles
Shiv
Pyroblast
Frost Elemental
Azure Drake
Counterspell
Ice Barrier
Mirror Entity
Ice Block
Felguard
Mortal Coil
Shadowflame
Void Terror
Succubus
Soulfire
Siphon Soul
Doomguard
Twisting Nether
Pit Lord
Summoning Portal
Power Overwhelming
Sense Demons
Flame Imp
Bane of Doom
Lord Jaraxxus
Silence
Shadow Madness
Lightspawn
Thoughtsteal
Lightwell
Mindgames
Divine Favor
Prophet Velen
Lay on Hands
Blessed Champion
Humility
Argent Protector
Blessing of Wisdom
Holy Wrath
Sword of Justice
Hand of Protection
Repentance
Aldor Peacekeeper
Tirion Fordring
Avenging Wrath
Tauren Warrior
Slam
Battle Rage
Amani Berserker
Mogu'shan Warden
Arathi Weaponsmith
Gurubashi Berserker
Whirlwind
Armorsmith
Shieldbearer
Brawl
Mortal Strike
Upgrade!
Shield Slam
Gorehowl
Raging Worgen
Grommash Hellscream
Murloc Tidehunter
Murloc Warleader
Grimscale Oracle
Murloc Tidecaller
Patient Assassin
Scavenging Hyena
Misdirection
Savannah Highmane
Eaglehorn Bow
Explosive Shot
Unleash the Hounds
Kill Command
King Krush
Flare
Bestial Wrath
Snake Trap
Harvest Golem
Nat Pagle
Harrison Jones
Archmage Antonidas
Nozdormu
Alexstrasza
Malygos
Faceless Manipulator
Flametongue Totem
Doomhammer
Bite
Force of Nature
Ysera
Cenarius
Mana Tide Totem
The Beast
Savagery
Sap
Dalaran Mage
Priestess of Elune
Ancient Mage
Sea Giant
Windspeaker
Blood Knight
Auchenai Soulpriest
Nightblade
Vaporize
Cult Master
Demonfire
Imp Master
Cruel Taskmaster
Frothing Berserker
Shield Block
Inner Rage
Sorcerer's Apprentice
Snipe
Explosive Trap
Freezing Trap
Kirin Tor Mage
Edwin VanCleef
Illidan Stormrage
Mana Wraith
Deadly Shot
Equality
Molten Giant
Circle of Healing
Shadow Word: Death
Temple Enforcer
Holy Fire
Shadowform
Mass Dispel
Blood-Queen Lana'thel
Professor Putricide
Sindragosa
Zombie Chow
Haunted Creeper
Echoing Ooze
Mad Scientist
Shade of Naxxramas
Nerubian Egg
Spectral Knight
Deathlord
Maexxna
Webspinner
Sludge Belcher
Kel'Thuzad
Stalagg
Feugen
Wailing Soul
Nerub'ar Weblord
Duplicate
Poison Seeds
Avenge
Death's Bite
Voidcaller
Dark Cultist
Unstable Ghoul
Reincarnate
Anub'ar Ambusher
Stoneskin Gargoyle
Undertaker
Dancing Swords
Loatheb
Baron Rivendare
Flamecannon
Snowchugger
Unstable Portal
Goblin Blastmage
Echo of Medivh
Mechwarper
Flame Leviathan
Lightbomb
Shadowbomber
Velen's Chosen
Shrinkmeister
Light of the Naaru
Cogmaster
Vol'jin
Darkbomb
Fel Reaver
Call Pet
Mistress of Pain
Demonheart
Fel Cannon
Mal'Ganis
Tinker's Sharpsword Oil
Goblin Auto-Barber
Cogmaster's Wrench
One-eyed Cheat
Feign Death
Iron Sensei
Trade Prince Gallywix
Ancestor's Call
Anodized Robo Cub
Recycle
Grove Tender
Tree of Life
Mech-Bear-Cat
Malorne
Powermace
Whirling Zap-o-matic
Crackle
Vitality Totem
Siltfin Spiritwalker
Dark Wispers
Neptulon
Glaivezooka
Spider Tank
Imp-losion
King of Beasts
Sabotage
Metaltooth Leaper
Gahz'rilla
Bouncing Blade
Warbot
Crush
Shieldmaiden
Ogre Warmaul
Screwjank Clunker
Iron Juggernaut
Seal of Light
Shielded Minibot
Coghammer
Quartermaster
Muster for Battle
Cobalt Guardian
Bolvar Fordragon
Puddlestomper
Ogre Brute
Dunemaul Shaman
Stonesplinter Trogg
Burly Rockjaw Trogg
Antique Healbot
Salty Dog
Lost Tallstrider
Shadowboxer
Cobra Shot
Kezan Mystic
Ship's Cannon
Explosive Sheep
Anima Golem
Mechanical Yeti
Force-Tank MAX
Druid of the Fang
Gilblin Stalker
Clockwork Gnome
Upgraded Repair Bot
Flying Machine
Annoy-o-Tron
Siege Engine
Steamwheedle Sniper
Ogre Ninja
Illuminator
Madder Bomber
Arcane Nullifier X-21
Gnomish Experimenter
Target Dummy
Jeeves
Goblin Sapper
Piloted Shredder
Lil' Exorcist
Gnomeregan Infantry
Bomb Lobber
Floating Watcher
Scarlet Purifier
Tinkertown Technician
Micro Machine
Hobgoblin
Piloted Sky Golem
Junkbot
Enhance-o Mechano
Recombobulator
Mini-Mage
Dr. Boom
Mimiron's Head
Mogor the Ogre
Foe Reaper 4000
Sneed's Old Shredder
Toshley
Mekgineer Thermaplugg
Gazlowe
Troggzor the Earthinator
Blingtron 3000
Hemet Nesingwary
Clockwork Giant
Wee Spellstopper
Soot Spewer
Garrosh Hellscream
Magni Bronzebeard
Thrall
Morgl the Oracle
Valeera Sanguinar
Maiev Shadowsong
Uther Lightbringer
Lady Liadrin
Prince Arthas
Rexxar
Alleria Windrunner
Malfurion Stormrage
Gul'dan
Jaina Proudmoore
Medivh
Khadgar
Anduin Wrynn
Tyrande Whisperwind
Phantom Freebooter
Skelemancer
Exploding Bloatbat
Snowflipper Penguin
Rattling Rascal
Grim Necromancer
Bone Drake
Sunborne Val'kyr
Cobalt Scalebane
Night Howler
Venomancer
Arrogant Crusader
Righteous Protector
Dark Conviction
Defile
Fatespinner
Toxic Arrow
Webweave
Druid of the Swarm
Play Dead
Spreading Plague
Drain Soul
Cryostasis
Brrrloc
Mountainfire Armor
Blood Razor
Bone Baron
Vryghoul
Ice Walker
Ghastly Conjurer
Light's Sorrow
Despicable Dreadlord
Avalanche
Gnash
Drakkari Defender
Frozen Clone
Doomed Apprentice
Ultimate Infestation
Glacial Mysteries
Voodoo Hexxer
Ice Fishing
Snowfury Giant
Dead Man's Hand
Acherus Veteran
Tuskarr Fisherman
Fallen Sun Cleric
Furnacefire Colossus
Grave Shambler
Tomb Lurker
Ticking Abomination
Venomstrike Trap
Roll the Bones
Treachery
Devour Mind
Shadow Ascendant
Acolyte of Agony
Eternal Servitude
Obsidian Statue
Archbishop Benedictus
Howlfiend
Deadscale Knight
Leeching Poison
Doomerang
Shadow Essence
Ice Breaker
Animated Berserker
Runeforge Haunter
Corpse Widow
Desperate Stand
Blackguard
Coldwraith
Corpse Raiser
Forge of Souls
Moorabi
The Lich King
Rotface
Gnomeferatu
Val'kyr Soulclaimer
Stitched Tracker
Bearshark
Death Revenant
Saronite Chain Gang
Deathspeaker
Wretched Tiller
Unwilling Sacrifice
Thrall, Deathseer
Happy Ghoul
Skulking Geist
Shallow Gravedigger
Bonemare
Nerubian Unraveler
Howling Commander
Spirit Lash
Strongshell Scavenger
Crypt Lord
Plague Scientist
Deathaxe Punisher
Lilian Voss
Meat Wagon
Chillblade Champion
Simulacrum
Abominable Bowman
Valeera the Hollow
Deathstalker Rexxar
Stubborn Gastropod
Giant Wasp
Uther of the Ebon Blade
Shadowreaper Anduin
Bloodreaver Gul'dan
Malfurion the Pestilent
Frost Lich Jaina
Scourgelord Garrosh
Hadronox
Breath of Sindragosa
Bring It On!
Embrace Darkness
Shadowblade
Prince Keleseth
Prince Taldaram
Prince Valanar
Arfus
Hyldnir Frostrider
Spellweaver
Bolvar, Fireblood
Necrotic Geist
Drakkari Enchanter
Mindbreaker
Sanguine Reveler
Wicked Skeleton
Bloodworm
Spectral Pillager
Keening Banshee
Corpsetaker
Tainted Zealot
Cat Trick
Kindly Grandmother
Cloaked Huntress
Babbling Book
Nightbane Templar
Pompous Thespian
Purify
Wicked Witchdoctor
Kara Kazham!
Protect the King!
Fool's Bane
Runic Egg
Pantry Spider
Book Wyrm
Priest of the Feast
Arcane Anomaly
Avian Watcher
Moat Lurker
Moroes
Ivory Knight
The Curator
Netherspite Historian
Spirit Claws
Menagerie Warden
Swashburglar
Ethereal Peddler
Maelstrom Portal
Moonglade Portal
Firelands Portal
Silvermoon Portal
Malchezaar's Imp
Ironforge Portal
Medivh's Valet
Deadly Fork
Zoobot
Prince Malchezaar
Medivh, the Guardian
Barnes
Onyx Bishop
Silverware Golem
Enchanted Raven
Menagerie Magician
Arcanosmith
Arcane Giant
Violet Illusionist
Forgotten Torch
Ethereal Conjurer
Museum Curator
Curse of Rafaam
Obsidian Destroyer
Pit Snake
Reno Jackson
Tomb Pillager
Rumbling Elemental
Keeper of Uldaman
Tunnel Trogg
Unearthed Raptor
Desert Camel
Dart Trap
Fierce Monkey
Dark Peddler
Anyfin Can Happen
Sacred Trial
Jeweled Scarab
Naga Sea Witch
Gorillabot A-3
Huge Toad
Tomb Spider
Mounted Raptor
Jungle Moonkin
Djinni of Zephyrs
Anubisath Sentinel
Fossilized Devilsaur
Sir Finley Mrrgglton
Brann Bronzebeard
Elise Starseeker
Summoning Stone
Wobbling Runts
Arch-Thief Rafaam
Entomb
Explorer's Hat
Eerie Statue
Ancient Shade
Excavated Evil
Everyfin is Awesome
Raven Idol
Reliquary Seeker
Cursed Blade
Animated Armor
Murloc Tinyfin
Sacrificial Pact
Vanish
Kidnapper
Starfall
Ancient of Lore
Al'Akir the Windlord
Kor'kron Elite
Mana Wyrm
Master of Disguise
Captain's Parrot
Hungry Crab
Bloodsail Raider
Knife Juggler
Wild Pyromancer
Doomsayer
Dread Corsair
Faerie Dragon
Captain Greenskin
Bloodsail Corsair
Violet Teacher
Southsea Captain
Millhouse Manastorm
Deathwing
Animal Companion
Commanding Shout
Master Swordsmith
Gruul
Hogger
Stampeding Kodo
Vilefin Inquisitor
Primal Fusion
Flamewreathed Faceless
Eternal Sentinel
Evolve
Thing from Below
Hammer of Twilight
Tentacles for Arms
Silithid Swarmer
Y'Shaarj, Rage Unbound
Fandral Staghelm
Infest
Feral Rage
Mark of Y'Shaarj
Forbidden Ancient
On the Hunt
Bladed Cultist
Journey Below
Thistle Tea
Xaril, Poisoned Mind
Shatter
Evolved Kobold
Twilight Flamecaller
Demented Frostcaller
Forbidden Flame
Servant of Yogg-Saron
Cabalist's Tome
Power Word: Tentacles
Twilight Darkmender
Shadow Word: Horror
Forbidden Shaping
Darkspeaker
Embrace the Shadow
Darkshire Librarian
Darkshire Councilman
Forbidden Ritual
Spreading Madness
Renounce Darkness
Anomalus
Cho'gall
Mukla, Tyrant of the Vale
Shifter Zerus
Twin Emperor Vek'lor
N'Zoth, the Corruptor
Yogg-Saron, Hope's End
Nerubian Prophet
Faceless Behemoth
Eldritch Horror
Psych-o-Tron
Corrupted Healbot
Ravaging Ghoul
Aberrant Berserker
Tentacle of N'Zoth
Grotesque Dragonhawk
Bog Creeper
Bilefin Tidehunter
Zealous Initiate
Corrupted Seer
Disciple of C'Thun
Blood of The Ancient One
Faceless Shambler
Shadow Strike
Fiery Bat
Klaxxi Amber-Weaver
Wisps of the Old Gods
Forbidden Healing
Validated Doomsayer
Mire Keeper
Stormcrack
Faceless Summoner
Hallazeal the Ascended
Infested Wolf
Bloodhoof Brave
Malkorok
Selfless Hero
Rallying Blade
Divine Strength
Ragnaros, Lightlord
Darkshire Alchemist
DOOM!
Possessed Villager
Twisted Worgen
Am'gam Rager
Infested Tauren
Eater of Secrets
Doomcaller
Spawn of N'Zoth
Southsea Squidface
Scaled Nightmare
Twilight Summoner
Stand Against Darkness
Blood Warriors
C'Thun
Beckoner of Evil
Blade of C'Thun
C'Thun's Chosen
Twilight Geomancer
Twilight Elder
Ancient Harbinger
Shadowcaster
Forlorn Stalker
Dark Arakkoa
Cult Apothecary
The Boogeymonster
Ancient Shieldbearer
Usher of Souls
Cult Sorcerer
Giant Sand Worm
Princess Huhuran
Steward of Darkshire
A Light in the Darkness
N'Zoth's First Mate
Addled Grizzly
Blood To Ichor
Bloodsail Cultist
Herald Volazj
Deathwing, Dragonlord
Hogger, Doom of Elwynn
Midnight Drake
Crazed Worshipper
Blackwater Pirate
Polluted Hoarder
Carrion Grub
Duskboar
Squirming Tentacle
Master of Evolution
Undercity Huckster
Hooded Acolyte
Shifting Shade
Cyclopian Horror
Nat, the Darkfisher
Skeram Cultist
Soggoth the Slitherer
Elite Tauren Chieftain
Stampede
Flesheating Ghoul
Spellbender
Pterrordax Hatchling
Volcanosaur
Dinosize
Ravasaur Runt
Sated Threshadon
Hydrologist
Sunkeeper Tarim
Flame Geyser
Air Elemental
Arcanologist
Steam Surger
Mirage Caller
Mana Bind
Volcano
Pyros
Open the Waygate
Shadow Visions
Binding Heal
Crystalline Oracle
Radiant Elemental
Curious Glimmerroot
Tortollan Shellraiser
Ravenous Pterrordax
Tar Lurker
Razorpetal Volley
Razorpetal Lasher
Mimic Pod
Obsidian Shard
Biteweed
Vilespine Slayer
Sherazin, Corpse Flower
The Caverns Below
Tol'vir Stoneshaper
Giant Mastodon
Stonehill Defender
Rockpool Hunter
Vicious Fledgling
Eggnapper
Tortollan Forager
Frozen Crusher
Thunder Lizard
Devilsaur Egg
Fire Plume Phoenix
Emerald Hive Queen
Giant Anaconda
Bittertide Hydra
Tortollan Primalist
Gentle Megasaur
Charged Devilsaur
Verdant Longneck
Shellshifter
Evolving Spores
Earthen Scales
Elder Longneck
Living Mana
Bright-Eyed Scout
Jungle Giants
Primalfin Totem
Fire Plume Harbinger
Glacial Shard
Stone Sentinel
Kalimos, Primal Lord
Terrorscale Stalker
Nesting Roc
Emerald Reaver
Ultrasaur
Golakka Crawler
Fire Fly
Stegodon
Sabretooth Stalker
Stormwatcher
Servant of Kalimos
Tidal Surge
Volatile Elemental
Envenom Weapon
Lakkari Sacrifice
Cruel Dinomancer
Corrupting Mist
Bloodbloom
Lakkari Felhound
Feeding Time
Chittering Tunneler
Clutchmother Zavas
Tar Lord
Hemet, Jungle Hunter
The Voraxx
Humongous Razorleaf
Igneous Elemental
Shimmering Tempest
Blazecaller
Primordial Drake
Elise the Trailblazer
Tyrantus
Free From Amber
Hallucination
Spiritsinger Umbra
Ozruk
Grievous Bite
Jeweled Macaw
Tol'vir Warden
Raptor Hatchling
Crackling Razormaw
Dinomancy
Swamp King Dred
The Marsh Queen
Explore Un'Goro
Iron Hide
Ornery Direhorn
Cornered Sentry
Sudden Genesis
Tar Creeper
Molten Blade
King Mosh
Fire Plume's Heart
Primalfin Lookout
Hot Spring Guardian
Awaken the Makers
Primordial Glyph
Unite the Murlocs
Gluttonous Ooze
Molten Reflection
Vinecleaver
Spikeridged Steed
Primalfin Champion
The Last Kaleidosaur
Meteor
Spirit Echo
Direhorn Hatchling
Lost in the Jungle
Adaptation
Lightfused Stegodon
Lyra the Sunshard
Count:30
outer i, deck number=0
outer i, deck number=5
Printing Deck player 1, loop is here=5
Printing Deck player 1, loop is here=0
DOOM!
Coldarra Drake
Arcanosmith
Bite
Murloc Tinyfin
Ice Block
Dark Conviction
Nat, the Darkfisher
Hunter's Mark
Pit Lord
Mountainfire Armor
Violet Illusionist
Sunborne Val'kyr
Core Hound
Vol'jin
I Know a Guy
Shadow Essence
Shadow Ascendant
Arcanite Reaper
Psych-o-Tron
Shrinkmeister
Scourgelord Garrosh
Cloaked Huntress
Duplicate
Malfurion the Pestilent
Drakonid Crusher
Gelbin Mekkatorque
Power of the Wild
Moonglade Portal
Cyclopian Horror
Printing Deck player 2 loop is here=0
DOOM!
Coldarra Drake
Arcanosmith
Bite
Murloc Tinyfin
Ice Block
Dark Conviction
Nat, the Darkfisher
Hunter's Mark
Pit Lord
Mountainfire Armor
Violet Illusionist
Sunborne Val'kyr
Core Hound
Vol'jin
I Know a Guy
Shadow Essence
Shadow Ascendant
Arcanite Reaper
Psych-o-Tron
Shrinkmeister
Scourgelord Garrosh
Cloaked Huntress
Duplicate
Malfurion the Pestilent
Drakonid Crusher
Gelbin Mekkatorque
Power of the Wild
Moonglade Portal
Cyclopian Horror
DOOM!
Coldarra Drake
Arcanosmith
Bite
Murloc Tinyfin
Ice Block
Dark Conviction
Nat, the Darkfisher
Hunter's Mark
Pit Lord
Mountainfire Armor
Violet Illusionist
Sunborne Val'kyr
Core Hound
Vol'jin
I Know a Guy
Shadow Essence
Shadow Ascendant
Arcanite Reaper
Psych-o-Tron
Shrinkmeister
Scourgelord Garrosh
Cloaked Huntress
Duplicate
Malfurion the Pestilent
Drakonid Crusher
Gelbin Mekkatorque
Power of the Wild
Moonglade Portal
Cyclopian Horror
Printing Deck player 2 loop is here=5
DOOM!
Coldarra Drake
Arcanosmith
Bite
Murloc Tinyfin
Ice Block
Dark Conviction
Nat, the Darkfisher
Hunter's Mark
Pit Lord
Mountainfire Armor
Violet Illusionist
Sunborne Val'kyr
Core Hound
Vol'jin
I Know a Guy
Shadow Essence
Shadow Ascendant
Arcanite Reaper
Psych-o-Tron
Shrinkmeister
Scourgelord Garrosh
Cloaked Huntress
Duplicate
Malfurion the Pestilent
Drakonid Crusher
Gelbin Mekkatorque
Power of the Wild
Moonglade Portal
Cyclopian Horror
outer i, deck number=1
Printing Deck player 1, loop is here=1
DOOM!
Coldarra Drake
Arcanosmith
Bite
Murloc Tinyfin
Ice Block
Dark Conviction
Nat, the Darkfisher
Hunter's Mark
Pit Lord
Mountainfire Armor
Violet Illusionist
Sunborne Val'kyr
Core Hound
Vol'jin
I Know a Guy
Shadow Essence
Shadow Ascendant
Arcanite Reaper
Psych-o-Tron
Shrinkmeister
Scourgelord Garrosh
Cloaked Huntress
Duplicate
Malfurion the Pestilent
Drakonid Crusher
Gelbin Mekkatorque
Power of the Wild
Moonglade Portal
Cyclopian Horror
Printing Deck player 2 loop is here=1
DOOM!
Coldarra Drake
Arcanosmith
Bite
Murloc Tinyfin
Ice Block
Dark Conviction
Nat, the Darkfisher
Hunter's Mark
Pit Lord
Mountainfire Armor
Violet Illusionist
Sunborne Val'kyr
Core Hound
Vol'jin
I Know a Guy
Shadow Essence
Shadow Ascendant
Arcanite Reaper
Psych-o-Tron
Shrinkmeister
Scourgelord Garrosh
Cloaked Huntress
Duplicate
Malfurion the Pestilent
Drakonid Crusher
Gelbin Mekkatorque
Power of the Wild
Moonglade Portal
Cyclopian Horror
Inner i, or here inside getWinRateTimeMean at here= 0
Inner i, or here inside getWinRateTimeMean at here= 0
Inner i, or here inside getWinRateTimeMean at here= 0
Player1: Mulligan 9,26
Player1: Mulligan 32
Player2: Mulligan 54,55
Player2: Mulligan 54,69,67
Player1: Mulligan 20,41
Player2: Mulligan 58
here:0
Player1: PLAYING / Player2: PLAYING - ROUND 1 - FitzVonGerald
here:0
Player1: PLAYING / Player2: PLAYING - ROUND 1 - FitzVonGerald
Hero[P1]: 30 / Hero[P2]: 30

* Calculating solutions *** Player 1 ***
Hero[P1]: 30 / Hero[P2]: 30

* Calculating solutions *** Player 1 ***
here:0
Player1: PLAYING / Player2: PLAYING - ROUND 1 - FitzVonGerald
Hero[P1]: 30 / Hero[P2]: 30

* Calculating solutions *** Player 1 ***
Depth: 1 --> 0/1 options! [SOLUTIONS:1]
Depth: 1 --> 0/1 options! [SOLUTIONS:1]
Depth: 1 --> 0/1 options! [SOLUTIONS:1]
- Player 1 - <FitzVonGerald> ---------------------------
- Player 1 - <FitzVonGerald> ---------------------------
EndTurnTask => [FitzVonGerald]
- Player 2 - <RehHausZuckFuchs> ---------------------------
* Calculating solutions *** Player 2 ***
EndTurnTask => [FitzVonGerald]
- Player 2 - <RehHausZuckFuchs> ---------------------------
* Calculating solutions *** Player 2 ***
- Player 1 - <FitzVonGerald> ---------------------------
EndTurnTask => [FitzVonGerald]
- Player 2 - <RehHausZuckFuchs> ---------------------------
* Calculating solutions *** Player 2 ***
Depth: 1 --> 1/2 options! [SOLUTIONS:1]
Depth: 1 --> 1/2 options! [SOLUTIONS:1]
Depth: 1 --> 2/3 options! [SOLUTIONS:1]
Depth: 2 --> 1/2 options! [SOLUTIONS:2]
Depth: 3 --> 0/1 options! [SOLUTIONS:3]
- Player 2 - <RehHausZuckFuchs> ---------------------------
PlayCardTask => [RehHausZuckFuchs] play 'The Coin[72]'(SPELL)
HeroPowerTask => [RehHausZuckFuchs] using 'Totemic Call[7]'
EndTurnTask => [RehHausZuckFuchs]
Depth: 2 --> 3/4 options! [SOLUTIONS:2]
here:0
Player1: PLAYING / Player2: PLAYING - ROUND 2 - FitzVonGerald
Hero[P1]: 30 / Hero[P2]: 30

* Calculating solutions *** Player 1 ***
Depth: 2 --> 3/5 options! [SOLUTIONS:3]
Depth: 3 --> 0/3 options! [SOLUTIONS:6]
- Player 2 - <RehHausZuckFuchs> ---------------------------
Depth: 1 --> 2/3 options! [SOLUTIONS:1]
Depth: 2 --> 0/2 options! [SOLUTIONS:3]
- Player 1 - <FitzVonGerald> ---------------------------
EndTurnTask => [FitzVonGerald]
- Player 2 - <RehHausZuckFuchs> ---------------------------
* Calculating solutions *** Player 2 ***
Depth: 3 --> 2/5 options! [SOLUTIONS:5]
PlayCardTask => [RehHausZuckFuchs] play 'Tunnel Trogg[42]'(MINION) to Pos[0]
EndTurnTask => [RehHausZuckFuchs]
here:0
Player1: PLAYING / Player2: PLAYING - ROUND 2 - FitzVonGerald
Hero[P1]: 30 / Hero[P2]: 30

* Calculating solutions *** Player 1 ***
Depth: 4 --> 0/2 options! [SOLUTIONS:7]
- Player 2 - <RehHausZuckFuchs> ---------------------------
PlayCardTask => [RehHausZuckFuchs] play 'The Coin[72]'(SPELL)
HeroPowerTask => [RehHausZuckFuchs] using 'Totemic Call[7]'
EndTurnTask => [RehHausZuckFuchs]
here:0
Player1: PLAYING / Player2: PLAYING - ROUND 2 - FitzVonGerald
Hero[P1]: 30 / Hero[P2]: 30

* Calculating solutions *** Player 1 ***
Depth: 1 --> 2/3 options! [SOLUTIONS:1]
Depth: 1 --> 3/4 options! [SOLUTIONS:1]
Depth: 1 --> 3/4 options! [SOLUTIONS:1]
Depth: 2 --> 0/2 options! [SOLUTIONS:3]
- Player 1 - <FitzVonGerald> ---------------------------
PlayCardTask => [FitzVonGerald] play 'Shadow Ascendant[25]'(MINION) to Pos[0]
EndTurnTask => [FitzVonGerald]
- Player 2 - <RehHausZuckFuchs> ---------------------------
* Calculating solutions *** Player 2 ***
Depth: 2 --> 0/3 options! [SOLUTIONS:4]
- Player 1 - <FitzVonGerald> ---------------------------
PlayCardTask => [FitzVonGerald] play 'Nat, the Darkfisher[15]'(MINION) to Pos[0]
EndTurnTask => [FitzVonGerald]
- Player 2 - <RehHausZuckFuchs> ---------------------------
* Calculating solutions *** Player 2 ***
Depth: 2 --> 0/3 options! [SOLUTIONS:4]
- Player 2 - <RehHausZuckFuchs> ---------------------------
PlayCardTask => [RehHausZuckFuchs] play 'Bloodmage Thalnos[66]'(MINION) to Pos[0]
EndTurnTask => [RehHausZuckFuchs]
here:0
Player1: PLAYING / Player2: PLAYING - ROUND 3 - FitzVonGerald
Hero[P1]: 30 / Hero[P2]: 30

* Calculating solutions *** Player 1 ***
Depth: 1 --> 6/7 options! [SOLUTIONS:1]
Depth: 1 --> 5/6 options! [SOLUTIONS:1]
Depth: 1 --> 4/5 options! [SOLUTIONS:1]
Depth: 2 --> 2/6 options! [SOLUTIONS:5]
Depth: 3 --> 0/2 options! [SOLUTIONS:7]
- Player 1 - <FitzVonGerald> ---------------------------
PlayCardTask => [FitzVonGerald] play 'Violet Illusionist[19]'(MINION) to Pos[0]
EndTurnTask => [FitzVonGerald]
- Player 2 - <RehHausZuckFuchs> ---------------------------
* Calculating solutions *** Player 2 ***
Depth: 1 --> 6/7 options! [SOLUTIONS:1]
Depth: 2 --> 12/17 options! [SOLUTIONS:6]
Depth: 2 --> 16/22 options! [SOLUTIONS:7]
Depth: 2 --> 16/22 options! [SOLUTIONS:7]
Depth: 3 --> 8/20 options! [SOLUTIONS:18]
Depth: 4 --> 0/8 options! [SOLUTIONS:26]
- Player 2 - <RehHausZuckFuchs> ---------------------------
MinionAttackTask => [RehHausZuckFuchs] 'Searing Totem[73]'(MINION) attack 'Garrosh Hellscream[4]'
HeroPowerTask => [RehHausZuckFuchs] using 'Totemic Call[7]'
EndTurnTask => [RehHausZuckFuchs]
here:0
Player1: PLAYING / Player2: PLAYING - ROUND 3 - FitzVonGerald
Hero[P1]: 29 / Hero[P2]: 30

* Calculating solutions *** Player 1 ***
Inner i, or here inside getWinRateTimeMean at here= 25
Player1: Mulligan 22,41
Player2: Mulligan 71,70
Depth: 1 --> 5/6 options! [SOLUTIONS:1]
here:25
Player1: PLAYING / Player2: PLAYING - ROUND 1 - FitzVonGerald
Hero[P1]: 30 / Hero[P2]: 30

* Calculating solutions *** Player 1 ***
Depth: 1 --> 0/1 options! [SOLUTIONS:1]
- Player 1 - <FitzVonGerald> ---------------------------
EndTurnTask => [FitzVonGerald]
- Player 2 - <RehHausZuckFuchs> ---------------------------
* Calculating solutions *** Player 2 ***
Depth: 3 --> 14/30 options! [SOLUTIONS:23]
Depth: 1 --> 1/2 options! [SOLUTIONS:1]
Depth: 2 --> 1/2 options! [SOLUTIONS:2]
Depth: 3 --> 0/1 options! [SOLUTIONS:3]
- Player 2 - <RehHausZuckFuchs> ---------------------------
PlayCardTask => [RehHausZuckFuchs] play 'The Coin[72]'(SPELL)
HeroPowerTask => [RehHausZuckFuchs] using 'Totemic Call[7]'
EndTurnTask => [RehHausZuckFuchs]
here:25
Player1: PLAYING / Player2: PLAYING - ROUND 2 - FitzVonGerald
Hero[P1]: 30 / Hero[P2]: 30

* Calculating solutions *** Player 1 ***
Depth: 1 --> 3/4 options! [SOLUTIONS:1]
Depth: 2 --> 4/9 options! [SOLUTIONS:6]
Depth: 3 --> 24/40 options! [SOLUTIONS:23]
Depth: 2 --> 0/3 options! [SOLUTIONS:4]
Depth: 3 --> 0/4 options! [SOLUTIONS:10]
- Player 1 - <FitzVonGerald> ---------------------------
PlayCardTask => [FitzVonGerald] play 'Cloaked Huntress[30]'(MINION) to Pos[0]
- Player 1 - <FitzVonGerald> ---------------------------
PlayCardTask => [FitzVonGerald] play 'Shrinkmeister[28]'(MINION) 'Healing Totem[76]' to Pos[0]
EndTurnTask => [FitzVonGerald]
MinionAttackTask => [FitzVonGerald] 'Nat, the Darkfisher[15]'(MINION) attack 'Stoneclaw Totem[77]'
EndTurnTask => [FitzVonGerald]
- Player 2 - <RehHausZuckFuchs> ---------------------------
* Calculating solutions *** Player 2 ***
- Player 2 - <RehHausZuckFuchs> ---------------------------
* Calculating solutions *** Player 2 ***
Depth: 1 --> 2/3 options! [SOLUTIONS:1]
Depth: 2 --> 2/4 options! [SOLUTIONS:3]
Depth: 1 --> 7/8 options! [SOLUTIONS:1]
Depth: 3 --> 0/2 options! [SOLUTIONS:5]
- Player 2 - <RehHausZuckFuchs> ---------------------------
PlayCardTask => [RehHausZuckFuchs] play 'Jade Claws[56]'(WEAPON)
HeroAttackTask => [RehHausZuckFuchs] 'Thrall[6]' attacks 'Shrinkmeister[28]'
EndTurnTask => [RehHausZuckFuchs]
here:25
Player1: PLAYING / Player2: PLAYING - ROUND 3 - FitzVonGerald
Hero[P1]: 30 / Hero[P2]: 27

* Calculating solutions *** Player 1 ***
Depth: 4 --> 0/14 options! [SOLUTIONS:37]
- Player 2 - <RehHausZuckFuchs> ---------------------------
PlayCardTask => [RehHausZuckFuchs] play 'Flametongue Totem[61]'(MINION) to Pos[0]
MinionAttackTask => [RehHausZuckFuchs] 'Bloodmage Thalnos[66]'(MINION) attack 'Violet Illusionist[19]'
MinionAttackTask => [RehHausZuckFuchs] 'Healing Totem[76]'(MINION) attack 'Garrosh Hellscream[4]'
EndTurnTask => [RehHausZuckFuchs]
here:0
Player1: PLAYING / Player2: PLAYING - ROUND 4 - FitzVonGerald
Hero[P1]: 28 / Hero[P2]: 30

* Calculating solutions *** Player 1 ***
Depth: 1 --> 4/5 options! [SOLUTIONS:1]
Depth: 1 --> 4/5 options! [SOLUTIONS:1]
Depth: 2 --> 2/6 options! [SOLUTIONS:5]
Depth: 3 --> 0/2 options! [SOLUTIONS:7]
- Player 1 - <FitzVonGerald> ---------------------------
EndTurnTask => [FitzVonGerald]
- Player 2 - <RehHausZuckFuchs> ---------------------------
* Calculating solutions *** Player 2 ***
Depth: 1 --> 3/4 options! [SOLUTIONS:1]
Depth: 2 --> 5/9 options! [SOLUTIONS:5]
Depth: 3 --> 0/5 options! [SOLUTIONS:10]
- Player 1 - <FitzVonGerald> ---------------------------
PlayCardTask => [FitzVonGerald] play 'Bite[11]'(SPELL)
HeroAttackTask => [FitzVonGerald] 'Garrosh Hellscream[4]' attacks 'Thrall[6]'
EndTurnTask => [FitzVonGerald]
- Player 2 - <RehHausZuckFuchs> ---------------------------
* Calculating solutions *** Player 2 ***
Depth: 2 --> 5/8 options! [SOLUTIONS:4]
Depth: 3 --> 2/7 options! [SOLUTIONS:9]
Depth: 4 --> 0/2 options! [SOLUTIONS:11]
- Player 2 - <RehHausZuckFuchs> ---------------------------
MinionAttackTask => [RehHausZuckFuchs] 'Jade Golem[77]'(MINION) attack 'Garrosh Hellscream[4]'
HeroAttackTask => [RehHausZuckFuchs] 'Thrall[6]' attacks 'Garrosh Hellscream[4]'
HeroPowerTask => [RehHausZuckFuchs] using 'Totemic Call[7]'
EndTurnTask => [RehHausZuckFuchs]
here:25
Player1: PLAYING / Player2: PLAYING - ROUND 4 - FitzVonGerald
Hero[P1]: 27 / Hero[P2]: 27

* Calculating solutions *** Player 1 ***
Depth: 2 --> 23/30 options! [SOLUTIONS:8]
Depth: 1 --> 12/13 options! [SOLUTIONS:1]
Depth: 1 --> 6/7 options! [SOLUTIONS:1]
Depth: 4 --> 26/50 options! [SOLUTIONS:47]
Depth: 2 --> 6/12 options! [SOLUTIONS:7]
Depth: 3 --> 0/6 options! [SOLUTIONS:13]
- Player 1 - <FitzVonGerald> ---------------------------
PlayCardTask => [FitzVonGerald] play 'Cyclopian Horror[41]'(MINION) to Pos[0]
EndTurnTask => [FitzVonGerald]
- Player 2 - <RehHausZuckFuchs> ---------------------------
* Calculating solutions *** Player 2 ***
Inner i, or here inside getWinRateTimeMean at here= 25
Player1: Mulligan 
Player2: Mulligan 59,54
here:25
Player1: PLAYING / Player2: PLAYING - ROUND 1 - FitzVonGerald
Hero[P1]: 30 / Hero[P2]: 30

* Calculating solutions *** Player 1 ***
Depth: 5 --> 0/26 options! [SOLUTIONS:73]
- Player 2 - <RehHausZuckFuchs> ---------------------------
PlayCardTask => [RehHausZuckFuchs] play 'The Coin[72]'(SPELL)
PlayCardTask => [RehHausZuckFuchs] play 'Tunnel Trogg[43]'(MINION) to Pos[1]
MinionAttackTask => [RehHausZuckFuchs] 'Tunnel Trogg[42]'(MINION) attack 'Garrosh Hellscream[4]'
HeroPowerTask => [RehHausZuckFuchs] using 'Totemic Call[7]'
EndTurnTask => [RehHausZuckFuchs]
here:0
Player1: PLAYING / Player2: PLAYING - ROUND 3 - FitzVonGerald
Hero[P1]: 29 / Hero[P2]: 30

* Calculating solutions *** Player 1 ***
Depth: 1 --> 1/2 options! [SOLUTIONS:1]
Depth: 2 --> 3/3 options! [SOLUTIONS:1]
Depth: 3 --> 0/3 options! [SOLUTIONS:4]
- Player 1 - <FitzVonGerald> ---------------------------
EndTurnTask => [FitzVonGerald]
- Player 2 - <RehHausZuckFuchs> ---------------------------
* Calculating solutions *** Player 2 ***
Depth: 1 --> 7/8 options! [SOLUTIONS:1]
Depth: 1 --> 1/2 options! [SOLUTIONS:1]
Depth: 1 --> 17/18 options! [SOLUTIONS:1]
Depth: 2 --> 2/3 options! [SOLUTIONS:2]
Depth: 2 --> 23/35 options! [SOLUTIONS:13]
Depth: 3 --> 0/2 options! [SOLUTIONS:4]
- Player 2 - <RehHausZuckFuchs> ---------------------------
PlayCardTask => [RehHausZuckFuchs] play 'The Coin[72]'(SPELL)
PlayCardTask => [RehHausZuckFuchs] play 'Maelstrom Portal[51]'(SPELL)
EndTurnTask => [RehHausZuckFuchs]
here:25
Player1: PLAYING / Player2: PLAYING - ROUND 2 - FitzVonGerald
Hero[P1]: 30 / Hero[P2]: 30

* Calculating solutions *** Player 1 ***
Depth: 1 --> 3/4 options! [SOLUTIONS:1]
Depth: 2 --> 3/5 options! [SOLUTIONS:3]
Depth: 3 --> 0/3 options! [SOLUTIONS:6]
- Player 1 - <FitzVonGerald> ---------------------------
EndTurnTask => [FitzVonGerald]
- Player 2 - <RehHausZuckFuchs> ---------------------------
* Calculating solutions *** Player 2 ***
Depth: 1 --> 4/5 options! [SOLUTIONS:1]
Depth: 2 --> 12/19 options! [SOLUTIONS:8]
Depth: 2 --> 4/8 options! [SOLUTIONS:5]
Depth: 3 --> 27/50 options! [SOLUTIONS:31]
Depth: 3 --> 0/4 options! [SOLUTIONS:9]
- Player 2 - <RehHausZuckFuchs> ---------------------------
PlayCardTask => [RehHausZuckFuchs] play 'Totem Golem[45]'(MINION) to Pos[0]
MinionAttackTask => [RehHausZuckFuchs] 'Voodoo Doctor[73]'(MINION) attack 'Garrosh Hellscream[4]'
EndTurnTask => [RehHausZuckFuchs]
here:25
Player1: PLAYING / Player2: PLAYING - ROUND 3 - FitzVonGerald
Hero[P1]: 28 / Hero[P2]: 30

* Calculating solutions *** Player 1 ***
Depth: 2 --> 18/35 options! [SOLUTIONS:18]
Depth: 1 --> 6/7 options! [SOLUTIONS:1]
Depth: 3 --> 0/12 options! [SOLUTIONS:20]
- Player 1 - <FitzVonGerald> ---------------------------
PlayCardTask => [FitzVonGerald] play 'Violet Illusionist[19]'(MINION) to Pos[0]
MinionAttackTask => [FitzVonGerald] 'Shadow Ascendant[25]'(MINION) attack 'Thrall[6]'
EndTurnTask => [FitzVonGerald]
- Player 2 - <RehHausZuckFuchs> ---------------------------
* Calculating solutions *** Player 2 ***
Depth: 3 --> 13/36 options! [SOLUTIONS:36]
Depth: 3 --> 0/18 options! [SOLUTIONS:36]
- Player 2 - <RehHausZuckFuchs> ---------------------------
PlayCardTask => [RehHausZuckFuchs] play 'Jade Lightning[54]'(SPELL) 'Cyclopian Horror[41]'
Depth: 4 --> 0/27 options! [SOLUTIONS:58]
- Player 2 - <RehHausZuckFuchs> ---------------------------
PlayCardTask => [RehHausZuckFuchs] play 'Jade Claws[57]'(WEAPON)
MinionAttackTask => [RehHausZuckFuchs] 'Searing Totem[73]'(MINION) attack 'Garrosh Hellscream[4]'
HeroAttackTask => [RehHausZuckFuchs] 'Thrall[6]' attacks 'Garrosh Hellscream[4]'
EndTurnTask => [RehHausZuckFuchs]
here:0
Player1: PLAYING / Player2: PLAYING - ROUND 4 - FitzVonGerald
Hero[P1]: 26 / Hero[P2]: 30

* Calculating solutions *** Player 1 ***
outer i, deck number=6
Printing Deck player 1, loop is here=6
DOOM!
Coldarra Drake
Arcanosmith
Bite
Murloc Tinyfin
Ice Block
Dark Conviction
Nat, the Darkfisher
Hunter's Mark
Pit Lord
Mountainfire Armor
Violet Illusionist
Sunborne Val'kyr
Core Hound
Vol'jin
I Know a Guy
Shadow Essence
Shadow Ascendant
Arcanite Reaper
Psych-o-Tron
Shrinkmeister
Scourgelord Garrosh
Cloaked Huntress
Duplicate
Malfurion the Pestilent
Drakonid Crusher
Gelbin Mekkatorque
Power of the Wild
Moonglade Portal
Cyclopian Horror
Printing Deck player 2 loop is here=6
DOOM!
Coldarra Drake
Arcanosmith
Bite
Murloc Tinyfin
Ice Block
Dark Conviction
Nat, the Darkfisher
Hunter's Mark
Pit Lord
Mountainfire Armor
Violet Illusionist
Sunborne Val'kyr
Core Hound
Vol'jin
I Know a Guy
Shadow Essence
Shadow Ascendant
Arcanite Reaper
Psych-o-Tron
Shrinkmeister
Scourgelord Garrosh
Cloaked Huntress
Duplicate
Malfurion the Pestilent
Drakonid Crusher
Gelbin Mekkatorque
Power of the Wild
Moonglade Portal
Cyclopian Horror
Inner i, or here inside getWinRateTimeMean at here= 0
Player1: Mulligan 
Player2: Mulligan 
here:0
Player1: PLAYING / Player2: PLAYING - ROUND 1 - FitzVonGerald
Hero[P1]: 30 / Hero[P2]: 30

* Calculating solutions *** Player 1 ***
MinionAttackTask => [RehHausZuckFuchs] 'Jade Golem[77]'(MINION) attack 'Cyclopian Horror[41]'
EndTurnTask => [RehHausZuckFuchs]
here:25
Player1: PLAYING / Player2: PLAYING - ROUND 5 - FitzVonGerald
Hero[P1]: 27 / Hero[P2]: 27

* Calculating solutions *** Player 1 ***
Depth: 1 --> 11/12 options! [SOLUTIONS:1]
Depth: 2 --> 7/12 options! [SOLUTIONS:6]
Depth: 1 --> 7/8 options! [SOLUTIONS:1]
Depth: 1 --> 0/1 options! [SOLUTIONS:1]
- Player 1 - <FitzVonGerald> ---------------------------
EndTurnTask => [FitzVonGerald]
- Player 2 - <RehHausZuckFuchs> ---------------------------
* Calculating solutions *** Player 2 ***
Depth: 1 --> 8/9 options! [SOLUTIONS:1]
Depth: 1 --> 2/3 options! [SOLUTIONS:1]
Depth: 4 --> 1/14 options! [SOLUTIONS:49]
Depth: 5 --> 0/1 options! [SOLUTIONS:50]
- Player 2 - <RehHausZuckFuchs> ---------------------------
PlayCardTask => [RehHausZuckFuchs] play 'Barnes[67]'(MINION) to Pos[1]
EndTurnTask => [RehHausZuckFuchs]
here:0
Player1: PLAYING / Player2: PLAYING - ROUND 5 - FitzVonGerald
Hero[P1]: 28 / Hero[P2]: 26

* Calculating solutions *** Player 1 ***
Depth: 2 --> 5/7 options! [SOLUTIONS:3]
Depth: 1 --> 7/8 options! [SOLUTIONS:1]
Depth: 3 --> 1/6 options! [SOLUTIONS:8]
Depth: 2 --> 7/14 options! [SOLUTIONS:8]
Depth: 4 --> 0/1 options! [SOLUTIONS:9]
- Player 2 - <RehHausZuckFuchs> ---------------------------
PlayCardTask => [RehHausZuckFuchs] play 'The Coin[72]'(SPELL)
PlayCardTask => [RehHausZuckFuchs] play 'Totem Golem[44]'(MINION) to Pos[0]
EndTurnTask => [RehHausZuckFuchs]
here:0
Player1: PLAYING / Player2: PLAYING - ROUND 2 - FitzVonGerald
Hero[P1]: 30 / Hero[P2]: 30

* Calculating solutions *** Player 1 ***
Depth: 1 --> 2/3 options! [SOLUTIONS:1]
Depth: 3 --> 0/7 options! [SOLUTIONS:15]
- Player 1 - <FitzVonGerald> ---------------------------
PlayCardTask => [FitzVonGerald] play 'Vol'jin[22]'(MINION) 'Healing Totem[76]' to Pos[0]
EndTurnTask => [FitzVonGerald]
- Player 2 - <RehHausZuckFuchs> ---------------------------
* Calculating solutions *** Player 2 ***
Depth: 2 --> 0/2 options! [SOLUTIONS:3]
- Player 1 - <FitzVonGerald> ---------------------------
PlayCardTask => [FitzVonGerald] play 'Shrinkmeister[28]'(MINION) 'Totem Golem[44]' to Pos[0]
EndTurnTask => [FitzVonGerald]
- Player 2 - <RehHausZuckFuchs> ---------------------------
* Calculating solutions *** Player 2 ***
Depth: 1 --> 4/5 options! [SOLUTIONS:1]
Depth: 2 --> 9/16 options! [SOLUTIONS:8]
Depth: 3 --> 24/27 options! [SOLUTIONS:9]
Depth: 3 --> 0/9 options! [SOLUTIONS:17]
- Player 1 - <FitzVonGerald> ---------------------------
PlayCardTask => [FitzVonGerald] play 'Arcanite Reaper[26]'(WEAPON)
HeroAttackTask => [FitzVonGerald] 'Garrosh Hellscream[4]' attacks 'Thrall[6]'
EndTurnTask => [FitzVonGerald]
- Player 2 - <RehHausZuckFuchs> ---------------------------
* Calculating solutions *** Player 2 ***
Depth: 2 --> 4/8 options! [SOLUTIONS:5]
Depth: 3 --> 0/4 options! [SOLUTIONS:9]
- Player 2 - <RehHausZuckFuchs> ---------------------------
PlayCardTask => [RehHausZuckFuchs] play 'Tunnel Trogg[42]'(MINION) to Pos[0]
MinionAttackTask => [RehHausZuckFuchs] 'Totem Golem[44]'(MINION) attack 'Shrinkmeister[28]'
EndTurnTask => [RehHausZuckFuchs]
here:0
Player1: PLAYING / Player2: PLAYING - ROUND 3 - FitzVonGerald
Hero[P1]: 30 / Hero[P2]: 30

* Calculating solutions *** Player 1 ***
Inner i, or here inside getWinRateTimeMean at here= 25
Player1: Mulligan 26
Player2: Mulligan 46
Depth: 1 --> 20/21 options! [SOLUTIONS:1]
here:25
Player1: PLAYING / Player2: PLAYING - ROUND 1 - FitzVonGerald
Hero[P1]: 30 / Hero[P2]: 30

* Calculating solutions *** Player 1 ***
Depth: 1 --> 1/2 options! [SOLUTIONS:1]
Depth: 2 --> 0/1 options! [SOLUTIONS:2]
- Player 1 - <FitzVonGerald> ---------------------------
PlayCardTask => [FitzVonGerald] play 'Murloc Tinyfin[12]'(MINION) to Pos[0]
EndTurnTask => [FitzVonGerald]
- Player 2 - <RehHausZuckFuchs> ---------------------------
* Calculating solutions *** Player 2 ***
Depth: 2 --> 22/30 options! [SOLUTIONS:9]
Depth: 1 --> 2/3 options! [SOLUTIONS:1]
Depth: 2 --> 0/2 options! [SOLUTIONS:3]
- Player 1 - <FitzVonGerald> ---------------------------
EndTurnTask => [FitzVonGerald]
- Player 2 - <RehHausZuckFuchs> ---------------------------
* Calculating solutions *** Player 2 ***
Depth: 1 --> 6/7 options! [SOLUTIONS:1]
Depth: 4 --> 0/24 options! [SOLUTIONS:33]
- Player 1 - <FitzVonGerald> ---------------------------
PlayCardTask => [FitzVonGerald] play 'Power of the Wild[37]'(SPELL) Option 1
EndTurnTask => [FitzVonGerald]
- Player 2 - <RehHausZuckFuchs> ---------------------------
* Calculating solutions *** Player 2 ***
Depth: 1 --> 5/6 options! [SOLUTIONS:1]
Depth: 1 --> 5/6 options! [SOLUTIONS:1]
Depth: 1 --> 23/24 options! [SOLUTIONS:1]
Depth: 2 --> 13/19 options! [SOLUTIONS:7]
Depth: 2 --> 10/15 options! [SOLUTIONS:6]
Depth: 2 --> 30/71 options! [SOLUTIONS:12]
Depth: 2 --> 11/16 options! [SOLUTIONS:6]
Inner i, or here inside getWinRateTimeMean at here= 5
Player1: Mulligan 22,40
Player2: Mulligan 71
here:5
Player1: PLAYING / Player2: PLAYING - ROUND 1 - FitzVonGerald
Hero[P1]: 30 / Hero[P2]: 30

* Calculating solutions *** Player 1 ***
Depth: 1 --> 0/1 options! [SOLUTIONS:1]
- Player 1 - <FitzVonGerald> ---------------------------
EndTurnTask => [FitzVonGerald]
- Player 2 - <RehHausZuckFuchs> ---------------------------
* Calculating solutions *** Player 2 ***
Depth: 1 --> 1/2 options! [SOLUTIONS:1]
Depth: 2 --> 2/3 options! [SOLUTIONS:2]
Depth: 3 --> 9/19 options! [SOLUTIONS:16]
Depth: 3 --> 1/3 options! [SOLUTIONS:4]
Depth: 4 --> 0/1 options! [SOLUTIONS:5]
- Player 2 - <RehHausZuckFuchs> ---------------------------
PlayCardTask => [RehHausZuckFuchs] play 'The Coin[72]'(SPELL)
PlayCardTask => [RehHausZuckFuchs] play 'Jade Claws[57]'(WEAPON)
HeroAttackTask => [RehHausZuckFuchs] 'Thrall[6]' attacks 'Garrosh Hellscream[4]'
EndTurnTask => [RehHausZuckFuchs]
here:5
Player1: PLAYING / Player2: PLAYING - ROUND 2 - FitzVonGerald
Hero[P1]: 28 / Hero[P2]: 30

* Calculating solutions *** Player 1 ***
Depth: 3 --> 10/21 options! [SOLUTIONS:17]
Depth: 1 --> 1/2 options! [SOLUTIONS:1]
Depth: 2 --> 0/1 options! [SOLUTIONS:2]
- Player 1 - <FitzVonGerald> ---------------------------
EndTurnTask => [FitzVonGerald]
- Player 2 - <RehHausZuckFuchs> ---------------------------
* Calculating solutions *** Player 2 ***
Depth: 1 --> 4/5 options! [SOLUTIONS:1]
Depth: 4 --> 0/9 options! [SOLUTIONS:25]
- Player 2 - <RehHausZuckFuchs> ---------------------------
MinionAttackTask => [RehHausZuckFuchs] 'Totem Golem[45]'(MINION) attack 'Panther[74]'
HeroPowerTask => [RehHausZuckFuchs] using 'Totemic Call[7]'
MinionAttackTask => [RehHausZuckFuchs] 'Voodoo Doctor[73]'(MINION) attack 'Garrosh Hellscream[4]'
EndTurnTask => [RehHausZuckFuchs]
here:25
Player1: PLAYING / Player2: PLAYING - ROUND 4 - FitzVonGerald
Hero[P1]: 26 / Hero[P2]: 30

* Calculating solutions *** Player 1 ***
Depth: 1 --> 5/6 options! [SOLUTIONS:1]
Inner i, or here inside getWinRateTimeMean at here= 5
Player1: Mulligan 20,41,24
Player2: Mulligan 
here:5
Player1: PLAYING / Player2: PLAYING - ROUND 1 - FitzVonGerald
Hero[P1]: 30 / Hero[P2]: 30

* Calculating solutions *** Player 1 ***
Depth: 1 --> 0/1 options! [SOLUTIONS:1]
- Player 1 - <FitzVonGerald> ---------------------------
EndTurnTask => [FitzVonGerald]
- Player 2 - <RehHausZuckFuchs> ---------------------------
* Calculating solutions *** Player 2 ***
Depth: 1 --> 1/2 options! [SOLUTIONS:1]
Depth: 4 --> 3/13 options! [SOLUTIONS:27]
Depth: 5 --> 0/3 options! [SOLUTIONS:30]
- Player 2 - <RehHausZuckFuchs> ---------------------------
PlayCardTask => [RehHausZuckFuchs] play 'Jade Claws[56]'(WEAPON)
MinionAttackTask => [RehHausZuckFuchs] 'Tunnel Trogg[42]'(MINION) attack 'Garrosh Hellscream[4]'
MinionAttackTask => [RehHausZuckFuchs] 'Totem Golem[44]'(MINION) attack 'Garrosh Hellscream[4]'
HeroAttackTask => [RehHausZuckFuchs] 'Thrall[6]' attacks 'Garrosh Hellscream[4]'
EndTurnTask => [RehHausZuckFuchs]
here:0
Player1: PLAYING / Player2: PLAYING - ROUND 4 - FitzVonGerald
Hero[P1]: 23 / Hero[P2]: 30

* Calculating solutions *** Player 1 ***
Depth: 2 --> 9/13 options! [SOLUTIONS:5]
Depth: 2 --> 5/9 options! [SOLUTIONS:5]
Depth: 1 --> 5/6 options! [SOLUTIONS:1]
Depth: 2 --> 3/4 options! [SOLUTIONS:2]
Depth: 3 --> 0/3 options! [SOLUTIONS:5]
- Player 2 - <RehHausZuckFuchs> ---------------------------
PlayCardTask => [RehHausZuckFuchs] play 'The Coin[72]'(SPELL)
PlayCardTask => [RehHausZuckFuchs] play 'Maelstrom Portal[51]'(SPELL)
EndTurnTask => [RehHausZuckFuchs]
here:5
Player1: PLAYING / Player2: PLAYING - ROUND 2 - FitzVonGerald
Hero[P1]: 30 / Hero[P2]: 30

* Calculating solutions *** Player 1 ***
Depth: 3 --> 24/46 options! [SOLUTIONS:31]
Depth: 2 --> 2/7 options! [SOLUTIONS:6]
Depth: 3 --> 21/34 options! [SOLUTIONS:20]
Depth: 3 --> 0/2 options! [SOLUTIONS:8]
- Player 1 - <FitzVonGerald> ---------------------------
PlayCardTask => [FitzVonGerald] play 'Arcanosmith[10]'(MINION) to Pos[0]
EndTurnTask => [FitzVonGerald]
- Player 2 - <RehHausZuckFuchs> ---------------------------
* Calculating solutions *** Player 2 ***
Depth: 3 --> 2/7 options! [SOLUTIONS:10]
Depth: 1 --> 2/3 options! [SOLUTIONS:1]
Depth: 2 --> 0/2 options! [SOLUTIONS:3]
- Player 1 - <FitzVonGerald> ---------------------------
PlayCardTask => [FitzVonGerald] play 'Nat, the Darkfisher[15]'(MINION) to Pos[0]
Depth: 4 --> 0/2 options! [SOLUTIONS:12]
- Player 2 - <RehHausZuckFuchs> ---------------------------
PlayCardTask => [RehHausZuckFuchs] play 'Tunnel Trogg[43]'(MINION) to Pos[0]
EndTurnTask => [FitzVonGerald]
MinionAttackTask => [RehHausZuckFuchs] 'Jade Golem[73]'(MINION) attack 'Garrosh Hellscream[4]'
HeroAttackTask => [RehHausZuckFuchs] 'Thrall[6]' attacks 'Garrosh Hellscream[4]'
EndTurnTask => [RehHausZuckFuchs]
- Player 2 - <RehHausZuckFuchs> ---------------------------
* Calculating solutions *** Player 2 ***
here:5
Player1: PLAYING / Player2: PLAYING - ROUND 3 - FitzVonGerald
Hero[P1]: 25 / Hero[P2]: 30

* Calculating solutions *** Player 1 ***
Depth: 1 --> 3/4 options! [SOLUTIONS:1]
Depth: 2 --> 0/3 options! [SOLUTIONS:4]
- Player 1 - <FitzVonGerald> ---------------------------
PlayCardTask => [FitzVonGerald] play 'Mountainfire Armor[18]'(MINION) to Pos[0]
EndTurnTask => [FitzVonGerald]
- Player 2 - <RehHausZuckFuchs> ---------------------------
* Calculating solutions *** Player 2 ***
Depth: 1 --> 6/7 options! [SOLUTIONS:1]
Depth: 2 --> 30/84 options! [SOLUTIONS:24]
outer i, deck number=2
Printing Deck player 1, loop is here=2
DOOM!
Coldarra Drake
Arcanosmith
Bite
Murloc Tinyfin
Ice Block
Dark Conviction
Nat, the Darkfisher
Hunter's Mark
Pit Lord
Mountainfire Armor
Violet Illusionist
Sunborne Val'kyr
Core Hound
Vol'jin
I Know a Guy
Shadow Essence
Shadow Ascendant
Arcanite Reaper
Psych-o-Tron
Shrinkmeister
Scourgelord Garrosh
Cloaked Huntress
Duplicate
Malfurion the Pestilent
Drakonid Crusher
Gelbin Mekkatorque
Power of the Wild
Moonglade Portal
Cyclopian Horror
Printing Deck player 2 loop is here=2
DOOM!
Coldarra Drake
Arcanosmith
Bite
Murloc Tinyfin
Ice Block
Dark Conviction
Nat, the Darkfisher
Hunter's Mark
Pit Lord
Mountainfire Armor
Violet Illusionist
Sunborne Val'kyr
Core Hound
Vol'jin
I Know a Guy
Shadow Essence
Shadow Ascendant
Arcanite Reaper
Psych-o-Tron
Shrinkmeister
Scourgelord Garrosh
Cloaked Huntress
Duplicate
Malfurion the Pestilent
Drakonid Crusher
Gelbin Mekkatorque
Power of the Wild
Moonglade Portal
Cyclopian Horror
Inner i, or here inside getWinRateTimeMean at here= 0
Player1: Mulligan 8
Player2: Mulligan 59
here:0
Player1: PLAYING / Player2: PLAYING - ROUND 1 - FitzVonGerald
Hero[P1]: 30 / Hero[P2]: 30

* Calculating solutions *** Player 1 ***
Depth: 1 --> 7/8 options! [SOLUTIONS:1]
Depth: 1 --> 6/7 options! [SOLUTIONS:1]
Depth: 1 --> 0/1 options! [SOLUTIONS:1]
- Player 1 - <FitzVonGerald> ---------------------------
EndTurnTask => [FitzVonGerald]
- Player 2 - <RehHausZuckFuchs> ---------------------------
* Calculating solutions *** Player 2 ***
Depth: 3 --> 26/31 options! [SOLUTIONS:10]
Depth: 1 --> 1/2 options! [SOLUTIONS:1]
Depth: 2 --> 2/3 options! [SOLUTIONS:2]
Depth: 3 --> 1/3 options! [SOLUTIONS:4]
Depth: 4 --> 0/1 options! [SOLUTIONS:5]
- Player 2 - <RehHausZuckFuchs> ---------------------------
PlayCardTask => [RehHausZuckFuchs] play 'The Coin[72]'(SPELL)
PlayCardTask => [RehHausZuckFuchs] play 'Jade Claws[57]'(WEAPON)
HeroAttackTask => [RehHausZuckFuchs] 'Thrall[6]' attacks 'Garrosh Hellscream[4]'
EndTurnTask => [RehHausZuckFuchs]
here:0
Player1: PLAYING / Player2: PLAYING - ROUND 2 - FitzVonGerald
Hero[P1]: 28 / Hero[P2]: 30

* Calculating solutions *** Player 1 ***
Depth: 1 --> 2/3 options! [SOLUTIONS:1]
Depth: 2 --> 17/23 options! [SOLUTIONS:7]
outer i, deck number=7
Printing Deck player 1, loop is here=7
DOOM!
Coldarra Drake
Arcanosmith
Bite
Murloc Tinyfin
Ice Block
Dark Conviction
Nat, the Darkfisher
Hunter's Mark
Pit Lord
Mountainfire Armor
Violet Illusionist
Sunborne Val'kyr
Core Hound
Vol'jin
I Know a Guy
Shadow Essence
Shadow Ascendant
Arcanite Reaper
Psych-o-Tron
Shrinkmeister
Scourgelord Garrosh
Cloaked Huntress
Duplicate
Malfurion the Pestilent
Drakonid Crusher
Gelbin Mekkatorque
Power of the Wild
Moonglade Portal
Cyclopian Horror
Printing Deck player 2 loop is here=7
DOOM!
Coldarra Drake
Arcanosmith
Bite
Murloc Tinyfin
Ice Block
Dark Conviction
Nat, the Darkfisher
Hunter's Mark
Pit Lord
Mountainfire Armor
Violet Illusionist
Sunborne Val'kyr
Core Hound
Vol'jin
I Know a Guy
Shadow Essence
Shadow Ascendant
Arcanite Reaper
Psych-o-Tron
Shrinkmeister
Scourgelord Garrosh
Cloaked Huntress
Duplicate
Malfurion the Pestilent
Drakonid Crusher
Gelbin Mekkatorque
Power of the Wild
Moonglade Portal
Cyclopian Horror
Inner i, or here inside getWinRateTimeMean at here= 0
Depth: 4 --> 9/33 options! [SOLUTIONS:55]
Depth: 4 --> 9/34 options! [SOLUTIONS:35]
Depth: 2 --> 0/2 options! [SOLUTIONS:3]
- Player 1 - <FitzVonGerald> ---------------------------
EndTurnTask => [FitzVonGerald]
- Player 2 - <RehHausZuckFuchs> ---------------------------
* Calculating solutions *** Player 2 ***
Depth: 5 --> 0/9 options! [SOLUTIONS:64]
- Player 1 - <FitzVonGerald> ---------------------------
MinionAttackTask => [FitzVonGerald] 'Cloaked Huntress[30]'(MINION) attack 'Thrall[6]'
MinionAttackTask => [FitzVonGerald] 'Nat, the Darkfisher[15]'(MINION) attack 'Thrall[6]'
EndTurnTask => [FitzVonGerald]
- Player 2 - <RehHausZuckFuchs> ---------------------------
* Calculating solutions *** Player 2 ***
Depth: 1 --> 2/3 options! [SOLUTIONS:1]
Depth: 2 --> 1/3 options! [SOLUTIONS:3]
Depth: 3 --> 0/1 options! [SOLUTIONS:4]
- Player 2 - <RehHausZuckFuchs> ---------------------------
MinionAttackTask => [RehHausZuckFuchs] 'Jade Golem[73]'(MINION) attack 'Garrosh Hellscream[4]'
HeroAttackTask => [RehHausZuckFuchs] 'Thrall[6]' attacks 'Garrosh Hellscream[4]'
EndTurnTask => [RehHausZuckFuchs]
here:0
Player1: PLAYING / Player2: PLAYING - ROUND 3 - FitzVonGerald
Hero[P1]: 25 / Hero[P2]: 30

* Calculating solutions *** Player 1 ***
Depth: 5 --> 0/9 options! [SOLUTIONS:44]
- Player 1 - <FitzVonGerald> ---------------------------
PlayCardTask => [FitzVonGerald] play 'Cloaked Huntress[30]'(MINION) to Pos[0]
EndTurnTask => [FitzVonGerald]
- Player 2 - <RehHausZuckFuchs> ---------------------------
* Calculating solutions *** Player 2 ***
Depth: 3 --> 22/52 options! [SOLUTIONS:54]
Depth: 1 --> 15/16 options! [SOLUTIONS:1]
Depth: 4 --> 20/41 options! [SOLUTIONS:41]
Depth: 1 --> 4/5 options! [SOLUTIONS:1]
Depth: 2 --> 15/22 options! [SOLUTIONS:8]
Depth: 2 --> 18/24 options! [SOLUTIONS:7]
Depth: 2 --> 1/5 options! [SOLUTIONS:5]
Depth: 3 --> 0/1 options! [SOLUTIONS:6]
- Player 1 - <FitzVonGerald> ---------------------------
PlayCardTask => [FitzVonGerald] play 'Violet Illusionist[19]'(MINION) to Pos[0]
EndTurnTask => [FitzVonGerald]
- Player 2 - <RehHausZuckFuchs> ---------------------------
* Calculating solutions *** Player 2 ***
Player1: Mulligan 40,21
Player2: Mulligan 54,55
here:0
Player1: PLAYING / Player2: PLAYING - ROUND 1 - FitzVonGerald
Hero[P1]: 30 / Hero[P2]: 30

* Calculating solutions *** Player 1 ***
Depth: 1 --> 0/1 options! [SOLUTIONS:1]
- Player 1 - <FitzVonGerald> ---------------------------
EndTurnTask => [FitzVonGerald]
- Player 2 - <RehHausZuckFuchs> ---------------------------
* Calculating solutions *** Player 2 ***
Inner i, or here inside getWinRateTimeMean at here= 25
Player1: Mulligan 21,9,36
Player2: Mulligan 70,58
here:25
Player1: PLAYING / Player2: PLAYING - ROUND 1 - FitzVonGerald
Hero[P1]: 30 / Hero[P2]: 30

* Calculating solutions *** Player 1 ***
Depth: 1 --> 0/1 options! [SOLUTIONS:1]
- Player 1 - <FitzVonGerald> ---------------------------
EndTurnTask => [FitzVonGerald]
- Player 2 - <RehHausZuckFuchs> ---------------------------
* Calculating solutions *** Player 2 ***
Depth: 5 --> 0/20 options! [SOLUTIONS:61]
- Player 2 - <RehHausZuckFuchs> ---------------------------
PlayCardTask => [RehHausZuckFuchs] play 'Tunnel Trogg[42]'(MINION) to Pos[0]
PlayCardTask => [RehHausZuckFuchs] play 'The Coin[72]'(SPELL)
PlayCardTask => [RehHausZuckFuchs] play 'Small-Time Buccaneer[65]'(MINION) to Pos[0]
Depth: 1 --> 4/5 options! [SOLUTIONS:1]
Depth: 3 --> 0/15 options! [SOLUTIONS:23]
- Player 2 - <RehHausZuckFuchs> ---------------------------
PlayCardTask => [RehHausZuckFuchs] play 'Flametongue Totem[60]'(MINION) to Pos[0]
MinionAttackTask => [RehHausZuckFuchs] 'Weasel Tunneler[73]'(MINION) attack 'Garrosh Hellscream[4]'
EndTurnTask => [RehHausZuckFuchs]
here:5
Player1: PLAYING / Player2: PLAYING - ROUND 3 - FitzVonGerald
Hero[P1]: 27 / Hero[P2]: 30

* Calculating solutions *** Player 1 ***
Depth: 1 --> 2/3 options! [SOLUTIONS:1]
Depth: 2 --> 30/145 options! [SOLUTIONS:21]
Depth: 1 --> 1/2 options! [SOLUTIONS:1]
Depth: 1 --> 23/24 options! [SOLUTIONS:1]
Depth: 4 --> 7/29 options! [SOLUTIONS:76]
MinionAttackTask => [RehHausZuckFuchs] 'Patches the Pirate[63]'(MINION) attack 'Murloc Tinyfin[12]'
EndTurnTask => [RehHausZuckFuchs]
here:25
Player1: PLAYING / Player2: PLAYING - ROUND 2 - FitzVonGerald
Hero[P1]: 30 / Hero[P2]: 30

* Calculating solutions *** Player 1 ***
Depth: 5 --> 0/7 options! [SOLUTIONS:83]
- Player 2 - <RehHausZuckFuchs> ---------------------------
PlayCardTask => [RehHausZuckFuchs] play 'Totem Golem[44]'(MINION) to Pos[0]
MinionAttackTask => [RehHausZuckFuchs] 'Barnes[67]'(MINION) attack 'Garrosh Hellscream[4]'
MinionAttackTask => [RehHausZuckFuchs] 'Totem Golem[77]'(MINION) attack 'Garrosh Hellscream[4]'
HeroPowerTask => [RehHausZuckFuchs] using 'Totemic Call[7]'
EndTurnTask => [RehHausZuckFuchs]
here:0
Player1: PLAYING / Player2: PLAYING - ROUND 6 - FitzVonGerald
Hero[P1]: 26 / Hero[P2]: 21

* Calculating solutions *** Player 1 ***
Depth: 1 --> 2/3 options! [SOLUTIONS:1]
Depth: 2 --> 0/2 options! [SOLUTIONS:3]
- Player 1 - <FitzVonGerald> ---------------------------
PlayCardTask => [FitzVonGerald] play 'Shadow Ascendant[25]'(MINION) to Pos[0]
EndTurnTask => [FitzVonGerald]
- Player 2 - <RehHausZuckFuchs> ---------------------------
* Calculating solutions *** Player 2 ***
Depth: 1 --> 5/6 options! [SOLUTIONS:1]
Depth: 1 --> 18/19 options! [SOLUTIONS:1]
Depth: 2 --> 4/6 options! [SOLUTIONS:3]
Depth: 1 --> 10/11 options! [SOLUTIONS:1]
Depth: 2 --> 7/11 options! [SOLUTIONS:5]
Depth: 3 --> 2/6 options! [SOLUTIONS:7]
Depth: 2 --> 2/3 options! [SOLUTIONS:2]
Depth: 4 --> 0/2 options! [SOLUTIONS:9]
- Player 2 - <RehHausZuckFuchs> ---------------------------
PlayCardTask => [RehHausZuckFuchs] play 'Small-Time Buccaneer[64]'(MINION) to Pos[0]
MinionAttackTask => [RehHausZuckFuchs] 'Patches the Pirate[63]'(MINION) attack 'Garrosh Hellscream[4]'
EndTurnTask => [RehHausZuckFuchs]
here:0
Player1: PLAYING / Player2: PLAYING - ROUND 2 - FitzVonGerald
Hero[P1]: 29 / Hero[P2]: 30

* Calculating solutions *** Player 1 ***
Depth: 3 --> 1/3 options! [SOLUTIONS:4]
Depth: 4 --> 0/1 options! [SOLUTIONS:5]
- Player 2 - <RehHausZuckFuchs> ---------------------------
PlayCardTask => [RehHausZuckFuchs] play 'The Coin[72]'(SPELL)
HeroPowerTask => [RehHausZuckFuchs] using 'Totemic Call[7]'
Depth: 3 --> 30/53 options! [SOLUTIONS:24]
EndTurnTask => [RehHausZuckFuchs]
here:25
Player1: PLAYING / Player2: PLAYING - ROUND 2 - FitzVonGerald
Hero[P1]: 30 / Hero[P2]: 30

* Calculating solutions *** Player 1 ***
Depth: 3 --> 30/146 options! [SOLUTIONS:42]
Depth: 2 --> 6/11 options! [SOLUTIONS:6]
Depth: 3 --> 0/6 options! [SOLUTIONS:12]
- Player 1 - <FitzVonGerald> ---------------------------
MinionAttackTask => [FitzVonGerald] 'Nat, the Darkfisher[15]'(MINION) attack 'Thrall[6]'
EndTurnTask => [FitzVonGerald]
- Player 2 - <RehHausZuckFuchs> ---------------------------
* Calculating solutions *** Player 2 ***
Depth: 3 --> 4/11 options! [SOLUTIONS:12]
Depth: 1 --> 3/4 options! [SOLUTIONS:1]
Depth: 1 --> 2/3 options! [SOLUTIONS:1]
Depth: 4 --> 0/4 options! [SOLUTIONS:16]
- Player 2 - <RehHausZuckFuchs> ---------------------------
MinionAttackTask => [RehHausZuckFuchs] 'Jade Golem[73]'(MINION) attack 'Garrosh Hellscream[4]'
HeroPowerTask => [RehHausZuckFuchs] using 'Totemic Call[7]'
EndTurnTask => [RehHausZuckFuchs]
here:0
Player1: PLAYING / Player2: PLAYING - ROUND 4 - FitzVonGerald
Hero[P1]: 24 / Hero[P2]: 30

* Calculating solutions *** Player 1 ***
Depth: 1 --> 10/11 options! [SOLUTIONS:1]
Depth: 3 --> 25/43 options! [SOLUTIONS:25]
Depth: 2 --> 0/3 options! [SOLUTIONS:4]
- Player 1 - <FitzVonGerald> ---------------------------
PlayCardTask => [FitzVonGerald] play 'Shrinkmeister[28]'(MINION) 'Small-Time Buccaneer[64]' to Pos[0]
EndTurnTask => [FitzVonGerald]
- Player 2 - <RehHausZuckFuchs> ---------------------------
* Calculating solutions *** Player 2 ***
Depth: 2 --> 3/4 options! [SOLUTIONS:2]
Depth: 1 --> 10/11 options! [SOLUTIONS:1]
Depth: 2 --> 30/49 options! [SOLUTIONS:11]
outer i, deck number=3
Printing Deck player 1, loop is here=3
DOOM!
Coldarra Drake
Arcanosmith
Bite
Murloc Tinyfin
Ice Block
Dark Conviction
Nat, the Darkfisher
Hunter's Mark
Pit Lord
Mountainfire Armor
Violet Illusionist
Sunborne Val'kyr
Core Hound
Vol'jin
I Know a Guy
Shadow Essence
Shadow Ascendant
Arcanite Reaper
Psych-o-Tron
Shrinkmeister
Scourgelord Garrosh
Cloaked Huntress
Duplicate
Malfurion the Pestilent
Drakonid Crusher
Gelbin Mekkatorque
Power of the Wild
Moonglade Portal
Cyclopian Horror
Printing Deck player 2 loop is here=3
DOOM!
Coldarra Drake
Arcanosmith
Bite
Murloc Tinyfin
Ice Block
Dark Conviction
Nat, the Darkfisher
Hunter's Mark
Pit Lord
Mountainfire Armor
Violet Illusionist
Sunborne Val'kyr
Core Hound
Vol'jin
I Know a Guy
Shadow Essence
Shadow Ascendant
Arcanite Reaper
Psych-o-Tron
Shrinkmeister
Scourgelord Garrosh
Cloaked Huntress
Duplicate
Malfurion the Pestilent
Drakonid Crusher
Gelbin Mekkatorque
Power of the Wild
Moonglade Portal
Cyclopian Horror
Inner i, or here inside getWinRateTimeMean at here= 0
Depth: 3 --> 0/3 options! [SOLUTIONS:5]
- Player 1 - <FitzVonGerald> ---------------------------
EndTurnTask => [FitzVonGerald]
- Player 2 - <RehHausZuckFuchs> ---------------------------
* Calculating solutions *** Player 2 ***
Depth: 1 --> 9/10 options! [SOLUTIONS:1]
Depth: 2 --> 30/63 options! [SOLUTIONS:19]
Depth: 3 --> 30/71 options! [SOLUTIONS:51]
Depth: 2 --> 30/133 options! [SOLUTIONS:16]
Depth: 4 --> 10/35 options! [SOLUTIONS:50]
Inner i, or here inside getWinRateTimeMean at here= 5
Player1: Mulligan 27,40,17
Player2: Mulligan 68
here:5
Player1: PLAYING / Player2: PLAYING - ROUND 1 - FitzVonGerald
Hero[P1]: 30 / Hero[P2]: 30

* Calculating solutions *** Player 1 ***
Depth: 4 --> 0/30 options! [SOLUTIONS:81]
- Player 2 - <RehHausZuckFuchs> ---------------------------
PlayCardTask => [RehHausZuckFuchs] play 'Thing from Below[46]'(MINION) to Pos[0]
PlayCardTask => [RehHausZuckFuchs] play 'Tunnel Trogg[42]'(MINION) to Pos[0]
MinionAttackTask => [RehHausZuckFuchs] 'Jade Golem[81]'(MINION) attack 'Vol'jin[22]'
EndTurnTask => [RehHausZuckFuchs]
here:25
Player1: PLAYING / Player2: PLAYING - ROUND 6 - FitzVonGerald
Hero[P1]: 27 / Hero[P2]: 27

* Calculating solutions *** Player 1 ***
Depth: 5 --> 0/10 options! [SOLUTIONS:60]
- Player 2 - <RehHausZuckFuchs> ---------------------------
MinionAttackTask => [RehHausZuckFuchs] 'Jade Golem[73]'(MINION) attack 'Garrosh Hellscream[4]'
HeroPowerTask => [RehHausZuckFuchs] using 'Totemic Call[7]'
MinionAttackTask => [RehHausZuckFuchs] 'Tunnel Trogg[43]'(MINION) attack 'Garrosh Hellscream[4]'
EndTurnTask => [RehHausZuckFuchs]
here:5
Player1: PLAYING / Player2: PLAYING - ROUND 4 - FitzVonGerald
Hero[P1]: 23 / Hero[P2]: 30

* Calculating solutions *** Player 1 ***
Depth: 1 --> 14/15 options! [SOLUTIONS:1]
Depth: 1 --> 11/12 options! [SOLUTIONS:1]
Depth: 4 --> 30/96 options! [SOLUTIONS:54]
Depth: 3 --> 23/53 options! [SOLUTIONS:49]
Depth: 2 --> 14/28 options! [SOLUTIONS:15]
Depth: 1 --> 0/1 options! [SOLUTIONS:1]
- Player 1 - <FitzVonGerald> ---------------------------
EndTurnTask => [FitzVonGerald]
Player1: Mulligan 17
Player2: Mulligan 71,70,68
- Player 2 - <RehHausZuckFuchs> ---------------------------
* Calculating solutions *** Player 2 ***
here:0
Player1: PLAYING / Player2: PLAYING - ROUND 1 - FitzVonGerald
Hero[P1]: 30 / Hero[P2]: 30

* Calculating solutions *** Player 1 ***
Depth: 1 --> 2/3 options! [SOLUTIONS:1]
Depth: 2 --> 30/124 options! [SOLUTIONS:24]
Depth: 3 --> 4/18 options! [SOLUTIONS:29]
Depth: 4 --> 30/128 options! [SOLUTIONS:72]
Depth: 4 --> 0/4 options! [SOLUTIONS:33]
- Player 1 - <FitzVonGerald> ---------------------------
PlayCardTask => [FitzVonGerald] play 'Hunter's Mark[16]'(SPELL) 'Thing from Below[46]'
PlayCardTask => [FitzVonGerald] play 'Sunborne Val'kyr[20]'(MINION) to Pos[0]
EndTurnTask => [FitzVonGerald]
- Player 2 - <RehHausZuckFuchs> ---------------------------
* Calculating solutions *** Player 2 ***
Depth: 3 --> 30/65 options! [SOLUTIONS:41]
Depth: 4 --> 6/29 options! [SOLUTIONS:72]
Depth: 5 --> 0/6 options! [SOLUTIONS:78]
- Player 1 - <FitzVonGerald> ---------------------------
Inner i, or here inside getWinRateTimeMean at here= 25
Player1: Mulligan 
Player2: Mulligan 68
here:25
Player1: PLAYING / Player2: PLAYING - ROUND 1 - FitzVonGerald
Hero[P1]: 30 / Hero[P2]: 30

* Calculating solutions *** Player 1 ***
PlayCardTask => [FitzVonGerald] play 'Moonglade Portal[40]'(SPELL) 'Garrosh Hellscream[4]'
HeroAttackTask => [FitzVonGerald] 'Garrosh Hellscream[4]' attacks 'Stoneclaw Totem[79]'
EndTurnTask => [FitzVonGerald]
- Player 2 - <RehHausZuckFuchs> ---------------------------
* Calculating solutions *** Player 2 ***
Depth: 1 --> 2/3 options! [SOLUTIONS:1]
Depth: 1 --> 2/3 options! [SOLUTIONS:1]
Depth: 2 --> 3/5 options! [SOLUTIONS:3]
Depth: 1 --> 1/2 options! [SOLUTIONS:1]
Depth: 2 --> 1/3 options! [SOLUTIONS:3]
Depth: 2 --> 0/1 options! [SOLUTIONS:2]
- Player 1 - <FitzVonGerald> ---------------------------
PlayCardTask => [FitzVonGerald] play 'Murloc Tinyfin[12]'(MINION) to Pos[0]
EndTurnTask => [FitzVonGerald]
- Player 2 - <RehHausZuckFuchs> ---------------------------
* Calculating solutions *** Player 2 ***
